[04-Apr-2022 18:31:49 UTC] PHP Fatal error:  Uncaught Framework\router\exceptions\RouterActionNotFound in /Users/reinierdelaparra/PhpstormProjects/shop/src/Framework/router/Router.php:55
Stack trace:
#0 /Users/reinierdelaparra/PhpstormProjects/shop/src/Framework/Core/Application.php(15): Framework\Router\Router->resolve(Object(Framework\router\HttpRequest))
#1 /Users/reinierdelaparra/PhpstormProjects/shop/public/index.php(7): Framework\Core\Application->repsonse()
#2 {main}
  thrown in /Users/reinierdelaparra/PhpstormProjects/shop/src/Framework/router/Router.php on line 55
[04-Apr-2022 18:39:51 UTC] PHP Fatal error:  Uncaught Framework\router\exceptions\RouterActionNotFound in /Users/reinierdelaparra/PhpstormProjects/shop/src/Framework/router/Router.php:55
Stack trace:
#0 /Users/reinierdelaparra/PhpstormProjects/shop/src/Framework/Core/Application.php(15): Framework\Router\Router->resolve(Object(Framework\router\HttpRequest))
#1 /Users/reinierdelaparra/PhpstormProjects/shop/public/index.php(7): Framework\Core\Application->repsonse()
#2 {main}
  thrown in /Users/reinierdelaparra/PhpstormProjects/shop/src/Framework/router/Router.php on line 55
[04-Apr-2022 18:40:08 UTC] PHP Fatal error:  Uncaught Framework\router\exceptions\RouterActionNotFound in /Users/reinierdelaparra/PhpstormProjects/shop/src/Framework/router/Router.php:55
Stack trace:
#0 /Users/reinierdelaparra/PhpstormProjects/shop/src/Framework/Core/Application.php(15): Framework\Router\Router->resolve(Object(Framework\router\HttpRequest))
#1 /Users/reinierdelaparra/PhpstormProjects/shop/public/index.php(7): Framework\Core\Application->repsonse()
#2 {main}
  thrown in /Users/reinierdelaparra/PhpstormProjects/shop/src/Framework/router/Router.php on line 55
[04-Apr-2022 18:41:53 UTC] PHP Fatal error:  Uncaught Framework\router\exceptions\RouterActionNotFound in /Users/reinierdelaparra/PhpstormProjects/shop/src/Framework/router/Router.php:59
Stack trace:
#0 /Users/reinierdelaparra/PhpstormProjects/shop/src/Framework/Core/Application.php(15): Framework\Router\Router->resolve(Object(Framework\router\HttpRequest))
#1 /Users/reinierdelaparra/PhpstormProjects/shop/public/index.php(7): Framework\Core\Application->repsonse()
#2 {main}
  thrown in /Users/reinierdelaparra/PhpstormProjects/shop/src/Framework/router/Router.php on line 59
[04-Apr-2022 18:41:54 UTC] PHP Fatal error:  Uncaught Framework\router\exceptions\RouterActionNotFound in /Users/reinierdelaparra/PhpstormProjects/shop/src/Framework/router/Router.php:59
Stack trace:
#0 /Users/reinierdelaparra/PhpstormProjects/shop/src/Framework/Core/Application.php(15): Framework\Router\Router->resolve(Object(Framework\router\HttpRequest))
#1 /Users/reinierdelaparra/PhpstormProjects/shop/public/index.php(7): Framework\Core\Application->repsonse()
#2 {main}
  thrown in /Users/reinierdelaparra/PhpstormProjects/shop/src/Framework/router/Router.php on line 59
[04-Apr-2022 18:41:55 UTC] PHP Fatal error:  Uncaught Framework\router\exceptions\RouterActionNotFound in /Users/reinierdelaparra/PhpstormProjects/shop/src/Framework/router/Router.php:59
Stack trace:
#0 /Users/reinierdelaparra/PhpstormProjects/shop/src/Framework/Core/Application.php(15): Framework\Router\Router->resolve(Object(Framework\router\HttpRequest))
#1 /Users/reinierdelaparra/PhpstormProjects/shop/public/index.php(7): Framework\Core\Application->repsonse()
#2 {main}
  thrown in /Users/reinierdelaparra/PhpstormProjects/shop/src/Framework/router/Router.php on line 59
[04-Apr-2022 18:42:09 UTC] PHP Fatal error:  Uncaught Framework\router\exceptions\RouterActionNotFound in /Users/reinierdelaparra/PhpstormProjects/shop/src/Framework/router/Router.php:59
Stack trace:
#0 /Users/reinierdelaparra/PhpstormProjects/shop/src/Framework/Core/Application.php(15): Framework\Router\Router->resolve(Object(Framework\router\HttpRequest))
#1 /Users/reinierdelaparra/PhpstormProjects/shop/public/index.php(7): Framework\Core\Application->repsonse()
#2 {main}
  thrown in /Users/reinierdelaparra/PhpstormProjects/shop/src/Framework/router/Router.php on line 59
[04-Apr-2022 18:42:14 UTC] PHP Fatal error:  Uncaught Framework\router\exceptions\RouterActionNotFound in /Users/reinierdelaparra/PhpstormProjects/shop/src/Framework/router/Router.php:59
Stack trace:
#0 /Users/reinierdelaparra/PhpstormProjects/shop/src/Framework/Core/Application.php(15): Framework\Router\Router->resolve(Object(Framework\router\HttpRequest))
#1 /Users/reinierdelaparra/PhpstormProjects/shop/public/index.php(7): Framework\Core\Application->repsonse()
#2 {main}
  thrown in /Users/reinierdelaparra/PhpstormProjects/shop/src/Framework/router/Router.php on line 59
[04-Apr-2022 18:42:19 UTC] PHP Fatal error:  Uncaught Framework\router\exceptions\RouterActionNotFound in /Users/reinierdelaparra/PhpstormProjects/shop/src/Framework/router/Router.php:59
Stack trace:
#0 /Users/reinierdelaparra/PhpstormProjects/shop/src/Framework/Core/Application.php(15): Framework\Router\Router->resolve(Object(Framework\router\HttpRequest))
#1 /Users/reinierdelaparra/PhpstormProjects/shop/public/index.php(7): Framework\Core\Application->repsonse()
#2 {main}
  thrown in /Users/reinierdelaparra/PhpstormProjects/shop/src/Framework/router/Router.php on line 59
[04-Apr-2022 18:42:20 UTC] PHP Fatal error:  Uncaught Framework\router\exceptions\RouterActionNotFound in /Users/reinierdelaparra/PhpstormProjects/shop/src/Framework/router/Router.php:59
Stack trace:
#0 /Users/reinierdelaparra/PhpstormProjects/shop/src/Framework/Core/Application.php(15): Framework\Router\Router->resolve(Object(Framework\router\HttpRequest))
#1 /Users/reinierdelaparra/PhpstormProjects/shop/public/index.php(7): Framework\Core\Application->repsonse()
#2 {main}
  thrown in /Users/reinierdelaparra/PhpstormProjects/shop/src/Framework/router/Router.php on line 59
[04-Apr-2022 18:42:53 UTC] PHP Fatal error:  Uncaught Framework\router\exceptions\ViewFileNotFoundException in /Users/reinierdelaparra/PhpstormProjects/shop/src/Framework/view/View.php:26
Stack trace:
#0 /Users/reinierdelaparra/PhpstormProjects/shop/app/Http/Controller/CoinController.php(15): Framework\view\View->resolve('Market/Index')
#1 [internal function]: App\Http\Controller\CoinController->index(Object(Framework\router\HttpRequest))
#2 /Users/reinierdelaparra/PhpstormProjects/shop/src/Framework/router/Router.php(56): call_user_func_array(Array, Array)
#3 /Users/reinierdelaparra/PhpstormProjects/shop/src/Framework/Core/Application.php(15): Framework\Router\Router->resolve(Object(Framework\router\HttpRequest))
#4 /Users/reinierdelaparra/PhpstormProjects/shop/public/index.php(7): Framework\Core\Application->repsonse()
#5 {main}
  thrown in /Users/reinierdelaparra/PhpstormProjects/shop/src/Framework/view/View.php on line 26
[04-Apr-2022 18:42:56 UTC] PHP Fatal error:  Uncaught Framework\router\exceptions\ViewFileNotFoundException in /Users/reinierdelaparra/PhpstormProjects/shop/src/Framework/view/View.php:26
Stack trace:
#0 /Users/reinierdelaparra/PhpstormProjects/shop/app/Http/Controller/CoinController.php(15): Framework\view\View->resolve('Market/Index')
#1 [internal function]: App\Http\Controller\CoinController->index(Object(Framework\router\HttpRequest))
#2 /Users/reinierdelaparra/PhpstormProjects/shop/src/Framework/router/Router.php(56): call_user_func_array(Array, Array)
#3 /Users/reinierdelaparra/PhpstormProjects/shop/src/Framework/Core/Application.php(15): Framework\Router\Router->resolve(Object(Framework\router\HttpRequest))
#4 /Users/reinierdelaparra/PhpstormProjects/shop/public/index.php(7): Framework\Core\Application->repsonse()
#5 {main}
  thrown in /Users/reinierdelaparra/PhpstormProjects/shop/src/Framework/view/View.php on line 26
[04-Apr-2022 18:45:33 UTC] PHP Fatal error:  Uncaught Framework\router\exceptions\ViewFileNotFoundException in /Users/reinierdelaparra/PhpstormProjects/shop/src/Framework/view/View.php:27
Stack trace:
#0 /Users/reinierdelaparra/PhpstormProjects/shop/app/Http/Controller/CoinController.php(15): Framework\view\View->resolve('Coin/Index')
#1 [internal function]: App\Http\Controller\CoinController->index(Object(Framework\router\HttpRequest))
#2 /Users/reinierdelaparra/PhpstormProjects/shop/src/Framework/router/Router.php(56): call_user_func_array(Array, Array)
#3 /Users/reinierdelaparra/PhpstormProjects/shop/src/Framework/Core/Application.php(15): Framework\Router\Router->resolve(Object(Framework\router\HttpRequest))
#4 /Users/reinierdelaparra/PhpstormProjects/shop/public/index.php(7): Framework\Core\Application->repsonse()
#5 {main}
  thrown in /Users/reinierdelaparra/PhpstormProjects/shop/src/Framework/view/View.php on line 27
[04-Apr-2022 18:45:34 UTC] PHP Fatal error:  Uncaught Framework\router\exceptions\ViewFileNotFoundException in /Users/reinierdelaparra/PhpstormProjects/shop/src/Framework/view/View.php:27
Stack trace:
#0 /Users/reinierdelaparra/PhpstormProjects/shop/app/Http/Controller/CoinController.php(15): Framework\view\View->resolve('Coin/Index')
#1 [internal function]: App\Http\Controller\CoinController->index(Object(Framework\router\HttpRequest))
#2 /Users/reinierdelaparra/PhpstormProjects/shop/src/Framework/router/Router.php(56): call_user_func_array(Array, Array)
#3 /Users/reinierdelaparra/PhpstormProjects/shop/src/Framework/Core/Application.php(15): Framework\Router\Router->resolve(Object(Framework\router\HttpRequest))
#4 /Users/reinierdelaparra/PhpstormProjects/shop/public/index.php(7): Framework\Core\Application->repsonse()
#5 {main}
  thrown in /Users/reinierdelaparra/PhpstormProjects/shop/src/Framework/view/View.php on line 27
[04-Apr-2022 18:48:39 UTC] PHP Fatal error:  Uncaught Framework\router\exceptions\RouterActionNotFound in /Users/reinierdelaparra/PhpstormProjects/shop/src/Framework/router/Router.php:59
Stack trace:
#0 /Users/reinierdelaparra/PhpstormProjects/shop/src/Framework/Core/Application.php(15): Framework\Router\Router->resolve(Object(Framework\router\HttpRequest))
#1 /Users/reinierdelaparra/PhpstormProjects/shop/public/index.php(7): Framework\Core\Application->repsonse()
#2 {main}
  thrown in /Users/reinierdelaparra/PhpstormProjects/shop/src/Framework/router/Router.php on line 59
[04-Apr-2022 18:48:45 UTC] PHP Fatal error:  Uncaught Framework\router\exceptions\RouterActionNotFound in /Users/reinierdelaparra/PhpstormProjects/shop/src/Framework/router/Router.php:59
Stack trace:
#0 /Users/reinierdelaparra/PhpstormProjects/shop/src/Framework/Core/Application.php(15): Framework\Router\Router->resolve(Object(Framework\router\HttpRequest))
#1 /Users/reinierdelaparra/PhpstormProjects/shop/public/index.php(7): Framework\Core\Application->repsonse()
#2 {main}
  thrown in /Users/reinierdelaparra/PhpstormProjects/shop/src/Framework/router/Router.php on line 59
[04-Apr-2022 18:49:00 UTC] PHP Fatal error:  Uncaught Framework\router\exceptions\RouterActionNotFound in /Users/reinierdelaparra/PhpstormProjects/shop/src/Framework/router/Router.php:59
Stack trace:
#0 /Users/reinierdelaparra/PhpstormProjects/shop/src/Framework/Core/Application.php(15): Framework\Router\Router->resolve(Object(Framework\router\HttpRequest))
#1 /Users/reinierdelaparra/PhpstormProjects/shop/public/index.php(7): Framework\Core\Application->repsonse()
#2 {main}
  thrown in /Users/reinierdelaparra/PhpstormProjects/shop/src/Framework/router/Router.php on line 59
[04-Apr-2022 18:49:16 UTC] PHP Fatal error:  Uncaught Framework\router\exceptions\RouterActionNotFound in /Users/reinierdelaparra/PhpstormProjects/shop/src/Framework/router/Router.php:59
Stack trace:
#0 /Users/reinierdelaparra/PhpstormProjects/shop/src/Framework/Core/Application.php(15): Framework\Router\Router->resolve(Object(Framework\router\HttpRequest))
#1 /Users/reinierdelaparra/PhpstormProjects/shop/public/index.php(7): Framework\Core\Application->repsonse()
#2 {main}
  thrown in /Users/reinierdelaparra/PhpstormProjects/shop/src/Framework/router/Router.php on line 59
[04-Apr-2022 18:49:17 UTC] PHP Fatal error:  Uncaught Framework\router\exceptions\RouterActionNotFound in /Users/reinierdelaparra/PhpstormProjects/shop/src/Framework/router/Router.php:59
Stack trace:
#0 /Users/reinierdelaparra/PhpstormProjects/shop/src/Framework/Core/Application.php(15): Framework\Router\Router->resolve(Object(Framework\router\HttpRequest))
#1 /Users/reinierdelaparra/PhpstormProjects/shop/public/index.php(7): Framework\Core\Application->repsonse()
#2 {main}
  thrown in /Users/reinierdelaparra/PhpstormProjects/shop/src/Framework/router/Router.php on line 59
[04-Apr-2022 18:49:22 UTC] PHP Fatal error:  Uncaught Framework\router\exceptions\RouterActionNotFound in /Users/reinierdelaparra/PhpstormProjects/shop/src/Framework/router/Router.php:59
Stack trace:
#0 /Users/reinierdelaparra/PhpstormProjects/shop/src/Framework/Core/Application.php(15): Framework\Router\Router->resolve(Object(Framework\router\HttpRequest))
#1 /Users/reinierdelaparra/PhpstormProjects/shop/public/index.php(7): Framework\Core\Application->repsonse()
#2 {main}
  thrown in /Users/reinierdelaparra/PhpstormProjects/shop/src/Framework/router/Router.php on line 59
[04-Apr-2022 18:49:29 UTC] PHP Fatal error:  Uncaught Framework\router\exceptions\RouterActionNotFound in /Users/reinierdelaparra/PhpstormProjects/shop/src/Framework/router/Router.php:59
Stack trace:
#0 /Users/reinierdelaparra/PhpstormProjects/shop/src/Framework/Core/Application.php(15): Framework\Router\Router->resolve(Object(Framework\router\HttpRequest))
#1 /Users/reinierdelaparra/PhpstormProjects/shop/public/index.php(7): Framework\Core\Application->repsonse()
#2 {main}
  thrown in /Users/reinierdelaparra/PhpstormProjects/shop/src/Framework/router/Router.php on line 59
[04-Apr-2022 18:49:31 UTC] PHP Fatal error:  Uncaught Framework\router\exceptions\RouterActionNotFound in /Users/reinierdelaparra/PhpstormProjects/shop/src/Framework/router/Router.php:59
Stack trace:
#0 /Users/reinierdelaparra/PhpstormProjects/shop/src/Framework/Core/Application.php(15): Framework\Router\Router->resolve(Object(Framework\router\HttpRequest))
#1 /Users/reinierdelaparra/PhpstormProjects/shop/public/index.php(7): Framework\Core\Application->repsonse()
#2 {main}
  thrown in /Users/reinierdelaparra/PhpstormProjects/shop/src/Framework/router/Router.php on line 59
[04-Apr-2022 18:49:32 UTC] PHP Fatal error:  Uncaught Framework\router\exceptions\RouterActionNotFound in /Users/reinierdelaparra/PhpstormProjects/shop/src/Framework/router/Router.php:59
Stack trace:
#0 /Users/reinierdelaparra/PhpstormProjects/shop/src/Framework/Core/Application.php(15): Framework\Router\Router->resolve(Object(Framework\router\HttpRequest))
#1 /Users/reinierdelaparra/PhpstormProjects/shop/public/index.php(7): Framework\Core\Application->repsonse()
#2 {main}
  thrown in /Users/reinierdelaparra/PhpstormProjects/shop/src/Framework/router/Router.php on line 59
[04-Apr-2022 18:49:46 UTC] PHP Fatal error:  Uncaught Framework\router\exceptions\RouterActionNotFound in /Users/reinierdelaparra/PhpstormProjects/shop/src/Framework/router/Router.php:59
Stack trace:
#0 /Users/reinierdelaparra/PhpstormProjects/shop/src/Framework/Core/Application.php(15): Framework\Router\Router->resolve(Object(Framework\router\HttpRequest))
#1 /Users/reinierdelaparra/PhpstormProjects/shop/public/index.php(7): Framework\Core\Application->repsonse()
#2 {main}
  thrown in /Users/reinierdelaparra/PhpstormProjects/shop/src/Framework/router/Router.php on line 59
[04-Apr-2022 18:49:51 UTC] PHP Fatal error:  Uncaught Framework\router\exceptions\RouterActionNotFound in /Users/reinierdelaparra/PhpstormProjects/shop/src/Framework/router/Router.php:59
Stack trace:
#0 /Users/reinierdelaparra/PhpstormProjects/shop/src/Framework/Core/Application.php(15): Framework\Router\Router->resolve(Object(Framework\router\HttpRequest))
#1 /Users/reinierdelaparra/PhpstormProjects/shop/public/index.php(7): Framework\Core\Application->repsonse()
#2 {main}
  thrown in /Users/reinierdelaparra/PhpstormProjects/shop/src/Framework/router/Router.php on line 59
[04-Apr-2022 19:06:39 UTC] PHP Fatal error:  Uncaught Exception: Error creating a database connection  in /Users/reinierdelaparra/PhpstormProjects/shop/src/Framework/database/MysqlConnection.php:17
Stack trace:
#0 /Users/reinierdelaparra/PhpstormProjects/shop/src/Framework/database/Entity.php(8): Framework\database\MysqlConnection->__construct()
#1 /Users/reinierdelaparra/PhpstormProjects/shop/app/Http/Controller/CoinController.php(14): Framework\database\Entity->__construct()
#2 [internal function]: App\Http\Controller\CoinController->index(Object(Framework\router\HttpRequest))
#3 /Users/reinierdelaparra/PhpstormProjects/shop/src/Framework/router/Router.php(57): call_user_func_array(Array, Array)
#4 /Users/reinierdelaparra/PhpstormProjects/shop/src/Framework/Core/Application.php(15): Framework\Router\Router->resolve(Object(Framework\router\HttpRequest))
#5 /Users/reinierdelaparra/PhpstormProjects/shop/public/index.php(7): Framework\Core\Application->repsonse()
#6 {main}
  thrown in /Users/reinierdelaparra/PhpstormProjects/shop/src/Framework/database/MysqlConnection.php on line 17
[04-Apr-2022 19:06:39 UTC] PHP Fatal error:  Uncaught Framework\router\exceptions\RouterActionNotFound in /Users/reinierdelaparra/PhpstormProjects/shop/src/Framework/router/Router.php:60
Stack trace:
#0 /Users/reinierdelaparra/PhpstormProjects/shop/src/Framework/Core/Application.php(15): Framework\Router\Router->resolve(Object(Framework\router\HttpRequest))
#1 /Users/reinierdelaparra/PhpstormProjects/shop/public/index.php(7): Framework\Core\Application->repsonse()
#2 {main}
  thrown in /Users/reinierdelaparra/PhpstormProjects/shop/src/Framework/router/Router.php on line 60
[04-Apr-2022 19:06:40 UTC] PHP Fatal error:  Uncaught Exception: Error creating a database connection  in /Users/reinierdelaparra/PhpstormProjects/shop/src/Framework/database/MysqlConnection.php:17
Stack trace:
#0 /Users/reinierdelaparra/PhpstormProjects/shop/src/Framework/database/Entity.php(8): Framework\database\MysqlConnection->__construct()
#1 /Users/reinierdelaparra/PhpstormProjects/shop/app/Http/Controller/CoinController.php(14): Framework\database\Entity->__construct()
#2 [internal function]: App\Http\Controller\CoinController->index(Object(Framework\router\HttpRequest))
#3 /Users/reinierdelaparra/PhpstormProjects/shop/src/Framework/router/Router.php(57): call_user_func_array(Array, Array)
#4 /Users/reinierdelaparra/PhpstormProjects/shop/src/Framework/Core/Application.php(15): Framework\Router\Router->resolve(Object(Framework\router\HttpRequest))
#5 /Users/reinierdelaparra/PhpstormProjects/shop/public/index.php(7): Framework\Core\Application->repsonse()
#6 {main}
  thrown in /Users/reinierdelaparra/PhpstormProjects/shop/src/Framework/database/MysqlConnection.php on line 17
[04-Apr-2022 19:07:10 UTC] PHP Warning:  Undefined variable $coin in /Users/reinierdelaparra/PhpstormProjects/shop/src/Framework/database/Entity.php on line 92
[04-Apr-2022 19:07:10 UTC] PHP Fatal error:  Uncaught PDOException: SQLSTATE[42000]: Syntax error or access violation: 1064 You have an error in your SQL syntax; check the manual that corresponds to your MariaDB server version for the right syntax to use near '' at line 1 in /Users/reinierdelaparra/PhpstormProjects/shop/src/Framework/database/Entity.php:93
Stack trace:
#0 /Users/reinierdelaparra/PhpstormProjects/shop/src/Framework/database/Entity.php(93): PDOStatement->execute()
#1 /Users/reinierdelaparra/PhpstormProjects/shop/app/Http/Controller/CoinController.php(14): Framework\database\Entity->findAll()
#2 [internal function]: App\Http\Controller\CoinController->index(Object(Framework\router\HttpRequest))
#3 /Users/reinierdelaparra/PhpstormProjects/shop/src/Framework/router/Router.php(57): call_user_func_array(Array, Array)
#4 /Users/reinierdelaparra/PhpstormProjects/shop/src/Framework/Core/Application.php(15): Framework\Router\Router->resolve(Object(Framework\router\HttpRequest))
#5 /Users/reinierdelaparra/PhpstormProjects/shop/public/index.php(7): Framework\Core\Application->repsonse()
#6 {main}
  thrown in /Users/reinierdelaparra/PhpstormProjects/shop/src/Framework/database/Entity.php on line 93
[04-Apr-2022 19:08:09 UTC] PHP Fatal error:  Uncaught Error: Call to undefined method PDOStatement::bind_param() in /Users/reinierdelaparra/PhpstormProjects/shop/src/Framework/database/Entity.php:93
Stack trace:
#0 /Users/reinierdelaparra/PhpstormProjects/shop/app/Http/Controller/CoinController.php(14): Framework\database\Entity->findAll()
#1 [internal function]: App\Http\Controller\CoinController->index(Object(Framework\router\HttpRequest))
#2 /Users/reinierdelaparra/PhpstormProjects/shop/src/Framework/router/Router.php(57): call_user_func_array(Array, Array)
#3 /Users/reinierdelaparra/PhpstormProjects/shop/src/Framework/Core/Application.php(15): Framework\Router\Router->resolve(Object(Framework\router\HttpRequest))
#4 /Users/reinierdelaparra/PhpstormProjects/shop/public/index.php(7): Framework\Core\Application->repsonse()
#5 {main}
  thrown in /Users/reinierdelaparra/PhpstormProjects/shop/src/Framework/database/Entity.php on line 93
[04-Apr-2022 19:09:19 UTC] PHP Fatal error:  Uncaught PDOException: SQLSTATE[HY093]: Invalid parameter number: parameter was not defined in /Users/reinierdelaparra/PhpstormProjects/shop/src/Framework/database/Entity.php:94
Stack trace:
#0 /Users/reinierdelaparra/PhpstormProjects/shop/src/Framework/database/Entity.php(94): PDOStatement->execute()
#1 /Users/reinierdelaparra/PhpstormProjects/shop/app/Http/Controller/CoinController.php(14): Framework\database\Entity->findAll()
#2 [internal function]: App\Http\Controller\CoinController->index(Object(Framework\router\HttpRequest))
#3 /Users/reinierdelaparra/PhpstormProjects/shop/src/Framework/router/Router.php(57): call_user_func_array(Array, Array)
#4 /Users/reinierdelaparra/PhpstormProjects/shop/src/Framework/Core/Application.php(15): Framework\Router\Router->resolve(Object(Framework\router\HttpRequest))
#5 /Users/reinierdelaparra/PhpstormProjects/shop/public/index.php(7): Framework\Core\Application->repsonse()
#6 {main}
  thrown in /Users/reinierdelaparra/PhpstormProjects/shop/src/Framework/database/Entity.php on line 94
[04-Apr-2022 19:09:35 UTC] PHP Fatal error:  Uncaught PDOException: SQLSTATE[HY093]: Invalid parameter number: parameter was not defined in /Users/reinierdelaparra/PhpstormProjects/shop/src/Framework/database/Entity.php:94
Stack trace:
#0 /Users/reinierdelaparra/PhpstormProjects/shop/src/Framework/database/Entity.php(94): PDOStatement->execute()
#1 /Users/reinierdelaparra/PhpstormProjects/shop/app/Http/Controller/CoinController.php(14): Framework\database\Entity->findAll()
#2 [internal function]: App\Http\Controller\CoinController->index(Object(Framework\router\HttpRequest))
#3 /Users/reinierdelaparra/PhpstormProjects/shop/src/Framework/router/Router.php(57): call_user_func_array(Array, Array)
#4 /Users/reinierdelaparra/PhpstormProjects/shop/src/Framework/Core/Application.php(15): Framework\Router\Router->resolve(Object(Framework\router\HttpRequest))
#5 /Users/reinierdelaparra/PhpstormProjects/shop/public/index.php(7): Framework\Core\Application->repsonse()
#6 {main}
  thrown in /Users/reinierdelaparra/PhpstormProjects/shop/src/Framework/database/Entity.php on line 94
[04-Apr-2022 19:12:25 UTC] PHP Fatal error:  Uncaught PDOException: SQLSTATE[42000]: Syntax error or access violation: 1064 You have an error in your SQL syntax; check the manual that corresponds to your MariaDB server version for the right syntax to use near ''coin'' at line 1 in /Users/reinierdelaparra/PhpstormProjects/shop/src/Framework/database/Entity.php:96
Stack trace:
#0 /Users/reinierdelaparra/PhpstormProjects/shop/src/Framework/database/Entity.php(96): PDOStatement->execute()
#1 /Users/reinierdelaparra/PhpstormProjects/shop/app/Http/Controller/CoinController.php(14): Framework\database\Entity->findAll()
#2 [internal function]: App\Http\Controller\CoinController->index(Object(Framework\router\HttpRequest))
#3 /Users/reinierdelaparra/PhpstormProjects/shop/src/Framework/router/Router.php(57): call_user_func_array(Array, Array)
#4 /Users/reinierdelaparra/PhpstormProjects/shop/src/Framework/Core/Application.php(15): Framework\Router\Router->resolve(Object(Framework\router\HttpRequest))
#5 /Users/reinierdelaparra/PhpstormProjects/shop/public/index.php(7): Framework\Core\Application->repsonse()
#6 {main}
  thrown in /Users/reinierdelaparra/PhpstormProjects/shop/src/Framework/database/Entity.php on line 96
[04-Apr-2022 19:12:57 UTC] PHP Fatal error:  Uncaught PDOException: SQLSTATE[42000]: Syntax error or access violation: 1064 You have an error in your SQL syntax; check the manual that corresponds to your MariaDB server version for the right syntax to use near ''coin' whare 1' at line 1 in /Users/reinierdelaparra/PhpstormProjects/shop/src/Framework/database/Entity.php:96
Stack trace:
#0 /Users/reinierdelaparra/PhpstormProjects/shop/src/Framework/database/Entity.php(96): PDOStatement->execute()
#1 /Users/reinierdelaparra/PhpstormProjects/shop/app/Http/Controller/CoinController.php(14): Framework\database\Entity->findAll()
#2 [internal function]: App\Http\Controller\CoinController->index(Object(Framework\router\HttpRequest))
#3 /Users/reinierdelaparra/PhpstormProjects/shop/src/Framework/router/Router.php(57): call_user_func_array(Array, Array)
#4 /Users/reinierdelaparra/PhpstormProjects/shop/src/Framework/Core/Application.php(15): Framework\Router\Router->resolve(Object(Framework\router\HttpRequest))
#5 /Users/reinierdelaparra/PhpstormProjects/shop/public/index.php(7): Framework\Core\Application->repsonse()
#6 {main}
  thrown in /Users/reinierdelaparra/PhpstormProjects/shop/src/Framework/database/Entity.php on line 96
[04-Apr-2022 19:13:17 UTC] PHP Fatal error:  Uncaught PDOException: SQLSTATE[HY093]: Invalid parameter number: number of bound variables does not match number of tokens in /Users/reinierdelaparra/PhpstormProjects/shop/src/Framework/database/Entity.php:96
Stack trace:
#0 /Users/reinierdelaparra/PhpstormProjects/shop/src/Framework/database/Entity.php(96): PDOStatement->execute()
#1 /Users/reinierdelaparra/PhpstormProjects/shop/app/Http/Controller/CoinController.php(14): Framework\database\Entity->findAll()
#2 [internal function]: App\Http\Controller\CoinController->index(Object(Framework\router\HttpRequest))
#3 /Users/reinierdelaparra/PhpstormProjects/shop/src/Framework/router/Router.php(57): call_user_func_array(Array, Array)
#4 /Users/reinierdelaparra/PhpstormProjects/shop/src/Framework/Core/Application.php(15): Framework\Router\Router->resolve(Object(Framework\router\HttpRequest))
#5 /Users/reinierdelaparra/PhpstormProjects/shop/public/index.php(7): Framework\Core\Application->repsonse()
#6 {main}
  thrown in /Users/reinierdelaparra/PhpstormProjects/shop/src/Framework/database/Entity.php on line 96
[04-Apr-2022 19:13:26 UTC] PHP Fatal error:  Uncaught PDOException: SQLSTATE[42000]: Syntax error or access violation: 1064 You have an error in your SQL syntax; check the manual that corresponds to your MariaDB server version for the right syntax to use near ''coin'' at line 1 in /Users/reinierdelaparra/PhpstormProjects/shop/src/Framework/database/Entity.php:96
Stack trace:
#0 /Users/reinierdelaparra/PhpstormProjects/shop/src/Framework/database/Entity.php(96): PDOStatement->execute()
#1 /Users/reinierdelaparra/PhpstormProjects/shop/app/Http/Controller/CoinController.php(14): Framework\database\Entity->findAll()
#2 [internal function]: App\Http\Controller\CoinController->index(Object(Framework\router\HttpRequest))
#3 /Users/reinierdelaparra/PhpstormProjects/shop/src/Framework/router/Router.php(57): call_user_func_array(Array, Array)
#4 /Users/reinierdelaparra/PhpstormProjects/shop/src/Framework/Core/Application.php(15): Framework\Router\Router->resolve(Object(Framework\router\HttpRequest))
#5 /Users/reinierdelaparra/PhpstormProjects/shop/public/index.php(7): Framework\Core\Application->repsonse()
#6 {main}
  thrown in /Users/reinierdelaparra/PhpstormProjects/shop/src/Framework/database/Entity.php on line 96
[04-Apr-2022 19:13:47 UTC] PHP Fatal error:  Uncaught PDOException: SQLSTATE[42000]: Syntax error or access violation: 1064 You have an error in your SQL syntax; check the manual that corresponds to your MariaDB server version for the right syntax to use near ''coin'' at line 1 in /Users/reinierdelaparra/PhpstormProjects/shop/src/Framework/database/Entity.php:96
Stack trace:
#0 /Users/reinierdelaparra/PhpstormProjects/shop/src/Framework/database/Entity.php(96): PDOStatement->execute()
#1 /Users/reinierdelaparra/PhpstormProjects/shop/app/Http/Controller/CoinController.php(14): Framework\database\Entity->findAll()
#2 [internal function]: App\Http\Controller\CoinController->index(Object(Framework\router\HttpRequest))
#3 /Users/reinierdelaparra/PhpstormProjects/shop/src/Framework/router/Router.php(57): call_user_func_array(Array, Array)
#4 /Users/reinierdelaparra/PhpstormProjects/shop/src/Framework/Core/Application.php(15): Framework\Router\Router->resolve(Object(Framework\router\HttpRequest))
#5 /Users/reinierdelaparra/PhpstormProjects/shop/public/index.php(7): Framework\Core\Application->repsonse()
#6 {main}
  thrown in /Users/reinierdelaparra/PhpstormProjects/shop/src/Framework/database/Entity.php on line 96
[04-Apr-2022 19:14:18 UTC] PHP Fatal error:  Uncaught PDOException: SQLSTATE[42000]: Syntax error or access violation: 1064 You have an error in your SQL syntax; check the manual that corresponds to your MariaDB server version for the right syntax to use near ''coin'' at line 1 in /Users/reinierdelaparra/PhpstormProjects/shop/src/Framework/database/Entity.php:96
Stack trace:
#0 /Users/reinierdelaparra/PhpstormProjects/shop/src/Framework/database/Entity.php(96): PDOStatement->execute()
#1 /Users/reinierdelaparra/PhpstormProjects/shop/app/Http/Controller/CoinController.php(14): Framework\database\Entity->findAll()
#2 [internal function]: App\Http\Controller\CoinController->index(Object(Framework\router\HttpRequest))
#3 /Users/reinierdelaparra/PhpstormProjects/shop/src/Framework/router/Router.php(57): call_user_func_array(Array, Array)
#4 /Users/reinierdelaparra/PhpstormProjects/shop/src/Framework/Core/Application.php(15): Framework\Router\Router->resolve(Object(Framework\router\HttpRequest))
#5 /Users/reinierdelaparra/PhpstormProjects/shop/public/index.php(7): Framework\Core\Application->repsonse()
#6 {main}
  thrown in /Users/reinierdelaparra/PhpstormProjects/shop/src/Framework/database/Entity.php on line 96
[04-Apr-2022 19:14:20 UTC] PHP Fatal error:  Uncaught PDOException: SQLSTATE[42000]: Syntax error or access violation: 1064 You have an error in your SQL syntax; check the manual that corresponds to your MariaDB server version for the right syntax to use near ''coin'' at line 1 in /Users/reinierdelaparra/PhpstormProjects/shop/src/Framework/database/Entity.php:96
Stack trace:
#0 /Users/reinierdelaparra/PhpstormProjects/shop/src/Framework/database/Entity.php(96): PDOStatement->execute()
#1 /Users/reinierdelaparra/PhpstormProjects/shop/app/Http/Controller/CoinController.php(14): Framework\database\Entity->findAll()
#2 [internal function]: App\Http\Controller\CoinController->index(Object(Framework\router\HttpRequest))
#3 /Users/reinierdelaparra/PhpstormProjects/shop/src/Framework/router/Router.php(57): call_user_func_array(Array, Array)
#4 /Users/reinierdelaparra/PhpstormProjects/shop/src/Framework/Core/Application.php(15): Framework\Router\Router->resolve(Object(Framework\router\HttpRequest))
#5 /Users/reinierdelaparra/PhpstormProjects/shop/public/index.php(7): Framework\Core\Application->repsonse()
#6 {main}
  thrown in /Users/reinierdelaparra/PhpstormProjects/shop/src/Framework/database/Entity.php on line 96
[04-Apr-2022 19:14:22 UTC] PHP Fatal error:  Uncaught PDOException: SQLSTATE[42000]: Syntax error or access violation: 1064 You have an error in your SQL syntax; check the manual that corresponds to your MariaDB server version for the right syntax to use near ''coin'' at line 1 in /Users/reinierdelaparra/PhpstormProjects/shop/src/Framework/database/Entity.php:96
Stack trace:
#0 /Users/reinierdelaparra/PhpstormProjects/shop/src/Framework/database/Entity.php(96): PDOStatement->execute()
#1 /Users/reinierdelaparra/PhpstormProjects/shop/app/Http/Controller/CoinController.php(14): Framework\database\Entity->findAll()
#2 [internal function]: App\Http\Controller\CoinController->index(Object(Framework\router\HttpRequest))
#3 /Users/reinierdelaparra/PhpstormProjects/shop/src/Framework/router/Router.php(57): call_user_func_array(Array, Array)
#4 /Users/reinierdelaparra/PhpstormProjects/shop/src/Framework/Core/Application.php(15): Framework\Router\Router->resolve(Object(Framework\router\HttpRequest))
#5 /Users/reinierdelaparra/PhpstormProjects/shop/public/index.php(7): Framework\Core\Application->repsonse()
#6 {main}
  thrown in /Users/reinierdelaparra/PhpstormProjects/shop/src/Framework/database/Entity.php on line 96
[04-Apr-2022 19:14:28 UTC] PHP Fatal error:  Uncaught PDOException: SQLSTATE[42000]: Syntax error or access violation: 1064 You have an error in your SQL syntax; check the manual that corresponds to your MariaDB server version for the right syntax to use near ''coin'' at line 1 in /Users/reinierdelaparra/PhpstormProjects/shop/src/Framework/database/Entity.php:96
Stack trace:
#0 /Users/reinierdelaparra/PhpstormProjects/shop/src/Framework/database/Entity.php(96): PDOStatement->execute()
#1 /Users/reinierdelaparra/PhpstormProjects/shop/app/Http/Controller/CoinController.php(14): Framework\database\Entity->findAll()
#2 [internal function]: App\Http\Controller\CoinController->index(Object(Framework\router\HttpRequest))
#3 /Users/reinierdelaparra/PhpstormProjects/shop/src/Framework/router/Router.php(57): call_user_func_array(Array, Array)
#4 /Users/reinierdelaparra/PhpstormProjects/shop/src/Framework/Core/Application.php(15): Framework\Router\Router->resolve(Object(Framework\router\HttpRequest))
#5 /Users/reinierdelaparra/PhpstormProjects/shop/public/index.php(7): Framework\Core\Application->repsonse()
#6 {main}
  thrown in /Users/reinierdelaparra/PhpstormProjects/shop/src/Framework/database/Entity.php on line 96
[04-Apr-2022 19:14:29 UTC] PHP Fatal error:  Uncaught PDOException: SQLSTATE[42000]: Syntax error or access violation: 1064 You have an error in your SQL syntax; check the manual that corresponds to your MariaDB server version for the right syntax to use near ''coin'' at line 1 in /Users/reinierdelaparra/PhpstormProjects/shop/src/Framework/database/Entity.php:96
Stack trace:
#0 /Users/reinierdelaparra/PhpstormProjects/shop/src/Framework/database/Entity.php(96): PDOStatement->execute()
#1 /Users/reinierdelaparra/PhpstormProjects/shop/app/Http/Controller/CoinController.php(14): Framework\database\Entity->findAll()
#2 [internal function]: App\Http\Controller\CoinController->index(Object(Framework\router\HttpRequest))
#3 /Users/reinierdelaparra/PhpstormProjects/shop/src/Framework/router/Router.php(57): call_user_func_array(Array, Array)
#4 /Users/reinierdelaparra/PhpstormProjects/shop/src/Framework/Core/Application.php(15): Framework\Router\Router->resolve(Object(Framework\router\HttpRequest))
#5 /Users/reinierdelaparra/PhpstormProjects/shop/public/index.php(7): Framework\Core\Application->repsonse()
#6 {main}
  thrown in /Users/reinierdelaparra/PhpstormProjects/shop/src/Framework/database/Entity.php on line 96
[04-Apr-2022 19:14:30 UTC] PHP Fatal error:  Uncaught PDOException: SQLSTATE[42000]: Syntax error or access violation: 1064 You have an error in your SQL syntax; check the manual that corresponds to your MariaDB server version for the right syntax to use near ''coin'' at line 1 in /Users/reinierdelaparra/PhpstormProjects/shop/src/Framework/database/Entity.php:96
Stack trace:
#0 /Users/reinierdelaparra/PhpstormProjects/shop/src/Framework/database/Entity.php(96): PDOStatement->execute()
#1 /Users/reinierdelaparra/PhpstormProjects/shop/app/Http/Controller/CoinController.php(14): Framework\database\Entity->findAll()
#2 [internal function]: App\Http\Controller\CoinController->index(Object(Framework\router\HttpRequest))
#3 /Users/reinierdelaparra/PhpstormProjects/shop/src/Framework/router/Router.php(57): call_user_func_array(Array, Array)
#4 /Users/reinierdelaparra/PhpstormProjects/shop/src/Framework/Core/Application.php(15): Framework\Router\Router->resolve(Object(Framework\router\HttpRequest))
#5 /Users/reinierdelaparra/PhpstormProjects/shop/public/index.php(7): Framework\Core\Application->repsonse()
#6 {main}
  thrown in /Users/reinierdelaparra/PhpstormProjects/shop/src/Framework/database/Entity.php on line 96
[04-Apr-2022 19:15:37 UTC] PHP Warning:  Attempt to read property "queryString" on bool in /Users/reinierdelaparra/PhpstormProjects/shop/src/Framework/database/Entity.php on line 96
[04-Apr-2022 19:16:25 UTC] PHP Fatal error:  Uncaught Error: Call to undefined method PDO::bindParam() in /Users/reinierdelaparra/PhpstormProjects/shop/src/Framework/database/Entity.php:95
Stack trace:
#0 /Users/reinierdelaparra/PhpstormProjects/shop/app/Http/Controller/CoinController.php(14): Framework\database\Entity->findAll()
#1 [internal function]: App\Http\Controller\CoinController->index(Object(Framework\router\HttpRequest))
#2 /Users/reinierdelaparra/PhpstormProjects/shop/src/Framework/router/Router.php(57): call_user_func_array(Array, Array)
#3 /Users/reinierdelaparra/PhpstormProjects/shop/src/Framework/Core/Application.php(15): Framework\Router\Router->resolve(Object(Framework\router\HttpRequest))
#4 /Users/reinierdelaparra/PhpstormProjects/shop/public/index.php(7): Framework\Core\Application->repsonse()
#5 {main}
  thrown in /Users/reinierdelaparra/PhpstormProjects/shop/src/Framework/database/Entity.php on line 95
[04-Apr-2022 19:17:38 UTC] PHP Fatal error:  Uncaught PDOException: SQLSTATE[HY093]: Invalid parameter number: number of bound variables does not match number of tokens in /Users/reinierdelaparra/PhpstormProjects/shop/src/Framework/database/Entity.php:97
Stack trace:
#0 /Users/reinierdelaparra/PhpstormProjects/shop/src/Framework/database/Entity.php(97): PDOStatement->execute()
#1 /Users/reinierdelaparra/PhpstormProjects/shop/app/Http/Controller/CoinController.php(14): Framework\database\Entity->findAll()
#2 [internal function]: App\Http\Controller\CoinController->index(Object(Framework\router\HttpRequest))
#3 /Users/reinierdelaparra/PhpstormProjects/shop/src/Framework/router/Router.php(57): call_user_func_array(Array, Array)
#4 /Users/reinierdelaparra/PhpstormProjects/shop/src/Framework/Core/Application.php(15): Framework\Router\Router->resolve(Object(Framework\router\HttpRequest))
#5 /Users/reinierdelaparra/PhpstormProjects/shop/public/index.php(7): Framework\Core\Application->repsonse()
#6 {main}
  thrown in /Users/reinierdelaparra/PhpstormProjects/shop/src/Framework/database/Entity.php on line 97
[04-Apr-2022 19:17:47 UTC] PHP Warning:  foreach() argument must be of type array|object, bool given in /Users/reinierdelaparra/PhpstormProjects/shop/src/Framework/database/Entity.php on line 104
[04-Apr-2022 19:18:05 UTC] PHP Deprecated:  Exception::__construct(): Passing null to parameter #1 ($message) of type string is deprecated in /Users/reinierdelaparra/PhpstormProjects/shop/src/Framework/database/Entity.php on line 100
[04-Apr-2022 19:18:05 UTC] PHP Fatal error:  Uncaught Exception in /Users/reinierdelaparra/PhpstormProjects/shop/src/Framework/database/Entity.php:100
Stack trace:
#0 /Users/reinierdelaparra/PhpstormProjects/shop/app/Http/Controller/CoinController.php(14): Framework\database\Entity->findAll()
#1 [internal function]: App\Http\Controller\CoinController->index(Object(Framework\router\HttpRequest))
#2 /Users/reinierdelaparra/PhpstormProjects/shop/src/Framework/router/Router.php(57): call_user_func_array(Array, Array)
#3 /Users/reinierdelaparra/PhpstormProjects/shop/src/Framework/Core/Application.php(15): Framework\Router\Router->resolve(Object(Framework\router\HttpRequest))
#4 /Users/reinierdelaparra/PhpstormProjects/shop/public/index.php(7): Framework\Core\Application->repsonse()
#5 {main}
  thrown in /Users/reinierdelaparra/PhpstormProjects/shop/src/Framework/database/Entity.php on line 100
[04-Apr-2022 19:18:58 UTC] PHP Deprecated:  Exception::__construct(): Passing null to parameter #1 ($message) of type string is deprecated in /Users/reinierdelaparra/PhpstormProjects/shop/src/Framework/database/Entity.php on line 98
[04-Apr-2022 19:18:58 UTC] PHP Fatal error:  Uncaught Exception in /Users/reinierdelaparra/PhpstormProjects/shop/src/Framework/database/Entity.php:98
Stack trace:
#0 /Users/reinierdelaparra/PhpstormProjects/shop/app/Http/Controller/CoinController.php(14): Framework\database\Entity->findAll()
#1 [internal function]: App\Http\Controller\CoinController->index(Object(Framework\router\HttpRequest))
#2 /Users/reinierdelaparra/PhpstormProjects/shop/src/Framework/router/Router.php(57): call_user_func_array(Array, Array)
#3 /Users/reinierdelaparra/PhpstormProjects/shop/src/Framework/Core/Application.php(15): Framework\Router\Router->resolve(Object(Framework\router\HttpRequest))
#4 /Users/reinierdelaparra/PhpstormProjects/shop/public/index.php(7): Framework\Core\Application->repsonse()
#5 {main}
  thrown in /Users/reinierdelaparra/PhpstormProjects/shop/src/Framework/database/Entity.php on line 98
[04-Apr-2022 19:18:58 UTC] PHP Deprecated:  Exception::__construct(): Passing null to parameter #1 ($message) of type string is deprecated in /Users/reinierdelaparra/PhpstormProjects/shop/src/Framework/database/Entity.php on line 98
[04-Apr-2022 19:18:58 UTC] PHP Fatal error:  Uncaught Exception in /Users/reinierdelaparra/PhpstormProjects/shop/src/Framework/database/Entity.php:98
Stack trace:
#0 /Users/reinierdelaparra/PhpstormProjects/shop/app/Http/Controller/CoinController.php(14): Framework\database\Entity->findAll()
#1 [internal function]: App\Http\Controller\CoinController->index(Object(Framework\router\HttpRequest))
#2 /Users/reinierdelaparra/PhpstormProjects/shop/src/Framework/router/Router.php(57): call_user_func_array(Array, Array)
#3 /Users/reinierdelaparra/PhpstormProjects/shop/src/Framework/Core/Application.php(15): Framework\Router\Router->resolve(Object(Framework\router\HttpRequest))
#4 /Users/reinierdelaparra/PhpstormProjects/shop/public/index.php(7): Framework\Core\Application->repsonse()
#5 {main}
  thrown in /Users/reinierdelaparra/PhpstormProjects/shop/src/Framework/database/Entity.php on line 98
[04-Apr-2022 19:18:59 UTC] PHP Deprecated:  Exception::__construct(): Passing null to parameter #1 ($message) of type string is deprecated in /Users/reinierdelaparra/PhpstormProjects/shop/src/Framework/database/Entity.php on line 98
[04-Apr-2022 19:18:59 UTC] PHP Fatal error:  Uncaught Exception in /Users/reinierdelaparra/PhpstormProjects/shop/src/Framework/database/Entity.php:98
Stack trace:
#0 /Users/reinierdelaparra/PhpstormProjects/shop/app/Http/Controller/CoinController.php(14): Framework\database\Entity->findAll()
#1 [internal function]: App\Http\Controller\CoinController->index(Object(Framework\router\HttpRequest))
#2 /Users/reinierdelaparra/PhpstormProjects/shop/src/Framework/router/Router.php(57): call_user_func_array(Array, Array)
#3 /Users/reinierdelaparra/PhpstormProjects/shop/src/Framework/Core/Application.php(15): Framework\Router\Router->resolve(Object(Framework\router\HttpRequest))
#4 /Users/reinierdelaparra/PhpstormProjects/shop/public/index.php(7): Framework\Core\Application->repsonse()
#5 {main}
  thrown in /Users/reinierdelaparra/PhpstormProjects/shop/src/Framework/database/Entity.php on line 98
[04-Apr-2022 19:19:44 UTC] PHP Deprecated:  Exception::__construct(): Passing null to parameter #1 ($message) of type string is deprecated in /Users/reinierdelaparra/PhpstormProjects/shop/src/Framework/database/Entity.php on line 100
[04-Apr-2022 19:19:44 UTC] PHP Fatal error:  Uncaught Exception in /Users/reinierdelaparra/PhpstormProjects/shop/src/Framework/database/Entity.php:100
Stack trace:
#0 /Users/reinierdelaparra/PhpstormProjects/shop/app/Http/Controller/CoinController.php(14): Framework\database\Entity->findAll()
#1 [internal function]: App\Http\Controller\CoinController->index(Object(Framework\router\HttpRequest))
#2 /Users/reinierdelaparra/PhpstormProjects/shop/src/Framework/router/Router.php(57): call_user_func_array(Array, Array)
#3 /Users/reinierdelaparra/PhpstormProjects/shop/src/Framework/Core/Application.php(15): Framework\Router\Router->resolve(Object(Framework\router\HttpRequest))
#4 /Users/reinierdelaparra/PhpstormProjects/shop/public/index.php(7): Framework\Core\Application->repsonse()
#5 {main}
  thrown in /Users/reinierdelaparra/PhpstormProjects/shop/src/Framework/database/Entity.php on line 100
[04-Apr-2022 19:33:35 UTC] PHP Fatal error:  Uncaught Error: Call to undefined function Framework\database\dd() in /Users/reinierdelaparra/PhpstormProjects/shop/src/Framework/database/Entity.php:96
Stack trace:
#0 /Users/reinierdelaparra/PhpstormProjects/shop/app/Http/Controller/CoinController.php(14): Framework\database\Entity::findAll()
#1 [internal function]: App\Http\Controller\CoinController->index(Object(Framework\router\HttpRequest))
#2 /Users/reinierdelaparra/PhpstormProjects/shop/src/Framework/router/Router.php(57): call_user_func_array(Array, Array)
#3 /Users/reinierdelaparra/PhpstormProjects/shop/src/Framework/Core/Application.php(15): Framework\Router\Router->resolve(Object(Framework\router\HttpRequest))
#4 /Users/reinierdelaparra/PhpstormProjects/shop/public/index.php(7): Framework\Core\Application->repsonse()
#5 {main}
  thrown in /Users/reinierdelaparra/PhpstormProjects/shop/src/Framework/database/Entity.php on line 96
[04-Apr-2022 19:35:30 UTC] PHP Fatal error:  Uncaught ArgumentCountError: var_dump() expects at least 1 argument, 0 given in /Users/reinierdelaparra/PhpstormProjects/shop/src/Framework/database/Entity.php:99
Stack trace:
#0 /Users/reinierdelaparra/PhpstormProjects/shop/src/Framework/database/Entity.php(99): var_dump()
#1 /Users/reinierdelaparra/PhpstormProjects/shop/app/Http/Controller/CoinController.php(14): Framework\database\Entity::findAll()
#2 [internal function]: App\Http\Controller\CoinController->index(Object(Framework\router\HttpRequest))
#3 /Users/reinierdelaparra/PhpstormProjects/shop/src/Framework/router/Router.php(57): call_user_func_array(Array, Array)
#4 /Users/reinierdelaparra/PhpstormProjects/shop/src/Framework/Core/Application.php(15): Framework\Router\Router->resolve(Object(Framework\router\HttpRequest))
#5 /Users/reinierdelaparra/PhpstormProjects/shop/public/index.php(7): Framework\Core\Application->repsonse()
#6 {main}
  thrown in /Users/reinierdelaparra/PhpstormProjects/shop/src/Framework/database/Entity.php on line 99
[04-Apr-2022 19:35:43 UTC] PHP Fatal error:  Uncaught ArgumentCountError: var_dump() expects at least 1 argument, 0 given in /Users/reinierdelaparra/PhpstormProjects/shop/src/Framework/database/Entity.php:99
Stack trace:
#0 /Users/reinierdelaparra/PhpstormProjects/shop/src/Framework/database/Entity.php(99): var_dump()
#1 /Users/reinierdelaparra/PhpstormProjects/shop/app/Http/Controller/CoinController.php(14): Framework\database\Entity::findAll()
#2 [internal function]: App\Http\Controller\CoinController->index(Object(Framework\router\HttpRequest))
#3 /Users/reinierdelaparra/PhpstormProjects/shop/src/Framework/router/Router.php(57): call_user_func_array(Array, Array)
#4 /Users/reinierdelaparra/PhpstormProjects/shop/src/Framework/Core/Application.php(15): Framework\Router\Router->resolve(Object(Framework\router\HttpRequest))
#5 /Users/reinierdelaparra/PhpstormProjects/shop/public/index.php(7): Framework\Core\Application->repsonse()
#6 {main}
  thrown in /Users/reinierdelaparra/PhpstormProjects/shop/src/Framework/database/Entity.php on line 99
[04-Apr-2022 19:36:19 UTC] PHP Fatal error:  Class "Coin" not found in /Users/reinierdelaparra/PhpstormProjects/shop/src/Framework/database/Entity.php on line 99
[04-Apr-2022 19:36:31 UTC] PHP Fatal error:  Class "App\Model\Coin" not found in /Users/reinierdelaparra/PhpstormProjects/shop/src/Framework/database/Entity.php on line 99
[04-Apr-2022 19:38:33 UTC] PHP Fatal error:  Uncaught TypeError: PDOStatement::setFetchMode(): Argument #2 must be of type object, string given in /Users/reinierdelaparra/PhpstormProjects/shop/src/Framework/database/Entity.php:98
Stack trace:
#0 /Users/reinierdelaparra/PhpstormProjects/shop/src/Framework/database/Entity.php(98): PDOStatement->setFetchMode(9, 'App\\Models\\Coin')
#1 /Users/reinierdelaparra/PhpstormProjects/shop/app/Http/Controller/CoinController.php(14): Framework\database\Entity::findAll()
#2 [internal function]: App\Http\Controller\CoinController->index(Object(Framework\router\HttpRequest))
#3 /Users/reinierdelaparra/PhpstormProjects/shop/src/Framework/router/Router.php(57): call_user_func_array(Array, Array)
#4 /Users/reinierdelaparra/PhpstormProjects/shop/src/Framework/Core/Application.php(15): Framework\Router\Router->resolve(Object(Framework\router\HttpRequest))
#5 /Users/reinierdelaparra/PhpstormProjects/shop/public/index.php(7): Framework\Core\Application->repsonse()
#6 {main}
  thrown in /Users/reinierdelaparra/PhpstormProjects/shop/src/Framework/database/Entity.php on line 98
[04-Apr-2022 19:38:54 UTC] PHP Fatal error:  Uncaught ReflectionException: Cannot set read-only property ReflectionClass::$name in /Users/reinierdelaparra/PhpstormProjects/shop/src/Framework/database/Entity.php:100
Stack trace:
#0 /Users/reinierdelaparra/PhpstormProjects/shop/src/Framework/database/Entity.php(100): PDOStatement->fetchAll()
#1 /Users/reinierdelaparra/PhpstormProjects/shop/app/Http/Controller/CoinController.php(14): Framework\database\Entity::findAll()
#2 [internal function]: App\Http\Controller\CoinController->index(Object(Framework\router\HttpRequest))
#3 /Users/reinierdelaparra/PhpstormProjects/shop/src/Framework/router/Router.php(57): call_user_func_array(Array, Array)
#4 /Users/reinierdelaparra/PhpstormProjects/shop/src/Framework/Core/Application.php(15): Framework\Router\Router->resolve(Object(Framework\router\HttpRequest))
#5 /Users/reinierdelaparra/PhpstormProjects/shop/public/index.php(7): Framework\Core\Application->repsonse()
#6 {main}

Next ReflectionException: Cannot set read-only property ReflectionClass::$name in /Users/reinierdelaparra/PhpstormProjects/shop/src/Framework/database/Entity.php:100
Stack trace:
#0 /Users/reinierdelaparra/PhpstormProjects/shop/src/Framework/database/Entity.php(100): PDOStatement->fetchAll()
#1 /Users/reinierdelaparra/PhpstormProjects/shop/app/Http/Controller/CoinController.php(14): Framework\database\Entity::findAll()
#2 [internal function]: App\Http\Controller\CoinController->index(Object(Framework\router\HttpRequest))
#3 /Users/reinierdelaparra/PhpstormProjects/shop/src/Framework/router/Router.php(57): call_user_func_array(Array, Array)
#4 /Users/reinierdelaparra/PhpstormProjects/shop/src/Framework/Core/Application.php(15): Framework\Router\Router->resolve(Object(Framework\router\HttpRequest))
#5 /Users/reinierdelaparra/PhpstormProjects/shop/public/index.php(7): Framework\Core\Application->repsonse()
#6 {main}

Next ReflectionException: Cannot set read-only property ReflectionClass::$name in /Users/reinierdelaparra/PhpstormProjects/shop/src/Framework/database/Entity.php:100
Stack trace:
#0 /Users/reinierdelaparra/PhpstormProjects/shop/src/Framework/database/Entity.php(100): PDOStatement->fetchAll()
#1 /Users/reinierdelaparra/PhpstormProjects/shop/app/Http/Controller/CoinController.php(14): Framework\database\Entity::findAll()
#2 [internal function]: App\Http\Controller\CoinController->index(Object(Framework\router\HttpRequest))
#3 /Users/reinierdelaparra/PhpstormProjects/shop/src/Framework/router/Router.php(57): call_user_func_array(Array, Array)
#4 /Users/reinierdelaparra/PhpstormProjects/shop/src/Framework/Core/Application.php(15): Framework\Router\Router->resolve(Object(Framework\router\HttpRequest))
#5 /Users/reinierdelaparra/PhpstormProjects/shop/public/index.php(7): Framework\Core\Application->repsonse()
#6 {main}

Next ReflectionException: Cannot set read-only property ReflectionClass::$name in /Users/reinierdelaparra/PhpstormProjects/shop/src/Framework/database/Entity.php:100
Stack trace:
#0 /Users/reinierdelaparra/PhpstormProjects/shop/src/Framework/database/Entity.php(100): PDOStatement->fetchAll()
#1 /Users/reinierdelaparra/PhpstormProjects/shop/app/Http/Controller/CoinController.php(14): Framework\database\Entity::findAll()
#2 [internal function]: App\Http\Controller\CoinController->index(Object(Framework\router\HttpRequest))
#3 /Users/reinierdelaparra/PhpstormProjects/shop/src/Framework/router/Router.php(57): call_user_func_array(Array, Array)
#4 /Users/reinierdelaparra/PhpstormProjects/shop/src/Framework/Core/Application.php(15): Framework\Router\Router->resolve(Object(Framework\router\HttpRequest))
#5 /Users/reinierdelaparra/PhpstormProjects/shop/public/index.php(7): Framework\Core\Application->repsonse()
#6 {main}

Next ReflectionException: Cannot set read-only property ReflectionClass::$name in /Users/reinierdelaparra/PhpstormProjects/shop/src/Framework/database/Entity.php:100
Stack trace:
#0 /Users/reinierdelaparra/PhpstormProjects/shop/src/Framework/database/Entity.php(100): PDOStatement->fetchAll()
#1 /Users/reinierdelaparra/PhpstormProjects/shop/app/Http/Controller/CoinController.php(14): Framework\database\Entity::findAll()
#2 [internal function]: App\Http\Controller\CoinController->index(Object(Framework\router\HttpRequest))
#3 /Users/reinierdelaparra/PhpstormProjects/shop/src/Framework/router/Router.php(57): call_user_func_array(Array, Array)
#4 /Users/reinierdelaparra/PhpstormProjects/shop/src/Framework/Core/Application.php(15): Framework\Router\Router->resolve(Object(Framework\router\HttpRequest))
#5 /Users/reinierdelaparra/PhpstormProjects/shop/public/index.php(7): Framework\Core\Application->repsonse()
#6 {main}
  thrown in /Users/reinierdelaparra/PhpstormProjects/shop/src/Framework/database/Entity.php on line 100
[04-Apr-2022 19:39:25 UTC] PHP Warning:  Undefined property: ReflectionClass::$getName in /Users/reinierdelaparra/PhpstormProjects/shop/src/Framework/database/Entity.php on line 98
[04-Apr-2022 19:39:25 UTC] PHP Fatal error:  Uncaught Error: Class name must be a valid object or a string in /Users/reinierdelaparra/PhpstormProjects/shop/src/Framework/database/Entity.php:98
Stack trace:
#0 /Users/reinierdelaparra/PhpstormProjects/shop/app/Http/Controller/CoinController.php(14): Framework\database\Entity::findAll()
#1 [internal function]: App\Http\Controller\CoinController->index(Object(Framework\router\HttpRequest))
#2 /Users/reinierdelaparra/PhpstormProjects/shop/src/Framework/router/Router.php(57): call_user_func_array(Array, Array)
#3 /Users/reinierdelaparra/PhpstormProjects/shop/src/Framework/Core/Application.php(15): Framework\Router\Router->resolve(Object(Framework\router\HttpRequest))
#4 /Users/reinierdelaparra/PhpstormProjects/shop/public/index.php(7): Framework\Core\Application->repsonse()
#5 {main}
  thrown in /Users/reinierdelaparra/PhpstormProjects/shop/src/Framework/database/Entity.php on line 98
[04-Apr-2022 20:25:43 UTC] PHP Fatal error:  Uncaught Framework\router\exceptions\RouterActionNotFound in /Users/reinierdelaparra/PhpstormProjects/shop/src/Framework/router/Router.php:60
Stack trace:
#0 /Users/reinierdelaparra/PhpstormProjects/shop/src/Framework/Core/Application.php(15): Framework\Router\Router->resolve(Object(Framework\router\HttpRequest))
#1 /Users/reinierdelaparra/PhpstormProjects/shop/public/index.php(7): Framework\Core\Application->repsonse()
#2 {main}
  thrown in /Users/reinierdelaparra/PhpstormProjects/shop/src/Framework/router/Router.php on line 60
[04-Apr-2022 20:26:07 UTC] PHP Fatal error:  Uncaught Framework\router\exceptions\RouterActionNotFound in /Users/reinierdelaparra/PhpstormProjects/shop/src/Framework/router/Router.php:60
Stack trace:
#0 /Users/reinierdelaparra/PhpstormProjects/shop/src/Framework/Core/Application.php(15): Framework\Router\Router->resolve(Object(Framework\router\HttpRequest))
#1 /Users/reinierdelaparra/PhpstormProjects/shop/public/index.php(7): Framework\Core\Application->repsonse()
#2 {main}
  thrown in /Users/reinierdelaparra/PhpstormProjects/shop/src/Framework/router/Router.php on line 60
[04-Apr-2022 20:37:14 UTC] PHP Warning:  Undefined property: App\Models\Transaction::$short_name in /Users/reinierdelaparra/PhpstormProjects/shop/app/Views/Transaction/Index.render.php on line 25
[04-Apr-2022 20:37:14 UTC] PHP Fatal error:  Uncaught Error: Typed property App\Models\Transaction::$name must not be accessed before initialization in /Users/reinierdelaparra/PhpstormProjects/shop/app/Views/Transaction/Index.render.php:28
Stack trace:
#0 /Users/reinierdelaparra/PhpstormProjects/shop/src/Framework/view/View.php(25): include()
#1 /Users/reinierdelaparra/PhpstormProjects/shop/app/Http/Controller/TransactionController.php(15): Framework\view\View->resolve('Transaction/Ind...', Array)
#2 [internal function]: App\Http\Controller\TransactionController->index(Object(Framework\router\HttpRequest))
#3 /Users/reinierdelaparra/PhpstormProjects/shop/src/Framework/router/Router.php(57): call_user_func_array(Array, Array)
#4 /Users/reinierdelaparra/PhpstormProjects/shop/src/Framework/Core/Application.php(15): Framework\Router\Router->resolve(Object(Framework\router\HttpRequest))
#5 /Users/reinierdelaparra/PhpstormProjects/shop/public/index.php(7): Framework\Core\Application->repsonse()
#6 {main}
  thrown in /Users/reinierdelaparra/PhpstormProjects/shop/app/Views/Transaction/Index.render.php on line 28
[04-Apr-2022 20:38:39 UTC] PHP Warning:  Undefined property: App\Models\Transaction::$short_name in /Users/reinierdelaparra/PhpstormProjects/shop/app/Views/Transaction/Index.render.php on line 25
[04-Apr-2022 20:38:39 UTC] PHP Fatal error:  Uncaught Error: Typed property App\Models\Transaction::$name must not be accessed before initialization in /Users/reinierdelaparra/PhpstormProjects/shop/app/Views/Transaction/Index.render.php:28
Stack trace:
#0 /Users/reinierdelaparra/PhpstormProjects/shop/src/Framework/view/View.php(25): include()
#1 /Users/reinierdelaparra/PhpstormProjects/shop/app/Http/Controller/TransactionController.php(15): Framework\view\View->resolve('Transaction/Ind...', Array)
#2 [internal function]: App\Http\Controller\TransactionController->index(Object(Framework\router\HttpRequest))
#3 /Users/reinierdelaparra/PhpstormProjects/shop/src/Framework/router/Router.php(57): call_user_func_array(Array, Array)
#4 /Users/reinierdelaparra/PhpstormProjects/shop/src/Framework/Core/Application.php(15): Framework\Router\Router->resolve(Object(Framework\router\HttpRequest))
#5 /Users/reinierdelaparra/PhpstormProjects/shop/public/index.php(7): Framework\Core\Application->repsonse()
#6 {main}
  thrown in /Users/reinierdelaparra/PhpstormProjects/shop/app/Views/Transaction/Index.render.php on line 28
[04-Apr-2022 20:38:40 UTC] PHP Warning:  Undefined property: App\Models\Transaction::$short_name in /Users/reinierdelaparra/PhpstormProjects/shop/app/Views/Transaction/Index.render.php on line 25
[04-Apr-2022 20:38:40 UTC] PHP Fatal error:  Uncaught Error: Typed property App\Models\Transaction::$name must not be accessed before initialization in /Users/reinierdelaparra/PhpstormProjects/shop/app/Views/Transaction/Index.render.php:28
Stack trace:
#0 /Users/reinierdelaparra/PhpstormProjects/shop/src/Framework/view/View.php(25): include()
#1 /Users/reinierdelaparra/PhpstormProjects/shop/app/Http/Controller/TransactionController.php(15): Framework\view\View->resolve('Transaction/Ind...', Array)
#2 [internal function]: App\Http\Controller\TransactionController->index(Object(Framework\router\HttpRequest))
#3 /Users/reinierdelaparra/PhpstormProjects/shop/src/Framework/router/Router.php(57): call_user_func_array(Array, Array)
#4 /Users/reinierdelaparra/PhpstormProjects/shop/src/Framework/Core/Application.php(15): Framework\Router\Router->resolve(Object(Framework\router\HttpRequest))
#5 /Users/reinierdelaparra/PhpstormProjects/shop/public/index.php(7): Framework\Core\Application->repsonse()
#6 {main}
  thrown in /Users/reinierdelaparra/PhpstormProjects/shop/app/Views/Transaction/Index.render.php on line 28
[04-Apr-2022 20:40:09 UTC] PHP Warning:  Undefined property: App\Models\Transaction::$Buy_coin in /Users/reinierdelaparra/PhpstormProjects/shop/app/Views/Transaction/Index.render.php on line 35
[04-Apr-2022 20:40:09 UTC] PHP Warning:  Undefined property: App\Models\Transaction::$Buy_coin_amount in /Users/reinierdelaparra/PhpstormProjects/shop/app/Views/Transaction/Index.render.php on line 38
[04-Apr-2022 20:40:19 UTC] PHP Warning:  Undefined property: App\Models\Transaction::$Buy_coin_amount in /Users/reinierdelaparra/PhpstormProjects/shop/app/Views/Transaction/Index.render.php on line 38
[04-Apr-2022 20:41:01 UTC] PHP Fatal error:  Uncaught Error: Access to undeclared static property Framework\database\Entity::$db in /Users/reinierdelaparra/PhpstormProjects/shop/src/Framework/database/Entity.php:77
Stack trace:
#0 /Users/reinierdelaparra/PhpstormProjects/shop/app/Views/Transaction/Index.render.php(35): Framework\database\Entity::findOne(Array)
#1 /Users/reinierdelaparra/PhpstormProjects/shop/src/Framework/view/View.php(25): include('/Users/reinierd...')
#2 /Users/reinierdelaparra/PhpstormProjects/shop/app/Http/Controller/TransactionController.php(15): Framework\view\View->resolve('Transaction/Ind...', Array)
#3 [internal function]: App\Http\Controller\TransactionController->index(Object(Framework\router\HttpRequest))
#4 /Users/reinierdelaparra/PhpstormProjects/shop/src/Framework/router/Router.php(57): call_user_func_array(Array, Array)
#5 /Users/reinierdelaparra/PhpstormProjects/shop/src/Framework/Core/Application.php(15): Framework\Router\Router->resolve(Object(Framework\router\HttpRequest))
#6 /Users/reinierdelaparra/PhpstormProjects/shop/public/index.php(7): Framework\Core\Application->repsonse()
#7 {main}
  thrown in /Users/reinierdelaparra/PhpstormProjects/shop/src/Framework/database/Entity.php on line 77
[04-Apr-2022 20:43:33 UTC] PHP Fatal error:  Uncaught Error: Access to undeclared static property Framework\database\Entity::$db in /Users/reinierdelaparra/PhpstormProjects/shop/src/Framework/database/Entity.php:77
Stack trace:
#0 /Users/reinierdelaparra/PhpstormProjects/shop/app/Views/Transaction/Index.render.php(35): Framework\database\Entity::findOne(Array)
#1 /Users/reinierdelaparra/PhpstormProjects/shop/src/Framework/view/View.php(25): include('/Users/reinierd...')
#2 /Users/reinierdelaparra/PhpstormProjects/shop/app/Http/Controller/TransactionController.php(15): Framework\view\View->resolve('Transaction/Ind...', Array)
#3 [internal function]: App\Http\Controller\TransactionController->index(Object(Framework\router\HttpRequest))
#4 /Users/reinierdelaparra/PhpstormProjects/shop/src/Framework/router/Router.php(57): call_user_func_array(Array, Array)
#5 /Users/reinierdelaparra/PhpstormProjects/shop/src/Framework/Core/Application.php(15): Framework\Router\Router->resolve(Object(Framework\router\HttpRequest))
#6 /Users/reinierdelaparra/PhpstormProjects/shop/public/index.php(7): Framework\Core\Application->repsonse()
#7 {main}
  thrown in /Users/reinierdelaparra/PhpstormProjects/shop/src/Framework/database/Entity.php on line 77
[04-Apr-2022 20:43:34 UTC] PHP Fatal error:  Uncaught Error: Access to undeclared static property Framework\database\Entity::$db in /Users/reinierdelaparra/PhpstormProjects/shop/src/Framework/database/Entity.php:77
Stack trace:
#0 /Users/reinierdelaparra/PhpstormProjects/shop/app/Views/Transaction/Index.render.php(35): Framework\database\Entity::findOne(Array)
#1 /Users/reinierdelaparra/PhpstormProjects/shop/src/Framework/view/View.php(25): include('/Users/reinierd...')
#2 /Users/reinierdelaparra/PhpstormProjects/shop/app/Http/Controller/TransactionController.php(15): Framework\view\View->resolve('Transaction/Ind...', Array)
#3 [internal function]: App\Http\Controller\TransactionController->index(Object(Framework\router\HttpRequest))
#4 /Users/reinierdelaparra/PhpstormProjects/shop/src/Framework/router/Router.php(57): call_user_func_array(Array, Array)
#5 /Users/reinierdelaparra/PhpstormProjects/shop/src/Framework/Core/Application.php(15): Framework\Router\Router->resolve(Object(Framework\router\HttpRequest))
#6 /Users/reinierdelaparra/PhpstormProjects/shop/public/index.php(7): Framework\Core\Application->repsonse()
#7 {main}
  thrown in /Users/reinierdelaparra/PhpstormProjects/shop/src/Framework/database/Entity.php on line 77
[04-Apr-2022 20:43:45 UTC] PHP Warning:  Array to string conversion in /Users/reinierdelaparra/PhpstormProjects/shop/src/Framework/database/Entity.php on line 95
[04-Apr-2022 20:43:45 UTC] PHP Warning:  Attempt to read property "name" on bool in /Users/reinierdelaparra/PhpstormProjects/shop/app/Views/Transaction/Index.render.php on line 35
[04-Apr-2022 20:44:12 UTC] PHP Warning:  Array to string conversion in /Users/reinierdelaparra/PhpstormProjects/shop/src/Framework/database/Entity.php on line 95
[04-Apr-2022 20:44:12 UTC] PHP Fatal error:  Uncaught Error: Call to undefined function Framework\database\dd() in /Users/reinierdelaparra/PhpstormProjects/shop/src/Framework/database/Entity.php:99
Stack trace:
#0 /Users/reinierdelaparra/PhpstormProjects/shop/app/Views/Transaction/Index.render.php(35): Framework\database\Entity::findById('Array')
#1 /Users/reinierdelaparra/PhpstormProjects/shop/src/Framework/view/View.php(25): include('/Users/reinierd...')
#2 /Users/reinierdelaparra/PhpstormProjects/shop/app/Http/Controller/TransactionController.php(15): Framework\view\View->resolve('Transaction/Ind...', Array)
#3 [internal function]: App\Http\Controller\TransactionController->index(Object(Framework\router\HttpRequest))
#4 /Users/reinierdelaparra/PhpstormProjects/shop/src/Framework/router/Router.php(57): call_user_func_array(Array, Array)
#5 /Users/reinierdelaparra/PhpstormProjects/shop/src/Framework/Core/Application.php(15): Framework\Router\Router->resolve(Object(Framework\router\HttpRequest))
#6 /Users/reinierdelaparra/PhpstormProjects/shop/public/index.php(7): Framework\Core\Application->repsonse()
#7 {main}
  thrown in /Users/reinierdelaparra/PhpstormProjects/shop/src/Framework/database/Entity.php on line 99
[04-Apr-2022 20:44:27 UTC] PHP Warning:  Array to string conversion in /Users/reinierdelaparra/PhpstormProjects/shop/src/Framework/database/Entity.php on line 95
[04-Apr-2022 20:44:34 UTC] PHP Warning:  Array to string conversion in /Users/reinierdelaparra/PhpstormProjects/shop/src/Framework/database/Entity.php on line 95
[04-Apr-2022 20:47:31 UTC] PHP Fatal error:  Uncaught Framework\router\exceptions\ViewFileNotFoundException in /Users/reinierdelaparra/PhpstormProjects/shop/src/Framework/view/View.php:27
Stack trace:
#0 /Users/reinierdelaparra/PhpstormProjects/shop/app/Http/Controller/SiteController.php(20): Framework\view\View->resolve('Site/Home')
#1 [internal function]: App\Http\Controller\SiteController->index(Object(Framework\router\HttpRequest))
#2 /Users/reinierdelaparra/PhpstormProjects/shop/src/Framework/router/Router.php(57): call_user_func_array(Array, Array)
#3 /Users/reinierdelaparra/PhpstormProjects/shop/src/Framework/Core/Application.php(15): Framework\Router\Router->resolve(Object(Framework\router\HttpRequest))
#4 /Users/reinierdelaparra/PhpstormProjects/shop/public/index.php(7): Framework\Core\Application->repsonse()
#5 {main}
  thrown in /Users/reinierdelaparra/PhpstormProjects/shop/src/Framework/view/View.php on line 27
[05-Apr-2022 08:39:57 UTC] PHP Fatal error:  Uncaught Framework\router\exceptions\RouterActionNotFound in /Users/reinierdelaparra/PhpstormProjects/shop/src/Framework/router/Router.php:60
Stack trace:
#0 /Users/reinierdelaparra/PhpstormProjects/shop/src/Framework/Core/Application.php(15): Framework\Router\Router->resolve(Object(Framework\router\HttpRequest))
#1 /Users/reinierdelaparra/PhpstormProjects/shop/public/index.php(7): Framework\Core\Application->repsonse()
#2 {main}
  thrown in /Users/reinierdelaparra/PhpstormProjects/shop/src/Framework/router/Router.php on line 60
[05-Apr-2022 08:52:05 UTC] PHP Fatal error:  Uncaught Error: Typed property App\Models\Users::$email must not be accessed before initialization in /Users/reinierdelaparra/PhpstormProjects/shop/src/Framework/database/Entity.php:41
Stack trace:
#0 /Users/reinierdelaparra/PhpstormProjects/shop/app/Http/Controller/RegisterController.php(21): Framework\database\Entity->save()
#1 [internal function]: App\Http\Controller\RegisterController->create(Object(Framework\router\HttpRequest))
#2 /Users/reinierdelaparra/PhpstormProjects/shop/src/Framework/router/Router.php(57): call_user_func_array(Array, Array)
#3 /Users/reinierdelaparra/PhpstormProjects/shop/src/Framework/Core/Application.php(15): Framework\Router\Router->resolve(Object(Framework\router\HttpRequest))
#4 /Users/reinierdelaparra/PhpstormProjects/shop/public/index.php(7): Framework\Core\Application->repsonse()
#5 {main}
  thrown in /Users/reinierdelaparra/PhpstormProjects/shop/src/Framework/database/Entity.php on line 41
[05-Apr-2022 08:52:45 UTC] PHP Fatal error:  Uncaught Error: Typed property App\Models\Users::$email must not be accessed before initialization in /Users/reinierdelaparra/PhpstormProjects/shop/src/Framework/database/Entity.php:41
Stack trace:
#0 /Users/reinierdelaparra/PhpstormProjects/shop/app/Http/Controller/RegisterController.php(21): Framework\database\Entity->save()
#1 [internal function]: App\Http\Controller\RegisterController->create(Object(Framework\router\HttpRequest))
#2 /Users/reinierdelaparra/PhpstormProjects/shop/src/Framework/router/Router.php(57): call_user_func_array(Array, Array)
#3 /Users/reinierdelaparra/PhpstormProjects/shop/src/Framework/Core/Application.php(15): Framework\Router\Router->resolve(Object(Framework\router\HttpRequest))
#4 /Users/reinierdelaparra/PhpstormProjects/shop/public/index.php(7): Framework\Core\Application->repsonse()
#5 {main}
  thrown in /Users/reinierdelaparra/PhpstormProjects/shop/src/Framework/database/Entity.php on line 41
[05-Apr-2022 08:52:49 UTC] PHP Fatal error:  Uncaught Error: Typed property App\Models\Users::$email must not be accessed before initialization in /Users/reinierdelaparra/PhpstormProjects/shop/src/Framework/database/Entity.php:41
Stack trace:
#0 /Users/reinierdelaparra/PhpstormProjects/shop/app/Http/Controller/RegisterController.php(21): Framework\database\Entity->save()
#1 [internal function]: App\Http\Controller\RegisterController->create(Object(Framework\router\HttpRequest))
#2 /Users/reinierdelaparra/PhpstormProjects/shop/src/Framework/router/Router.php(57): call_user_func_array(Array, Array)
#3 /Users/reinierdelaparra/PhpstormProjects/shop/src/Framework/Core/Application.php(15): Framework\Router\Router->resolve(Object(Framework\router\HttpRequest))
#4 /Users/reinierdelaparra/PhpstormProjects/shop/public/index.php(7): Framework\Core\Application->repsonse()
#5 {main}
  thrown in /Users/reinierdelaparra/PhpstormProjects/shop/src/Framework/database/Entity.php on line 41
[05-Apr-2022 08:54:21 UTC] PHP Fatal error:  Uncaught Error: Typed property App\Models\Transaction::$email must not be accessed before initialization in /Users/reinierdelaparra/PhpstormProjects/shop/src/Framework/database/Entity.php:41
Stack trace:
#0 /Users/reinierdelaparra/PhpstormProjects/shop/app/Http/Controller/TransactionController.php(37): Framework\database\Entity->save()
#1 [internal function]: App\Http\Controller\TransactionController->addPost(Object(Framework\router\HttpRequest))
#2 /Users/reinierdelaparra/PhpstormProjects/shop/src/Framework/router/Router.php(57): call_user_func_array(Array, Array)
#3 /Users/reinierdelaparra/PhpstormProjects/shop/src/Framework/Core/Application.php(15): Framework\Router\Router->resolve(Object(Framework\router\HttpRequest))
#4 /Users/reinierdelaparra/PhpstormProjects/shop/public/index.php(7): Framework\Core\Application->repsonse()
#5 {main}
  thrown in /Users/reinierdelaparra/PhpstormProjects/shop/src/Framework/database/Entity.php on line 41
[05-Apr-2022 08:54:28 UTC] PHP Fatal error:  Uncaught Error: Typed property App\Models\Transaction::$email must not be accessed before initialization in /Users/reinierdelaparra/PhpstormProjects/shop/src/Framework/database/Entity.php:41
Stack trace:
#0 /Users/reinierdelaparra/PhpstormProjects/shop/app/Http/Controller/TransactionController.php(37): Framework\database\Entity->save()
#1 [internal function]: App\Http\Controller\TransactionController->addPost(Object(Framework\router\HttpRequest))
#2 /Users/reinierdelaparra/PhpstormProjects/shop/src/Framework/router/Router.php(57): call_user_func_array(Array, Array)
#3 /Users/reinierdelaparra/PhpstormProjects/shop/src/Framework/Core/Application.php(15): Framework\Router\Router->resolve(Object(Framework\router\HttpRequest))
#4 /Users/reinierdelaparra/PhpstormProjects/shop/public/index.php(7): Framework\Core\Application->repsonse()
#5 {main}
  thrown in /Users/reinierdelaparra/PhpstormProjects/shop/src/Framework/database/Entity.php on line 41
[05-Apr-2022 08:56:32 UTC] PHP Fatal error:  Uncaught PDOException: SQLSTATE[HY000]: General error: 1364 Field 'sale_coin' doesn't have a default value in /Users/reinierdelaparra/PhpstormProjects/shop/src/Framework/database/Entity.php:52
Stack trace:
#0 /Users/reinierdelaparra/PhpstormProjects/shop/src/Framework/database/Entity.php(52): PDO->exec('INSERT INTO `tr...')
#1 /Users/reinierdelaparra/PhpstormProjects/shop/app/Http/Controller/TransactionController.php(38): Framework\database\Entity->save()
#2 [internal function]: App\Http\Controller\TransactionController->addPost(Object(Framework\router\HttpRequest))
#3 /Users/reinierdelaparra/PhpstormProjects/shop/src/Framework/router/Router.php(57): call_user_func_array(Array, Array)
#4 /Users/reinierdelaparra/PhpstormProjects/shop/src/Framework/Core/Application.php(15): Framework\Router\Router->resolve(Object(Framework\router\HttpRequest))
#5 /Users/reinierdelaparra/PhpstormProjects/shop/public/index.php(7): Framework\Core\Application->repsonse()
#6 {main}
  thrown in /Users/reinierdelaparra/PhpstormProjects/shop/src/Framework/database/Entity.php on line 52
[05-Apr-2022 08:59:09 UTC] PHP Fatal error:  Uncaught PDOException: SQLSTATE[HY000]: General error: 1364 Field 'sale_coin' doesn't have a default value in /Users/reinierdelaparra/PhpstormProjects/shop/src/Framework/database/Entity.php:52
Stack trace:
#0 /Users/reinierdelaparra/PhpstormProjects/shop/src/Framework/database/Entity.php(52): PDO->exec('INSERT INTO `tr...')
#1 /Users/reinierdelaparra/PhpstormProjects/shop/app/Http/Controller/TransactionController.php(38): Framework\database\Entity->save()
#2 [internal function]: App\Http\Controller\TransactionController->addPost(Object(Framework\router\HttpRequest))
#3 /Users/reinierdelaparra/PhpstormProjects/shop/src/Framework/router/Router.php(57): call_user_func_array(Array, Array)
#4 /Users/reinierdelaparra/PhpstormProjects/shop/src/Framework/Core/Application.php(15): Framework\Router\Router->resolve(Object(Framework\router\HttpRequest))
#5 /Users/reinierdelaparra/PhpstormProjects/shop/public/index.php(7): Framework\Core\Application->repsonse()
#6 {main}
  thrown in /Users/reinierdelaparra/PhpstormProjects/shop/src/Framework/database/Entity.php on line 52
[05-Apr-2022 09:00:10 UTC] PHP Fatal error:  Uncaught PDOException: SQLSTATE[HY000]: General error: 1364 Field 'buy_coin' doesn't have a default value in /Users/reinierdelaparra/PhpstormProjects/shop/src/Framework/database/Entity.php:52
Stack trace:
#0 /Users/reinierdelaparra/PhpstormProjects/shop/src/Framework/database/Entity.php(52): PDO->exec('INSERT INTO `tr...')
#1 /Users/reinierdelaparra/PhpstormProjects/shop/app/Http/Controller/TransactionController.php(38): Framework\database\Entity->save()
#2 [internal function]: App\Http\Controller\TransactionController->addPost(Object(Framework\router\HttpRequest))
#3 /Users/reinierdelaparra/PhpstormProjects/shop/src/Framework/router/Router.php(57): call_user_func_array(Array, Array)
#4 /Users/reinierdelaparra/PhpstormProjects/shop/src/Framework/Core/Application.php(15): Framework\Router\Router->resolve(Object(Framework\router\HttpRequest))
#5 /Users/reinierdelaparra/PhpstormProjects/shop/public/index.php(7): Framework\Core\Application->repsonse()
#6 {main}
  thrown in /Users/reinierdelaparra/PhpstormProjects/shop/src/Framework/database/Entity.php on line 52
[05-Apr-2022 09:01:06 UTC] PHP Fatal error:  Uncaught PDOException: SQLSTATE[HY000]: General error: 1364 Field 'buy_coin' doesn't have a default value in /Users/reinierdelaparra/PhpstormProjects/shop/src/Framework/database/Entity.php:52
Stack trace:
#0 /Users/reinierdelaparra/PhpstormProjects/shop/src/Framework/database/Entity.php(52): PDO->exec('INSERT INTO `tr...')
#1 /Users/reinierdelaparra/PhpstormProjects/shop/app/Http/Controller/TransactionController.php(38): Framework\database\Entity->save()
#2 [internal function]: App\Http\Controller\TransactionController->addPost(Object(Framework\router\HttpRequest))
#3 /Users/reinierdelaparra/PhpstormProjects/shop/src/Framework/router/Router.php(57): call_user_func_array(Array, Array)
#4 /Users/reinierdelaparra/PhpstormProjects/shop/src/Framework/Core/Application.php(15): Framework\Router\Router->resolve(Object(Framework\router\HttpRequest))
#5 /Users/reinierdelaparra/PhpstormProjects/shop/public/index.php(7): Framework\Core\Application->repsonse()
#6 {main}
  thrown in /Users/reinierdelaparra/PhpstormProjects/shop/src/Framework/database/Entity.php on line 52
[05-Apr-2022 09:03:44 UTC] PHP Fatal error:  Uncaught PDOException: SQLSTATE[HY000]: General error: 1364 Field 'buy_coin' doesn't have a default value in /Users/reinierdelaparra/PhpstormProjects/shop/src/Framework/database/Entity.php:52
Stack trace:
#0 /Users/reinierdelaparra/PhpstormProjects/shop/src/Framework/database/Entity.php(52): PDO->exec('INSERT INTO `tr...')
#1 /Users/reinierdelaparra/PhpstormProjects/shop/app/Http/Controller/TransactionController.php(38): Framework\database\Entity->save()
#2 [internal function]: App\Http\Controller\TransactionController->addPost(Object(Framework\router\HttpRequest))
#3 /Users/reinierdelaparra/PhpstormProjects/shop/src/Framework/router/Router.php(57): call_user_func_array(Array, Array)
#4 /Users/reinierdelaparra/PhpstormProjects/shop/src/Framework/Core/Application.php(15): Framework\Router\Router->resolve(Object(Framework\router\HttpRequest))
#5 /Users/reinierdelaparra/PhpstormProjects/shop/public/index.php(7): Framework\Core\Application->repsonse()
#6 {main}
  thrown in /Users/reinierdelaparra/PhpstormProjects/shop/src/Framework/database/Entity.php on line 52
[05-Apr-2022 09:05:42 UTC] PHP Fatal error:  Uncaught PDOException: SQLSTATE[HY000]: General error: 1364 Field 'buy_coin' doesn't have a default value in /Users/reinierdelaparra/PhpstormProjects/shop/src/Framework/database/Entity.php:52
Stack trace:
#0 /Users/reinierdelaparra/PhpstormProjects/shop/src/Framework/database/Entity.php(52): PDO->exec('INSERT INTO `tr...')
#1 /Users/reinierdelaparra/PhpstormProjects/shop/app/Http/Controller/TransactionController.php(38): Framework\database\Entity->save()
#2 [internal function]: App\Http\Controller\TransactionController->addPost(Object(Framework\router\HttpRequest))
#3 /Users/reinierdelaparra/PhpstormProjects/shop/src/Framework/router/Router.php(57): call_user_func_array(Array, Array)
#4 /Users/reinierdelaparra/PhpstormProjects/shop/src/Framework/Core/Application.php(15): Framework\Router\Router->resolve(Object(Framework\router\HttpRequest))
#5 /Users/reinierdelaparra/PhpstormProjects/shop/public/index.php(7): Framework\Core\Application->repsonse()
#6 {main}
  thrown in /Users/reinierdelaparra/PhpstormProjects/shop/src/Framework/database/Entity.php on line 52
[05-Apr-2022 09:07:15 UTC] PHP Fatal error:  Uncaught PDOException: SQLSTATE[HY000]: General error: 1364 Field 'buy_coin_amount' doesn't have a default value in /Users/reinierdelaparra/PhpstormProjects/shop/src/Framework/database/Entity.php:52
Stack trace:
#0 /Users/reinierdelaparra/PhpstormProjects/shop/src/Framework/database/Entity.php(52): PDO->exec('INSERT INTO `tr...')
#1 /Users/reinierdelaparra/PhpstormProjects/shop/app/Http/Controller/TransactionController.php(36): Framework\database\Entity->save()
#2 [internal function]: App\Http\Controller\TransactionController->addPost(Object(Framework\router\HttpRequest))
#3 /Users/reinierdelaparra/PhpstormProjects/shop/src/Framework/router/Router.php(57): call_user_func_array(Array, Array)
#4 /Users/reinierdelaparra/PhpstormProjects/shop/src/Framework/Core/Application.php(15): Framework\Router\Router->resolve(Object(Framework\router\HttpRequest))
#5 /Users/reinierdelaparra/PhpstormProjects/shop/public/index.php(7): Framework\Core\Application->repsonse()
#6 {main}
  thrown in /Users/reinierdelaparra/PhpstormProjects/shop/src/Framework/database/Entity.php on line 52
[05-Apr-2022 09:11:24 UTC] PHP Warning:  Undefined property: App\Models\Transaction::$id in /Users/reinierdelaparra/PhpstormProjects/shop/src/Framework/database/Entity.php on line 45
[05-Apr-2022 09:11:24 UTC] PHP Fatal error:  Uncaught PDOException: SQLSTATE[23000]: Integrity constraint violation: 1452 Cannot add or update a child row: a foreign key constraint fails (`shop`.`transaction`, CONSTRAINT `transaction_ibfk_1` FOREIGN KEY (`sale_coin`) REFERENCES `coin` (`id`)) in /Users/reinierdelaparra/PhpstormProjects/shop/src/Framework/database/Entity.php:51
Stack trace:
#0 /Users/reinierdelaparra/PhpstormProjects/shop/src/Framework/database/Entity.php(51): PDO->exec('INSERT INTO `tr...')
#1 /Users/reinierdelaparra/PhpstormProjects/shop/app/Http/Controller/TransactionController.php(36): Framework\database\Entity->save()
#2 [internal function]: App\Http\Controller\TransactionController->addPost(Object(Framework\router\HttpRequest))
#3 /Users/reinierdelaparra/PhpstormProjects/shop/src/Framework/router/Router.php(57): call_user_func_array(Array, Array)
#4 /Users/reinierdelaparra/PhpstormProjects/shop/src/Framework/Core/Application.php(15): Framework\Router\Router->resolve(Object(Framework\router\HttpRequest))
#5 /Users/reinierdelaparra/PhpstormProjects/shop/public/index.php(7): Framework\Core\Application->repsonse()
#6 {main}
  thrown in /Users/reinierdelaparra/PhpstormProjects/shop/src/Framework/database/Entity.php on line 51
[05-Apr-2022 09:12:30 UTC] PHP Fatal error:  Uncaught Error: Typed property App\Models\Transaction::$id must not be accessed before initialization in /Users/reinierdelaparra/PhpstormProjects/shop/src/Framework/database/Entity.php:40
Stack trace:
#0 /Users/reinierdelaparra/PhpstormProjects/shop/app/Http/Controller/TransactionController.php(36): Framework\database\Entity->save()
#1 [internal function]: App\Http\Controller\TransactionController->addPost(Object(Framework\router\HttpRequest))
#2 /Users/reinierdelaparra/PhpstormProjects/shop/src/Framework/router/Router.php(57): call_user_func_array(Array, Array)
#3 /Users/reinierdelaparra/PhpstormProjects/shop/src/Framework/Core/Application.php(15): Framework\Router\Router->resolve(Object(Framework\router\HttpRequest))
#4 /Users/reinierdelaparra/PhpstormProjects/shop/public/index.php(7): Framework\Core\Application->repsonse()
#5 {main}
  thrown in /Users/reinierdelaparra/PhpstormProjects/shop/src/Framework/database/Entity.php on line 40
[05-Apr-2022 09:13:12 UTC] PHP Fatal error:  Uncaught Error: Typed property App\Models\Transaction::$sale_coin must not be accessed before initialization in /Users/reinierdelaparra/PhpstormProjects/shop/src/Framework/database/Entity.php:40
Stack trace:
#0 /Users/reinierdelaparra/PhpstormProjects/shop/app/Http/Controller/TransactionController.php(36): Framework\database\Entity->save()
#1 [internal function]: App\Http\Controller\TransactionController->addPost(Object(Framework\router\HttpRequest))
#2 /Users/reinierdelaparra/PhpstormProjects/shop/src/Framework/router/Router.php(57): call_user_func_array(Array, Array)
#3 /Users/reinierdelaparra/PhpstormProjects/shop/src/Framework/Core/Application.php(15): Framework\Router\Router->resolve(Object(Framework\router\HttpRequest))
#4 /Users/reinierdelaparra/PhpstormProjects/shop/public/index.php(7): Framework\Core\Application->repsonse()
#5 {main}
  thrown in /Users/reinierdelaparra/PhpstormProjects/shop/src/Framework/database/Entity.php on line 40
[05-Apr-2022 09:13:34 UTC] PHP Fatal error:  Uncaught PDOException: SQLSTATE[23000]: Integrity constraint violation: 1452 Cannot add or update a child row: a foreign key constraint fails (`shop`.`transaction`, CONSTRAINT `transaction_ibfk_1` FOREIGN KEY (`sale_coin`) REFERENCES `coin` (`id`)) in /Users/reinierdelaparra/PhpstormProjects/shop/src/Framework/database/Entity.php:51
Stack trace:
#0 /Users/reinierdelaparra/PhpstormProjects/shop/src/Framework/database/Entity.php(51): PDO->exec('INSERT INTO `tr...')
#1 /Users/reinierdelaparra/PhpstormProjects/shop/app/Http/Controller/TransactionController.php(36): Framework\database\Entity->save()
#2 [internal function]: App\Http\Controller\TransactionController->addPost(Object(Framework\router\HttpRequest))
#3 /Users/reinierdelaparra/PhpstormProjects/shop/src/Framework/router/Router.php(57): call_user_func_array(Array, Array)
#4 /Users/reinierdelaparra/PhpstormProjects/shop/src/Framework/Core/Application.php(15): Framework\Router\Router->resolve(Object(Framework\router\HttpRequest))
#5 /Users/reinierdelaparra/PhpstormProjects/shop/public/index.php(7): Framework\Core\Application->repsonse()
#6 {main}
  thrown in /Users/reinierdelaparra/PhpstormProjects/shop/src/Framework/database/Entity.php on line 51
[05-Apr-2022 09:14:00 UTC] PHP Fatal error:  Uncaught PDOException: SQLSTATE[22007]: Invalid datetime format: 1366 Incorrect integer value: '' for column `shop`.`transaction`.`id` at row 1 in /Users/reinierdelaparra/PhpstormProjects/shop/src/Framework/database/Entity.php:51
Stack trace:
#0 /Users/reinierdelaparra/PhpstormProjects/shop/src/Framework/database/Entity.php(51): PDO->exec('INSERT INTO `tr...')
#1 /Users/reinierdelaparra/PhpstormProjects/shop/app/Http/Controller/TransactionController.php(36): Framework\database\Entity->save()
#2 [internal function]: App\Http\Controller\TransactionController->addPost(Object(Framework\router\HttpRequest))
#3 /Users/reinierdelaparra/PhpstormProjects/shop/src/Framework/router/Router.php(57): call_user_func_array(Array, Array)
#4 /Users/reinierdelaparra/PhpstormProjects/shop/src/Framework/Core/Application.php(15): Framework\Router\Router->resolve(Object(Framework\router\HttpRequest))
#5 /Users/reinierdelaparra/PhpstormProjects/shop/public/index.php(7): Framework\Core\Application->repsonse()
#6 {main}
  thrown in /Users/reinierdelaparra/PhpstormProjects/shop/src/Framework/database/Entity.php on line 51
[05-Apr-2022 09:14:47 UTC] PHP Fatal error:  Uncaught PDOException: SQLSTATE[22007]: Invalid datetime format: 1366 Incorrect integer value: '' for column `shop`.`transaction`.`id` at row 1 in /Users/reinierdelaparra/PhpstormProjects/shop/src/Framework/database/Entity.php:51
Stack trace:
#0 /Users/reinierdelaparra/PhpstormProjects/shop/src/Framework/database/Entity.php(51): PDO->exec('INSERT INTO `tr...')
#1 /Users/reinierdelaparra/PhpstormProjects/shop/app/Http/Controller/TransactionController.php(36): Framework\database\Entity->save()
#2 [internal function]: App\Http\Controller\TransactionController->addPost(Object(Framework\router\HttpRequest))
#3 /Users/reinierdelaparra/PhpstormProjects/shop/src/Framework/router/Router.php(57): call_user_func_array(Array, Array)
#4 /Users/reinierdelaparra/PhpstormProjects/shop/src/Framework/Core/Application.php(15): Framework\Router\Router->resolve(Object(Framework\router\HttpRequest))
#5 /Users/reinierdelaparra/PhpstormProjects/shop/public/index.php(7): Framework\Core\Application->repsonse()
#6 {main}
  thrown in /Users/reinierdelaparra/PhpstormProjects/shop/src/Framework/database/Entity.php on line 51
[05-Apr-2022 09:21:23 UTC] PHP Fatal error:  Uncaught PDOException: SQLSTATE[42000]: Syntax error or access violation: 1064 You have an error in your SQL syntax; check the manual that corresponds to your MariaDB server version for the right syntax to use near '&quot;&quot;,`sale_coin` = &quot;&quot;,`sale_coin_amount` = &quot;&quot;,`bu...' at line 1 in /Users/reinierdelaparra/PhpstormProjects/shop/src/Framework/database/Entity.php:52
Stack trace:
#0 /Users/reinierdelaparra/PhpstormProjects/shop/src/Framework/database/Entity.php(52): PDOStatement->execute()
#1 /Users/reinierdelaparra/PhpstormProjects/shop/app/Http/Controller/TransactionController.php(36): Framework\database\Entity->save()
#2 [internal function]: App\Http\Controller\TransactionController->addPost(Object(Framework\router\HttpRequest))
#3 /Users/reinierdelaparra/PhpstormProjects/shop/src/Framework/router/Router.php(57): call_user_func_array(Array, Array)
#4 /Users/reinierdelaparra/PhpstormProjects/shop/src/Framework/Core/Application.php(15): Framework\Router\Router->resolve(Object(Framework\router\HttpRequest))
#5 /Users/reinierdelaparra/PhpstormProjects/shop/public/index.php(7): Framework\Core\Application->repsonse()
#6 {main}
  thrown in /Users/reinierdelaparra/PhpstormProjects/shop/src/Framework/database/Entity.php on line 52
[05-Apr-2022 09:21:50 UTC] PHP Fatal error:  Uncaught PDOException: SQLSTATE[22007]: Invalid datetime format: 1366 Incorrect integer value: '' for column `shop`.`transaction`.`id` at row 1 in /Users/reinierdelaparra/PhpstormProjects/shop/src/Framework/database/Entity.php:52
Stack trace:
#0 /Users/reinierdelaparra/PhpstormProjects/shop/src/Framework/database/Entity.php(52): PDOStatement->execute()
#1 /Users/reinierdelaparra/PhpstormProjects/shop/app/Http/Controller/TransactionController.php(36): Framework\database\Entity->save()
#2 [internal function]: App\Http\Controller\TransactionController->addPost(Object(Framework\router\HttpRequest))
#3 /Users/reinierdelaparra/PhpstormProjects/shop/src/Framework/router/Router.php(57): call_user_func_array(Array, Array)
#4 /Users/reinierdelaparra/PhpstormProjects/shop/src/Framework/Core/Application.php(15): Framework\Router\Router->resolve(Object(Framework\router\HttpRequest))
#5 /Users/reinierdelaparra/PhpstormProjects/shop/public/index.php(7): Framework\Core\Application->repsonse()
#6 {main}
  thrown in /Users/reinierdelaparra/PhpstormProjects/shop/src/Framework/database/Entity.php on line 52
[05-Apr-2022 09:30:58 UTC] PHP Fatal error:  Uncaught PDOException: SQLSTATE[HY093]: Invalid parameter number: number of bound variables does not match number of tokens in /Users/reinierdelaparra/PhpstormProjects/shop/src/Framework/database/Entity.php:59
Stack trace:
#0 /Users/reinierdelaparra/PhpstormProjects/shop/src/Framework/database/Entity.php(59): PDOStatement->execute()
#1 /Users/reinierdelaparra/PhpstormProjects/shop/app/Http/Controller/TransactionController.php(36): Framework\database\Entity->save()
#2 [internal function]: App\Http\Controller\TransactionController->addPost(Object(Framework\router\HttpRequest))
#3 /Users/reinierdelaparra/PhpstormProjects/shop/src/Framework/router/Router.php(57): call_user_func_array(Array, Array)
#4 /Users/reinierdelaparra/PhpstormProjects/shop/src/Framework/Core/Application.php(15): Framework\Router\Router->resolve(Object(Framework\router\HttpRequest))
#5 /Users/reinierdelaparra/PhpstormProjects/shop/public/index.php(7): Framework\Core\Application->repsonse()
#6 {main}
  thrown in /Users/reinierdelaparra/PhpstormProjects/shop/src/Framework/database/Entity.php on line 59
[05-Apr-2022 09:33:30 UTC] PHP Fatal error:  Uncaught PDOException: SQLSTATE[HY093]: Invalid parameter number: number of bound variables does not match number of tokens in /Users/reinierdelaparra/PhpstormProjects/shop/src/Framework/database/Entity.php:59
Stack trace:
#0 /Users/reinierdelaparra/PhpstormProjects/shop/src/Framework/database/Entity.php(59): PDOStatement->execute()
#1 /Users/reinierdelaparra/PhpstormProjects/shop/app/Http/Controller/TransactionController.php(36): Framework\database\Entity->save()
#2 [internal function]: App\Http\Controller\TransactionController->addPost(Object(Framework\router\HttpRequest))
#3 /Users/reinierdelaparra/PhpstormProjects/shop/src/Framework/router/Router.php(57): call_user_func_array(Array, Array)
#4 /Users/reinierdelaparra/PhpstormProjects/shop/src/Framework/Core/Application.php(15): Framework\Router\Router->resolve(Object(Framework\router\HttpRequest))
#5 /Users/reinierdelaparra/PhpstormProjects/shop/public/index.php(7): Framework\Core\Application->repsonse()
#6 {main}
  thrown in /Users/reinierdelaparra/PhpstormProjects/shop/src/Framework/database/Entity.php on line 59
[05-Apr-2022 09:34:11 UTC] PHP Fatal error:  Uncaught PDOException: SQLSTATE[22007]: Invalid datetime format: 1366 Incorrect integer value: ':id' for column `shop`.`transaction`.`id` at row 1 in /Users/reinierdelaparra/PhpstormProjects/shop/src/Framework/database/Entity.php:59
Stack trace:
#0 /Users/reinierdelaparra/PhpstormProjects/shop/src/Framework/database/Entity.php(59): PDOStatement->execute()
#1 /Users/reinierdelaparra/PhpstormProjects/shop/app/Http/Controller/TransactionController.php(36): Framework\database\Entity->save()
#2 [internal function]: App\Http\Controller\TransactionController->addPost(Object(Framework\router\HttpRequest))
#3 /Users/reinierdelaparra/PhpstormProjects/shop/src/Framework/router/Router.php(57): call_user_func_array(Array, Array)
#4 /Users/reinierdelaparra/PhpstormProjects/shop/src/Framework/Core/Application.php(15): Framework\Router\Router->resolve(Object(Framework\router\HttpRequest))
#5 /Users/reinierdelaparra/PhpstormProjects/shop/public/index.php(7): Framework\Core\Application->repsonse()
#6 {main}
  thrown in /Users/reinierdelaparra/PhpstormProjects/shop/src/Framework/database/Entity.php on line 59
[05-Apr-2022 09:38:06 UTC] PHP Fatal error:  Uncaught Error: Call to undefined method Framework\database\MysqlConnection::execute() in /Users/reinierdelaparra/PhpstormProjects/shop/src/Framework/database/Entity.php:50
Stack trace:
#0 /Users/reinierdelaparra/PhpstormProjects/shop/app/Http/Controller/TransactionController.php(36): Framework\database\Entity->save()
#1 [internal function]: App\Http\Controller\TransactionController->addPost(Object(Framework\router\HttpRequest))
#2 /Users/reinierdelaparra/PhpstormProjects/shop/src/Framework/router/Router.php(57): call_user_func_array(Array, Array)
#3 /Users/reinierdelaparra/PhpstormProjects/shop/src/Framework/Core/Application.php(15): Framework\Router\Router->resolve(Object(Framework\router\HttpRequest))
#4 /Users/reinierdelaparra/PhpstormProjects/shop/public/index.php(7): Framework\Core\Application->repsonse()
#5 {main}
  thrown in /Users/reinierdelaparra/PhpstormProjects/shop/src/Framework/database/Entity.php on line 50
[05-Apr-2022 09:38:18 UTC] PHP Fatal error:  Uncaught Error: Call to undefined method PDO::execute() in /Users/reinierdelaparra/PhpstormProjects/shop/src/Framework/database/Entity.php:50
Stack trace:
#0 /Users/reinierdelaparra/PhpstormProjects/shop/app/Http/Controller/TransactionController.php(36): Framework\database\Entity->save()
#1 [internal function]: App\Http\Controller\TransactionController->addPost(Object(Framework\router\HttpRequest))
#2 /Users/reinierdelaparra/PhpstormProjects/shop/src/Framework/router/Router.php(57): call_user_func_array(Array, Array)
#3 /Users/reinierdelaparra/PhpstormProjects/shop/src/Framework/Core/Application.php(15): Framework\Router\Router->resolve(Object(Framework\router\HttpRequest))
#4 /Users/reinierdelaparra/PhpstormProjects/shop/public/index.php(7): Framework\Core\Application->repsonse()
#5 {main}
  thrown in /Users/reinierdelaparra/PhpstormProjects/shop/src/Framework/database/Entity.php on line 50
[05-Apr-2022 09:39:02 UTC] PHP Fatal error:  Uncaught Error: Call to undefined method Framework\database\MysqlConnection::execute() in /Users/reinierdelaparra/PhpstormProjects/shop/src/Framework/database/Entity.php:50
Stack trace:
#0 /Users/reinierdelaparra/PhpstormProjects/shop/app/Http/Controller/TransactionController.php(36): Framework\database\Entity->save()
#1 [internal function]: App\Http\Controller\TransactionController->addPost(Object(Framework\router\HttpRequest))
#2 /Users/reinierdelaparra/PhpstormProjects/shop/src/Framework/router/Router.php(57): call_user_func_array(Array, Array)
#3 /Users/reinierdelaparra/PhpstormProjects/shop/src/Framework/Core/Application.php(15): Framework\Router\Router->resolve(Object(Framework\router\HttpRequest))
#4 /Users/reinierdelaparra/PhpstormProjects/shop/public/index.php(7): Framework\Core\Application->repsonse()
#5 {main}
  thrown in /Users/reinierdelaparra/PhpstormProjects/shop/src/Framework/database/Entity.php on line 50
[05-Apr-2022 09:43:29 UTC] PHP Fatal error:  Uncaught Error: Call to undefined method Framework\database\MysqlConnection::execute() in /Users/reinierdelaparra/PhpstormProjects/shop/src/Framework/database/Entity.php:47
Stack trace:
#0 /Users/reinierdelaparra/PhpstormProjects/shop/app/Http/Controller/TransactionController.php(36): Framework\database\Entity->save()
#1 [internal function]: App\Http\Controller\TransactionController->addPost(Object(Framework\router\HttpRequest))
#2 /Users/reinierdelaparra/PhpstormProjects/shop/src/Framework/router/Router.php(57): call_user_func_array(Array, Array)
#3 /Users/reinierdelaparra/PhpstormProjects/shop/src/Framework/Core/Application.php(15): Framework\Router\Router->resolve(Object(Framework\router\HttpRequest))
#4 /Users/reinierdelaparra/PhpstormProjects/shop/public/index.php(7): Framework\Core\Application->repsonse()
#5 {main}
  thrown in /Users/reinierdelaparra/PhpstormProjects/shop/src/Framework/database/Entity.php on line 47
[05-Apr-2022 09:47:40 UTC] PHP Fatal error:  Uncaught PDOException: SQLSTATE[HY093]: Invalid parameter number: number of bound variables does not match number of tokens in /Users/reinierdelaparra/PhpstormProjects/shop/src/Framework/database/Entity.php:53
Stack trace:
#0 /Users/reinierdelaparra/PhpstormProjects/shop/src/Framework/database/Entity.php(53): PDOStatement->execute()
#1 /Users/reinierdelaparra/PhpstormProjects/shop/app/Http/Controller/TransactionController.php(36): Framework\database\Entity->save()
#2 [internal function]: App\Http\Controller\TransactionController->addPost(Object(Framework\router\HttpRequest))
#3 /Users/reinierdelaparra/PhpstormProjects/shop/src/Framework/router/Router.php(57): call_user_func_array(Array, Array)
#4 /Users/reinierdelaparra/PhpstormProjects/shop/src/Framework/Core/Application.php(15): Framework\Router\Router->resolve(Object(Framework\router\HttpRequest))
#5 /Users/reinierdelaparra/PhpstormProjects/shop/public/index.php(7): Framework\Core\Application->repsonse()
#6 {main}
  thrown in /Users/reinierdelaparra/PhpstormProjects/shop/src/Framework/database/Entity.php on line 53
[05-Apr-2022 09:52:38 UTC] PHP Fatal error:  Uncaught PDOException: SQLSTATE[HY093]: Invalid parameter number: number of bound variables does not match number of tokens in /Users/reinierdelaparra/PhpstormProjects/shop/src/Framework/database/Entity.php:58
Stack trace:
#0 /Users/reinierdelaparra/PhpstormProjects/shop/src/Framework/database/Entity.php(58): PDOStatement->execute()
#1 /Users/reinierdelaparra/PhpstormProjects/shop/app/Http/Controller/TransactionController.php(36): Framework\database\Entity->save()
#2 [internal function]: App\Http\Controller\TransactionController->addPost(Object(Framework\router\HttpRequest))
#3 /Users/reinierdelaparra/PhpstormProjects/shop/src/Framework/router/Router.php(57): call_user_func_array(Array, Array)
#4 /Users/reinierdelaparra/PhpstormProjects/shop/src/Framework/Core/Application.php(15): Framework\Router\Router->resolve(Object(Framework\router\HttpRequest))
#5 /Users/reinierdelaparra/PhpstormProjects/shop/public/index.php(7): Framework\Core\Application->repsonse()
#6 {main}
  thrown in /Users/reinierdelaparra/PhpstormProjects/shop/src/Framework/database/Entity.php on line 58
[05-Apr-2022 10:03:08 UTC] PHP Warning:  Attempt to read property "name" on array in /Users/reinierdelaparra/PhpstormProjects/shop/src/Framework/database/Entity.php on line 44
[05-Apr-2022 10:27:20 UTC] PHP Fatal error:  Uncaught PDOException: SQLSTATE[HY093]: Invalid parameter number: number of bound variables does not match number of tokens in /Users/reinierdelaparra/PhpstormProjects/shop/src/Framework/database/Entity.php:59
Stack trace:
#0 /Users/reinierdelaparra/PhpstormProjects/shop/src/Framework/database/Entity.php(59): PDOStatement->execute()
#1 /Users/reinierdelaparra/PhpstormProjects/shop/app/Http/Controller/TransactionController.php(36): Framework\database\Entity->save()
#2 [internal function]: App\Http\Controller\TransactionController->addPost(Object(Framework\router\HttpRequest))
#3 /Users/reinierdelaparra/PhpstormProjects/shop/src/Framework/router/Router.php(57): call_user_func_array(Array, Array)
#4 /Users/reinierdelaparra/PhpstormProjects/shop/src/Framework/Core/Application.php(15): Framework\Router\Router->resolve(Object(Framework\router\HttpRequest))
#5 /Users/reinierdelaparra/PhpstormProjects/shop/public/index.php(7): Framework\Core\Application->repsonse()
#6 {main}
  thrown in /Users/reinierdelaparra/PhpstormProjects/shop/src/Framework/database/Entity.php on line 59
[05-Apr-2022 10:27:47 UTC] PHP Fatal error:  Uncaught PDOException: SQLSTATE[HY093]: Invalid parameter number: number of bound variables does not match number of tokens in /Users/reinierdelaparra/PhpstormProjects/shop/src/Framework/database/Entity.php:61
Stack trace:
#0 /Users/reinierdelaparra/PhpstormProjects/shop/src/Framework/database/Entity.php(61): PDOStatement->execute()
#1 /Users/reinierdelaparra/PhpstormProjects/shop/app/Http/Controller/TransactionController.php(36): Framework\database\Entity->save()
#2 [internal function]: App\Http\Controller\TransactionController->addPost(Object(Framework\router\HttpRequest))
#3 /Users/reinierdelaparra/PhpstormProjects/shop/src/Framework/router/Router.php(57): call_user_func_array(Array, Array)
#4 /Users/reinierdelaparra/PhpstormProjects/shop/src/Framework/Core/Application.php(15): Framework\Router\Router->resolve(Object(Framework\router\HttpRequest))
#5 /Users/reinierdelaparra/PhpstormProjects/shop/public/index.php(7): Framework\Core\Application->repsonse()
#6 {main}
  thrown in /Users/reinierdelaparra/PhpstormProjects/shop/src/Framework/database/Entity.php on line 61
[05-Apr-2022 10:28:03 UTC] PHP Fatal error:  Uncaught PDOException: SQLSTATE[HY093]: Invalid parameter number: number of bound variables does not match number of tokens in /Users/reinierdelaparra/PhpstormProjects/shop/src/Framework/database/Entity.php:61
Stack trace:
#0 /Users/reinierdelaparra/PhpstormProjects/shop/src/Framework/database/Entity.php(61): PDOStatement->execute()
#1 /Users/reinierdelaparra/PhpstormProjects/shop/app/Http/Controller/TransactionController.php(36): Framework\database\Entity->save()
#2 [internal function]: App\Http\Controller\TransactionController->addPost(Object(Framework\router\HttpRequest))
#3 /Users/reinierdelaparra/PhpstormProjects/shop/src/Framework/router/Router.php(57): call_user_func_array(Array, Array)
#4 /Users/reinierdelaparra/PhpstormProjects/shop/src/Framework/Core/Application.php(15): Framework\Router\Router->resolve(Object(Framework\router\HttpRequest))
#5 /Users/reinierdelaparra/PhpstormProjects/shop/public/index.php(7): Framework\Core\Application->repsonse()
#6 {main}
  thrown in /Users/reinierdelaparra/PhpstormProjects/shop/src/Framework/database/Entity.php on line 61
[05-Apr-2022 10:34:21 UTC] PHP Fatal error:  Uncaught PDOException: SQLSTATE[42000]: Syntax error or access violation: 1064 You have an error in your SQL syntax; check the manual that corresponds to your MariaDB server version for the right syntax to use near '' at line 1 in /Users/reinierdelaparra/PhpstormProjects/shop/src/Framework/database/Entity.php:60
Stack trace:
#0 /Users/reinierdelaparra/PhpstormProjects/shop/src/Framework/database/Entity.php(60): PDOStatement->execute()
#1 /Users/reinierdelaparra/PhpstormProjects/shop/app/Http/Controller/TransactionController.php(36): Framework\database\Entity->save()
#2 [internal function]: App\Http\Controller\TransactionController->addPost(Object(Framework\router\HttpRequest))
#3 /Users/reinierdelaparra/PhpstormProjects/shop/src/Framework/router/Router.php(57): call_user_func_array(Array, Array)
#4 /Users/reinierdelaparra/PhpstormProjects/shop/src/Framework/Core/Application.php(15): Framework\Router\Router->resolve(Object(Framework\router\HttpRequest))
#5 /Users/reinierdelaparra/PhpstormProjects/shop/public/index.php(7): Framework\Core\Application->repsonse()
#6 {main}
  thrown in /Users/reinierdelaparra/PhpstormProjects/shop/src/Framework/database/Entity.php on line 60
[05-Apr-2022 10:34:36 UTC] PHP Fatal error:  Uncaught PDOException: SQLSTATE[42000]: Syntax error or access violation: 1064 You have an error in your SQL syntax; check the manual that corresponds to your MariaDB server version for the right syntax to use near '' at line 1 in /Users/reinierdelaparra/PhpstormProjects/shop/src/Framework/database/Entity.php:60
Stack trace:
#0 /Users/reinierdelaparra/PhpstormProjects/shop/src/Framework/database/Entity.php(60): PDOStatement->execute()
#1 /Users/reinierdelaparra/PhpstormProjects/shop/app/Http/Controller/TransactionController.php(36): Framework\database\Entity->save()
#2 [internal function]: App\Http\Controller\TransactionController->addPost(Object(Framework\router\HttpRequest))
#3 /Users/reinierdelaparra/PhpstormProjects/shop/src/Framework/router/Router.php(57): call_user_func_array(Array, Array)
#4 /Users/reinierdelaparra/PhpstormProjects/shop/src/Framework/Core/Application.php(15): Framework\Router\Router->resolve(Object(Framework\router\HttpRequest))
#5 /Users/reinierdelaparra/PhpstormProjects/shop/public/index.php(7): Framework\Core\Application->repsonse()
#6 {main}
  thrown in /Users/reinierdelaparra/PhpstormProjects/shop/src/Framework/database/Entity.php on line 60
[05-Apr-2022 10:38:08 UTC] PHP Fatal error:  Uncaught ArgumentCountError: PDOStatement::bindColumn() expects at least 2 arguments, 0 given in /Users/reinierdelaparra/PhpstormProjects/shop/src/Framework/database/Entity.php:54
Stack trace:
#0 /Users/reinierdelaparra/PhpstormProjects/shop/src/Framework/database/Entity.php(54): PDOStatement->bindColumn()
#1 /Users/reinierdelaparra/PhpstormProjects/shop/app/Http/Controller/TransactionController.php(36): Framework\database\Entity->save()
#2 [internal function]: App\Http\Controller\TransactionController->addPost(Object(Framework\router\HttpRequest))
#3 /Users/reinierdelaparra/PhpstormProjects/shop/src/Framework/router/Router.php(57): call_user_func_array(Array, Array)
#4 /Users/reinierdelaparra/PhpstormProjects/shop/src/Framework/Core/Application.php(15): Framework\Router\Router->resolve(Object(Framework\router\HttpRequest))
#5 /Users/reinierdelaparra/PhpstormProjects/shop/public/index.php(7): Framework\Core\Application->repsonse()
#6 {main}
  thrown in /Users/reinierdelaparra/PhpstormProjects/shop/src/Framework/database/Entity.php on line 54
[05-Apr-2022 10:38:24 UTC] PHP Fatal error:  Uncaught PDOException: SQLSTATE[HY093]: Invalid parameter number: number of bound variables does not match number of tokens in /Users/reinierdelaparra/PhpstormProjects/shop/src/Framework/database/Entity.php:62
Stack trace:
#0 /Users/reinierdelaparra/PhpstormProjects/shop/src/Framework/database/Entity.php(62): PDOStatement->execute()
#1 /Users/reinierdelaparra/PhpstormProjects/shop/app/Http/Controller/TransactionController.php(36): Framework\database\Entity->save()
#2 [internal function]: App\Http\Controller\TransactionController->addPost(Object(Framework\router\HttpRequest))
#3 /Users/reinierdelaparra/PhpstormProjects/shop/src/Framework/router/Router.php(57): call_user_func_array(Array, Array)
#4 /Users/reinierdelaparra/PhpstormProjects/shop/src/Framework/Core/Application.php(15): Framework\Router\Router->resolve(Object(Framework\router\HttpRequest))
#5 /Users/reinierdelaparra/PhpstormProjects/shop/public/index.php(7): Framework\Core\Application->repsonse()
#6 {main}
  thrown in /Users/reinierdelaparra/PhpstormProjects/shop/src/Framework/database/Entity.php on line 62
[05-Apr-2022 10:38:41 UTC] PHP Fatal error:  Uncaught PDOException: SQLSTATE[HY093]: Invalid parameter number: number of bound variables does not match number of tokens in /Users/reinierdelaparra/PhpstormProjects/shop/src/Framework/database/Entity.php:63
Stack trace:
#0 /Users/reinierdelaparra/PhpstormProjects/shop/src/Framework/database/Entity.php(63): PDOStatement->execute()
#1 /Users/reinierdelaparra/PhpstormProjects/shop/app/Http/Controller/TransactionController.php(36): Framework\database\Entity->save()
#2 [internal function]: App\Http\Controller\TransactionController->addPost(Object(Framework\router\HttpRequest))
#3 /Users/reinierdelaparra/PhpstormProjects/shop/src/Framework/router/Router.php(57): call_user_func_array(Array, Array)
#4 /Users/reinierdelaparra/PhpstormProjects/shop/src/Framework/Core/Application.php(15): Framework\Router\Router->resolve(Object(Framework\router\HttpRequest))
#5 /Users/reinierdelaparra/PhpstormProjects/shop/public/index.php(7): Framework\Core\Application->repsonse()
#6 {main}
  thrown in /Users/reinierdelaparra/PhpstormProjects/shop/src/Framework/database/Entity.php on line 63
[05-Apr-2022 10:39:30 UTC] PHP Fatal error:  Uncaught PDOException: SQLSTATE[]: <<Unknown error>> in /Users/reinierdelaparra/PhpstormProjects/shop/src/Framework/database/Entity.php:56
Stack trace:
#0 /Users/reinierdelaparra/PhpstormProjects/shop/src/Framework/database/Entity.php(56): PDOStatement->getIterator()
#1 /Users/reinierdelaparra/PhpstormProjects/shop/app/Http/Controller/TransactionController.php(36): Framework\database\Entity->save()
#2 [internal function]: App\Http\Controller\TransactionController->addPost(Object(Framework\router\HttpRequest))
#3 /Users/reinierdelaparra/PhpstormProjects/shop/src/Framework/router/Router.php(57): call_user_func_array(Array, Array)
#4 /Users/reinierdelaparra/PhpstormProjects/shop/src/Framework/Core/Application.php(15): Framework\Router\Router->resolve(Object(Framework\router\HttpRequest))
#5 /Users/reinierdelaparra/PhpstormProjects/shop/public/index.php(7): Framework\Core\Application->repsonse()
#6 {main}
  thrown in /Users/reinierdelaparra/PhpstormProjects/shop/src/Framework/database/Entity.php on line 56
[05-Apr-2022 10:41:07 UTC] PHP Fatal error:  Uncaught PDOException: SQLSTATE[HY093]: Invalid parameter number: number of bound variables does not match number of tokens in /Users/reinierdelaparra/PhpstormProjects/shop/src/Framework/database/Entity.php:69
Stack trace:
#0 /Users/reinierdelaparra/PhpstormProjects/shop/src/Framework/database/Entity.php(69): PDOStatement->execute()
#1 /Users/reinierdelaparra/PhpstormProjects/shop/app/Http/Controller/TransactionController.php(36): Framework\database\Entity->save()
#2 [internal function]: App\Http\Controller\TransactionController->addPost(Object(Framework\router\HttpRequest))
#3 /Users/reinierdelaparra/PhpstormProjects/shop/src/Framework/router/Router.php(57): call_user_func_array(Array, Array)
#4 /Users/reinierdelaparra/PhpstormProjects/shop/src/Framework/Core/Application.php(15): Framework\Router\Router->resolve(Object(Framework\router\HttpRequest))
#5 /Users/reinierdelaparra/PhpstormProjects/shop/public/index.php(7): Framework\Core\Application->repsonse()
#6 {main}
  thrown in /Users/reinierdelaparra/PhpstormProjects/shop/src/Framework/database/Entity.php on line 69
[05-Apr-2022 10:42:23 UTC] PHP Fatal error:  Uncaught PDOException: SQLSTATE[HY093]: Invalid parameter number: number of bound variables does not match number of tokens in /Users/reinierdelaparra/PhpstormProjects/shop/src/Framework/database/Entity.php:67
Stack trace:
#0 /Users/reinierdelaparra/PhpstormProjects/shop/src/Framework/database/Entity.php(67): PDOStatement->execute()
#1 /Users/reinierdelaparra/PhpstormProjects/shop/app/Http/Controller/TransactionController.php(36): Framework\database\Entity->save()
#2 [internal function]: App\Http\Controller\TransactionController->addPost(Object(Framework\router\HttpRequest))
#3 /Users/reinierdelaparra/PhpstormProjects/shop/src/Framework/router/Router.php(57): call_user_func_array(Array, Array)
#4 /Users/reinierdelaparra/PhpstormProjects/shop/src/Framework/Core/Application.php(15): Framework\Router\Router->resolve(Object(Framework\router\HttpRequest))
#5 /Users/reinierdelaparra/PhpstormProjects/shop/public/index.php(7): Framework\Core\Application->repsonse()
#6 {main}
  thrown in /Users/reinierdelaparra/PhpstormProjects/shop/src/Framework/database/Entity.php on line 67
[05-Apr-2022 10:44:05 UTC] PHP Fatal error:  Uncaught PDOException: SQLSTATE[HY093]: Invalid parameter number: number of bound variables does not match number of tokens in /Users/reinierdelaparra/PhpstormProjects/shop/src/Framework/database/Entity.php:62
Stack trace:
#0 /Users/reinierdelaparra/PhpstormProjects/shop/src/Framework/database/Entity.php(62): PDOStatement->execute()
#1 /Users/reinierdelaparra/PhpstormProjects/shop/app/Http/Controller/TransactionController.php(36): Framework\database\Entity->save()
#2 [internal function]: App\Http\Controller\TransactionController->addPost(Object(Framework\router\HttpRequest))
#3 /Users/reinierdelaparra/PhpstormProjects/shop/src/Framework/router/Router.php(57): call_user_func_array(Array, Array)
#4 /Users/reinierdelaparra/PhpstormProjects/shop/src/Framework/Core/Application.php(15): Framework\Router\Router->resolve(Object(Framework\router\HttpRequest))
#5 /Users/reinierdelaparra/PhpstormProjects/shop/public/index.php(7): Framework\Core\Application->repsonse()
#6 {main}
  thrown in /Users/reinierdelaparra/PhpstormProjects/shop/src/Framework/database/Entity.php on line 62
[05-Apr-2022 10:46:52 UTC] PHP Fatal error:  Uncaught PDOException: SQLSTATE[23000]: Integrity constraint violation: 1452 Cannot add or update a child row: a foreign key constraint fails (`shop`.`transaction`, CONSTRAINT `transaction_ibfk_1` FOREIGN KEY (`sale_coin`) REFERENCES `coin` (`id`)) in /Users/reinierdelaparra/PhpstormProjects/shop/src/Framework/database/Entity.php:62
Stack trace:
#0 /Users/reinierdelaparra/PhpstormProjects/shop/src/Framework/database/Entity.php(62): PDOStatement->execute()
#1 /Users/reinierdelaparra/PhpstormProjects/shop/app/Http/Controller/TransactionController.php(36): Framework\database\Entity->save()
#2 [internal function]: App\Http\Controller\TransactionController->addPost(Object(Framework\router\HttpRequest))
#3 /Users/reinierdelaparra/PhpstormProjects/shop/src/Framework/router/Router.php(57): call_user_func_array(Array, Array)
#4 /Users/reinierdelaparra/PhpstormProjects/shop/src/Framework/Core/Application.php(15): Framework\Router\Router->resolve(Object(Framework\router\HttpRequest))
#5 /Users/reinierdelaparra/PhpstormProjects/shop/public/index.php(7): Framework\Core\Application->repsonse()
#6 {main}
  thrown in /Users/reinierdelaparra/PhpstormProjects/shop/src/Framework/database/Entity.php on line 62
[05-Apr-2022 10:49:45 UTC] PHP Warning:  Attempt to read property "name" on bool in /Users/reinierdelaparra/PhpstormProjects/shop/app/Views/Transaction/Index.render.php on line 29
[05-Apr-2022 10:49:45 UTC] PHP Warning:  Attempt to read property "name" on bool in /Users/reinierdelaparra/PhpstormProjects/shop/app/Views/Transaction/Index.render.php on line 35
[05-Apr-2022 10:49:45 UTC] PHP Warning:  Attempt to read property "name" on bool in /Users/reinierdelaparra/PhpstormProjects/shop/app/Views/Transaction/Index.render.php on line 29
[05-Apr-2022 10:49:45 UTC] PHP Warning:  Attempt to read property "name" on bool in /Users/reinierdelaparra/PhpstormProjects/shop/app/Views/Transaction/Index.render.php on line 35
[05-Apr-2022 10:51:03 UTC] PHP Warning:  Attempt to read property "name" on bool in /Users/reinierdelaparra/PhpstormProjects/shop/app/Views/Transaction/Index.render.php on line 29
[05-Apr-2022 10:51:03 UTC] PHP Warning:  Attempt to read property "name" on bool in /Users/reinierdelaparra/PhpstormProjects/shop/app/Views/Transaction/Index.render.php on line 35
[05-Apr-2022 10:51:52 UTC] PHP Warning:  Attempt to read property "name" on bool in /Users/reinierdelaparra/PhpstormProjects/shop/app/Views/Transaction/Index.render.php on line 29
[05-Apr-2022 10:51:52 UTC] PHP Warning:  Attempt to read property "name" on bool in /Users/reinierdelaparra/PhpstormProjects/shop/app/Views/Transaction/Index.render.php on line 35
[05-Apr-2022 10:53:23 UTC] PHP Fatal error:  Uncaught ArgumentCountError: var_dump() expects at least 1 argument, 0 given in /Users/reinierdelaparra/PhpstormProjects/shop/app/Http/Controller/TransactionController.php:36
Stack trace:
#0 /Users/reinierdelaparra/PhpstormProjects/shop/app/Http/Controller/TransactionController.php(36): var_dump()
#1 [internal function]: App\Http\Controller\TransactionController->addPost(Object(Framework\router\HttpRequest))
#2 /Users/reinierdelaparra/PhpstormProjects/shop/src/Framework/router/Router.php(57): call_user_func_array(Array, Array)
#3 /Users/reinierdelaparra/PhpstormProjects/shop/src/Framework/Core/Application.php(15): Framework\Router\Router->resolve(Object(Framework\router\HttpRequest))
#4 /Users/reinierdelaparra/PhpstormProjects/shop/public/index.php(7): Framework\Core\Application->repsonse()
#5 {main}
  thrown in /Users/reinierdelaparra/PhpstormProjects/shop/app/Http/Controller/TransactionController.php on line 36
[05-Apr-2022 10:53:47 UTC] PHP Warning:  Attempt to read property "name" on bool in /Users/reinierdelaparra/PhpstormProjects/shop/app/Views/Transaction/Index.render.php on line 29
[05-Apr-2022 10:53:47 UTC] PHP Warning:  Attempt to read property "name" on bool in /Users/reinierdelaparra/PhpstormProjects/shop/app/Views/Transaction/Index.render.php on line 35
[05-Apr-2022 10:53:47 UTC] PHP Warning:  Attempt to read property "name" on bool in /Users/reinierdelaparra/PhpstormProjects/shop/app/Views/Transaction/Index.render.php on line 29
[05-Apr-2022 10:53:47 UTC] PHP Warning:  Attempt to read property "name" on bool in /Users/reinierdelaparra/PhpstormProjects/shop/app/Views/Transaction/Index.render.php on line 35
[05-Apr-2022 10:53:53 UTC] PHP Warning:  Attempt to read property "name" on bool in /Users/reinierdelaparra/PhpstormProjects/shop/app/Views/Transaction/Index.render.php on line 29
[05-Apr-2022 10:53:53 UTC] PHP Warning:  Attempt to read property "name" on bool in /Users/reinierdelaparra/PhpstormProjects/shop/app/Views/Transaction/Index.render.php on line 35
[05-Apr-2022 10:53:53 UTC] PHP Warning:  Attempt to read property "name" on bool in /Users/reinierdelaparra/PhpstormProjects/shop/app/Views/Transaction/Index.render.php on line 29
[05-Apr-2022 10:53:53 UTC] PHP Warning:  Attempt to read property "name" on bool in /Users/reinierdelaparra/PhpstormProjects/shop/app/Views/Transaction/Index.render.php on line 35
[05-Apr-2022 10:54:01 UTC] PHP Warning:  Attempt to read property "name" on bool in /Users/reinierdelaparra/PhpstormProjects/shop/app/Views/Transaction/Index.render.php on line 29
[05-Apr-2022 10:54:01 UTC] PHP Warning:  Attempt to read property "name" on bool in /Users/reinierdelaparra/PhpstormProjects/shop/app/Views/Transaction/Index.render.php on line 35
[05-Apr-2022 10:54:01 UTC] PHP Warning:  Attempt to read property "name" on bool in /Users/reinierdelaparra/PhpstormProjects/shop/app/Views/Transaction/Index.render.php on line 29
[05-Apr-2022 10:54:01 UTC] PHP Warning:  Attempt to read property "name" on bool in /Users/reinierdelaparra/PhpstormProjects/shop/app/Views/Transaction/Index.render.php on line 35
[05-Apr-2022 10:54:07 UTC] PHP Warning:  Attempt to read property "name" on bool in /Users/reinierdelaparra/PhpstormProjects/shop/app/Views/Transaction/Index.render.php on line 29
[05-Apr-2022 10:54:07 UTC] PHP Warning:  Attempt to read property "name" on bool in /Users/reinierdelaparra/PhpstormProjects/shop/app/Views/Transaction/Index.render.php on line 35
[05-Apr-2022 10:54:07 UTC] PHP Warning:  Attempt to read property "name" on bool in /Users/reinierdelaparra/PhpstormProjects/shop/app/Views/Transaction/Index.render.php on line 29
[05-Apr-2022 10:54:07 UTC] PHP Warning:  Attempt to read property "name" on bool in /Users/reinierdelaparra/PhpstormProjects/shop/app/Views/Transaction/Index.render.php on line 35
[05-Apr-2022 10:54:07 UTC] PHP Warning:  Attempt to read property "name" on bool in /Users/reinierdelaparra/PhpstormProjects/shop/app/Views/Transaction/Index.render.php on line 29
[05-Apr-2022 10:54:07 UTC] PHP Warning:  Attempt to read property "name" on bool in /Users/reinierdelaparra/PhpstormProjects/shop/app/Views/Transaction/Index.render.php on line 35
[05-Apr-2022 10:54:34 UTC] PHP Warning:  Attempt to read property "name" on bool in /Users/reinierdelaparra/PhpstormProjects/shop/app/Views/Transaction/Index.render.php on line 29
[05-Apr-2022 10:54:34 UTC] PHP Warning:  Attempt to read property "name" on bool in /Users/reinierdelaparra/PhpstormProjects/shop/app/Views/Transaction/Index.render.php on line 35
[05-Apr-2022 10:54:34 UTC] PHP Warning:  Attempt to read property "name" on bool in /Users/reinierdelaparra/PhpstormProjects/shop/app/Views/Transaction/Index.render.php on line 29
[05-Apr-2022 10:54:34 UTC] PHP Warning:  Attempt to read property "name" on bool in /Users/reinierdelaparra/PhpstormProjects/shop/app/Views/Transaction/Index.render.php on line 35
[05-Apr-2022 10:54:34 UTC] PHP Warning:  Attempt to read property "name" on bool in /Users/reinierdelaparra/PhpstormProjects/shop/app/Views/Transaction/Index.render.php on line 29
[05-Apr-2022 10:54:34 UTC] PHP Warning:  Attempt to read property "name" on bool in /Users/reinierdelaparra/PhpstormProjects/shop/app/Views/Transaction/Index.render.php on line 35
[05-Apr-2022 10:55:24 UTC] PHP Warning:  Attempt to read property "name" on bool in /Users/reinierdelaparra/PhpstormProjects/shop/app/Views/Transaction/Index.render.php on line 29
[05-Apr-2022 10:55:24 UTC] PHP Warning:  Attempt to read property "name" on bool in /Users/reinierdelaparra/PhpstormProjects/shop/app/Views/Transaction/Index.render.php on line 35
[05-Apr-2022 10:55:24 UTC] PHP Warning:  Attempt to read property "name" on bool in /Users/reinierdelaparra/PhpstormProjects/shop/app/Views/Transaction/Index.render.php on line 29
[05-Apr-2022 10:55:24 UTC] PHP Warning:  Attempt to read property "name" on bool in /Users/reinierdelaparra/PhpstormProjects/shop/app/Views/Transaction/Index.render.php on line 35
[05-Apr-2022 10:55:24 UTC] PHP Warning:  Attempt to read property "name" on bool in /Users/reinierdelaparra/PhpstormProjects/shop/app/Views/Transaction/Index.render.php on line 29
[05-Apr-2022 10:55:24 UTC] PHP Warning:  Attempt to read property "name" on bool in /Users/reinierdelaparra/PhpstormProjects/shop/app/Views/Transaction/Index.render.php on line 35
[05-Apr-2022 10:56:21 UTC] PHP Warning:  Attempt to read property "name" on bool in /Users/reinierdelaparra/PhpstormProjects/shop/app/Views/Transaction/Index.render.php on line 29
[05-Apr-2022 10:56:21 UTC] PHP Warning:  Attempt to read property "name" on bool in /Users/reinierdelaparra/PhpstormProjects/shop/app/Views/Transaction/Index.render.php on line 35
[05-Apr-2022 10:56:21 UTC] PHP Warning:  Attempt to read property "name" on bool in /Users/reinierdelaparra/PhpstormProjects/shop/app/Views/Transaction/Index.render.php on line 29
[05-Apr-2022 10:56:21 UTC] PHP Warning:  Attempt to read property "name" on bool in /Users/reinierdelaparra/PhpstormProjects/shop/app/Views/Transaction/Index.render.php on line 35
[05-Apr-2022 10:56:21 UTC] PHP Warning:  Attempt to read property "name" on bool in /Users/reinierdelaparra/PhpstormProjects/shop/app/Views/Transaction/Index.render.php on line 29
[05-Apr-2022 10:56:21 UTC] PHP Warning:  Attempt to read property "name" on bool in /Users/reinierdelaparra/PhpstormProjects/shop/app/Views/Transaction/Index.render.php on line 35
[05-Apr-2022 10:56:27 UTC] PHP Warning:  Attempt to read property "name" on bool in /Users/reinierdelaparra/PhpstormProjects/shop/app/Views/Transaction/Index.render.php on line 29
[05-Apr-2022 10:56:27 UTC] PHP Warning:  Attempt to read property "name" on bool in /Users/reinierdelaparra/PhpstormProjects/shop/app/Views/Transaction/Index.render.php on line 35
[05-Apr-2022 10:56:27 UTC] PHP Warning:  Attempt to read property "name" on bool in /Users/reinierdelaparra/PhpstormProjects/shop/app/Views/Transaction/Index.render.php on line 29
[05-Apr-2022 10:56:27 UTC] PHP Warning:  Attempt to read property "name" on bool in /Users/reinierdelaparra/PhpstormProjects/shop/app/Views/Transaction/Index.render.php on line 35
[05-Apr-2022 10:56:27 UTC] PHP Warning:  Attempt to read property "name" on bool in /Users/reinierdelaparra/PhpstormProjects/shop/app/Views/Transaction/Index.render.php on line 29
[05-Apr-2022 10:56:27 UTC] PHP Warning:  Attempt to read property "name" on bool in /Users/reinierdelaparra/PhpstormProjects/shop/app/Views/Transaction/Index.render.php on line 35
[05-Apr-2022 10:56:27 UTC] PHP Warning:  Attempt to read property "name" on bool in /Users/reinierdelaparra/PhpstormProjects/shop/app/Views/Transaction/Index.render.php on line 29
[05-Apr-2022 10:56:27 UTC] PHP Warning:  Attempt to read property "name" on bool in /Users/reinierdelaparra/PhpstormProjects/shop/app/Views/Transaction/Index.render.php on line 35
[05-Apr-2022 10:57:09 UTC] PHP Warning:  Attempt to read property "name" on bool in /Users/reinierdelaparra/PhpstormProjects/shop/app/Views/Transaction/Index.render.php on line 29
[05-Apr-2022 10:57:09 UTC] PHP Warning:  Attempt to read property "name" on bool in /Users/reinierdelaparra/PhpstormProjects/shop/app/Views/Transaction/Index.render.php on line 35
[05-Apr-2022 10:57:09 UTC] PHP Warning:  Attempt to read property "name" on bool in /Users/reinierdelaparra/PhpstormProjects/shop/app/Views/Transaction/Index.render.php on line 29
[05-Apr-2022 10:57:09 UTC] PHP Warning:  Attempt to read property "name" on bool in /Users/reinierdelaparra/PhpstormProjects/shop/app/Views/Transaction/Index.render.php on line 35
[05-Apr-2022 10:57:09 UTC] PHP Warning:  Attempt to read property "name" on bool in /Users/reinierdelaparra/PhpstormProjects/shop/app/Views/Transaction/Index.render.php on line 29
[05-Apr-2022 10:57:09 UTC] PHP Warning:  Attempt to read property "name" on bool in /Users/reinierdelaparra/PhpstormProjects/shop/app/Views/Transaction/Index.render.php on line 35
[05-Apr-2022 10:57:09 UTC] PHP Warning:  Attempt to read property "name" on bool in /Users/reinierdelaparra/PhpstormProjects/shop/app/Views/Transaction/Index.render.php on line 29
[05-Apr-2022 10:57:09 UTC] PHP Warning:  Attempt to read property "name" on bool in /Users/reinierdelaparra/PhpstormProjects/shop/app/Views/Transaction/Index.render.php on line 35
[05-Apr-2022 10:57:12 UTC] PHP Warning:  Attempt to read property "name" on bool in /Users/reinierdelaparra/PhpstormProjects/shop/app/Views/Transaction/Index.render.php on line 29
[05-Apr-2022 10:57:12 UTC] PHP Warning:  Attempt to read property "name" on bool in /Users/reinierdelaparra/PhpstormProjects/shop/app/Views/Transaction/Index.render.php on line 35
[05-Apr-2022 10:57:12 UTC] PHP Warning:  Attempt to read property "name" on bool in /Users/reinierdelaparra/PhpstormProjects/shop/app/Views/Transaction/Index.render.php on line 29
[05-Apr-2022 10:57:12 UTC] PHP Warning:  Attempt to read property "name" on bool in /Users/reinierdelaparra/PhpstormProjects/shop/app/Views/Transaction/Index.render.php on line 35
[05-Apr-2022 10:57:12 UTC] PHP Warning:  Attempt to read property "name" on bool in /Users/reinierdelaparra/PhpstormProjects/shop/app/Views/Transaction/Index.render.php on line 29
[05-Apr-2022 10:57:12 UTC] PHP Warning:  Attempt to read property "name" on bool in /Users/reinierdelaparra/PhpstormProjects/shop/app/Views/Transaction/Index.render.php on line 35
[05-Apr-2022 10:57:12 UTC] PHP Warning:  Attempt to read property "name" on bool in /Users/reinierdelaparra/PhpstormProjects/shop/app/Views/Transaction/Index.render.php on line 29
[05-Apr-2022 10:57:12 UTC] PHP Warning:  Attempt to read property "name" on bool in /Users/reinierdelaparra/PhpstormProjects/shop/app/Views/Transaction/Index.render.php on line 35
[05-Apr-2022 10:57:12 UTC] PHP Warning:  Attempt to read property "name" on bool in /Users/reinierdelaparra/PhpstormProjects/shop/app/Views/Transaction/Index.render.php on line 29
[05-Apr-2022 10:57:12 UTC] PHP Warning:  Attempt to read property "name" on bool in /Users/reinierdelaparra/PhpstormProjects/shop/app/Views/Transaction/Index.render.php on line 35
[05-Apr-2022 10:57:30 UTC] PHP Warning:  Attempt to read property "name" on bool in /Users/reinierdelaparra/PhpstormProjects/shop/app/Views/Transaction/Index.render.php on line 29
[05-Apr-2022 10:57:30 UTC] PHP Warning:  Attempt to read property "name" on bool in /Users/reinierdelaparra/PhpstormProjects/shop/app/Views/Transaction/Index.render.php on line 35
[05-Apr-2022 11:02:32 UTC] PHP Warning:  Attempt to read property "name" on bool in /Users/reinierdelaparra/PhpstormProjects/shop/app/Views/Transaction/Index.render.php on line 29
[05-Apr-2022 11:02:32 UTC] PHP Warning:  Attempt to read property "name" on bool in /Users/reinierdelaparra/PhpstormProjects/shop/app/Views/Transaction/Index.render.php on line 35
[05-Apr-2022 11:02:59 UTC] PHP Warning:  Attempt to read property "name" on bool in /Users/reinierdelaparra/PhpstormProjects/shop/app/Views/Transaction/Index.render.php on line 29
[05-Apr-2022 11:02:59 UTC] PHP Warning:  Attempt to read property "name" on bool in /Users/reinierdelaparra/PhpstormProjects/shop/app/Views/Transaction/Index.render.php on line 35
[05-Apr-2022 11:03:00 UTC] PHP Warning:  Attempt to read property "name" on bool in /Users/reinierdelaparra/PhpstormProjects/shop/app/Views/Transaction/Index.render.php on line 29
[05-Apr-2022 11:03:00 UTC] PHP Warning:  Attempt to read property "name" on bool in /Users/reinierdelaparra/PhpstormProjects/shop/app/Views/Transaction/Index.render.php on line 35
[05-Apr-2022 11:04:05 UTC] PHP Warning:  Attempt to read property "name" on bool in /Users/reinierdelaparra/PhpstormProjects/shop/app/Views/Transaction/Index.render.php on line 29
[05-Apr-2022 11:04:05 UTC] PHP Warning:  Attempt to read property "name" on bool in /Users/reinierdelaparra/PhpstormProjects/shop/app/Views/Transaction/Index.render.php on line 35
[05-Apr-2022 11:04:52 UTC] PHP Warning:  Attempt to read property "name" on bool in /Users/reinierdelaparra/PhpstormProjects/shop/app/Views/Transaction/Index.render.php on line 35
[05-Apr-2022 11:05:10 UTC] PHP Warning:  Attempt to read property "name" on bool in /Users/reinierdelaparra/PhpstormProjects/shop/app/Views/Transaction/Index.render.php on line 35
[05-Apr-2022 11:05:11 UTC] PHP Warning:  Attempt to read property "name" on bool in /Users/reinierdelaparra/PhpstormProjects/shop/app/Views/Transaction/Index.render.php on line 35
[05-Apr-2022 11:06:18 UTC] PHP Warning:  Attempt to read property "name" on bool in /Users/reinierdelaparra/PhpstormProjects/shop/app/Views/Transaction/Index.render.php on line 29
[05-Apr-2022 11:06:18 UTC] PHP Warning:  Attempt to read property "name" on bool in /Users/reinierdelaparra/PhpstormProjects/shop/app/Views/Transaction/Index.render.php on line 35
[05-Apr-2022 11:06:35 UTC] PHP Warning:  Attempt to read property "name" on bool in /Users/reinierdelaparra/PhpstormProjects/shop/app/Views/Transaction/Index.render.php on line 29
[05-Apr-2022 11:06:35 UTC] PHP Warning:  Attempt to read property "name" on bool in /Users/reinierdelaparra/PhpstormProjects/shop/app/Views/Transaction/Index.render.php on line 35
[05-Apr-2022 11:08:16 UTC] PHP Parse error:  syntax error, unexpected token ")" in /Users/reinierdelaparra/PhpstormProjects/shop/app/Views/Transaction/Index.render.php on line 29
[05-Apr-2022 11:08:16 UTC] PHP Parse error:  syntax error, unexpected token ")" in /Users/reinierdelaparra/PhpstormProjects/shop/app/Views/Transaction/Index.render.php on line 29
[05-Apr-2022 11:08:27 UTC] PHP Warning:  Attempt to read property "name" on bool in /Users/reinierdelaparra/PhpstormProjects/shop/app/Views/Transaction/Index.render.php on line 29
[05-Apr-2022 11:08:27 UTC] PHP Warning:  Attempt to read property "name" on bool in /Users/reinierdelaparra/PhpstormProjects/shop/app/Views/Transaction/Index.render.php on line 35
[05-Apr-2022 11:08:29 UTC] PHP Warning:  Attempt to read property "name" on bool in /Users/reinierdelaparra/PhpstormProjects/shop/app/Views/Transaction/Index.render.php on line 29
[05-Apr-2022 11:08:29 UTC] PHP Warning:  Attempt to read property "name" on bool in /Users/reinierdelaparra/PhpstormProjects/shop/app/Views/Transaction/Index.render.php on line 35
[05-Apr-2022 11:08:29 UTC] PHP Warning:  Attempt to read property "name" on bool in /Users/reinierdelaparra/PhpstormProjects/shop/app/Views/Transaction/Index.render.php on line 29
[05-Apr-2022 11:08:29 UTC] PHP Warning:  Attempt to read property "name" on bool in /Users/reinierdelaparra/PhpstormProjects/shop/app/Views/Transaction/Index.render.php on line 35
[05-Apr-2022 11:09:58 UTC] PHP Warning:  Attempt to read property "name" on bool in /Users/reinierdelaparra/PhpstormProjects/shop/app/Views/Transaction/Index.render.php on line 29
[05-Apr-2022 11:09:58 UTC] PHP Warning:  Attempt to read property "name" on bool in /Users/reinierdelaparra/PhpstormProjects/shop/app/Views/Transaction/Index.render.php on line 35
[05-Apr-2022 11:09:59 UTC] PHP Warning:  Attempt to read property "name" on bool in /Users/reinierdelaparra/PhpstormProjects/shop/app/Views/Transaction/Index.render.php on line 29
[05-Apr-2022 11:09:59 UTC] PHP Warning:  Attempt to read property "name" on bool in /Users/reinierdelaparra/PhpstormProjects/shop/app/Views/Transaction/Index.render.php on line 35
[05-Apr-2022 11:10:07 UTC] PHP Warning:  Attempt to read property "name" on bool in /Users/reinierdelaparra/PhpstormProjects/shop/app/Views/Transaction/Index.render.php on line 29
[05-Apr-2022 11:10:07 UTC] PHP Warning:  Attempt to read property "name" on bool in /Users/reinierdelaparra/PhpstormProjects/shop/app/Views/Transaction/Index.render.php on line 35
[05-Apr-2022 11:10:08 UTC] PHP Warning:  Attempt to read property "name" on bool in /Users/reinierdelaparra/PhpstormProjects/shop/app/Views/Transaction/Index.render.php on line 29
[05-Apr-2022 11:10:08 UTC] PHP Warning:  Attempt to read property "name" on bool in /Users/reinierdelaparra/PhpstormProjects/shop/app/Views/Transaction/Index.render.php on line 35
[05-Apr-2022 11:10:08 UTC] PHP Warning:  Attempt to read property "name" on bool in /Users/reinierdelaparra/PhpstormProjects/shop/app/Views/Transaction/Index.render.php on line 29
[05-Apr-2022 11:10:08 UTC] PHP Warning:  Attempt to read property "name" on bool in /Users/reinierdelaparra/PhpstormProjects/shop/app/Views/Transaction/Index.render.php on line 35
[05-Apr-2022 11:10:08 UTC] PHP Warning:  Attempt to read property "name" on bool in /Users/reinierdelaparra/PhpstormProjects/shop/app/Views/Transaction/Index.render.php on line 29
[05-Apr-2022 11:10:08 UTC] PHP Warning:  Attempt to read property "name" on bool in /Users/reinierdelaparra/PhpstormProjects/shop/app/Views/Transaction/Index.render.php on line 35
[05-Apr-2022 11:14:27 UTC] PHP Fatal error:  Uncaught PDOException: SQLSTATE[23000]: Integrity constraint violation: 1062 Duplicate entry 'reinierdlp@live.nl' for key 'email' in /Users/reinierdelaparra/PhpstormProjects/shop/src/Framework/database/Entity.php:62
Stack trace:
#0 /Users/reinierdelaparra/PhpstormProjects/shop/src/Framework/database/Entity.php(62): PDOStatement->execute()
#1 /Users/reinierdelaparra/PhpstormProjects/shop/app/Http/Controller/RegisterController.php(20): Framework\database\Entity->save()
#2 [internal function]: App\Http\Controller\RegisterController->create(Object(Framework\router\HttpRequest))
#3 /Users/reinierdelaparra/PhpstormProjects/shop/src/Framework/router/Router.php(57): call_user_func_array(Array, Array)
#4 /Users/reinierdelaparra/PhpstormProjects/shop/src/Framework/Core/Application.php(15): Framework\Router\Router->resolve(Object(Framework\router\HttpRequest))
#5 /Users/reinierdelaparra/PhpstormProjects/shop/public/index.php(8): Framework\Core\Application->repsonse()
#6 {main}
  thrown in /Users/reinierdelaparra/PhpstormProjects/shop/src/Framework/database/Entity.php on line 62
[05-Apr-2022 11:22:14 UTC] PHP Fatal error:  Uncaught Framework\router\exceptions\ViewFileNotFoundException in /Users/reinierdelaparra/PhpstormProjects/shop/src/Framework/view/View.php:27
Stack trace:
#0 /Users/reinierdelaparra/PhpstormProjects/shop/app/Http/Controller/AuthenticateController.php(15): Framework\view\View->resolve('Login/Index')
#1 [internal function]: App\Http\Controller\AuthenticateController->index(Object(Framework\router\HttpRequest))
#2 /Users/reinierdelaparra/PhpstormProjects/shop/src/Framework/router/Router.php(59): call_user_func_array(Array, Array)
#3 /Users/reinierdelaparra/PhpstormProjects/shop/src/Framework/Core/Application.php(22): Framework\Router\Router->resolve(Object(Framework\router\HttpRequest))
#4 /Users/reinierdelaparra/PhpstormProjects/shop/public/index.php(8): Framework\Core\Application->repsonse()
#5 {main}
  thrown in /Users/reinierdelaparra/PhpstormProjects/shop/src/Framework/view/View.php on line 27
[05-Apr-2022 12:25:53 UTC] PHP Fatal error:  Uncaught Error: Typed property Framework\Router\Router::$middleware must not be accessed before initialization in /Users/reinierdelaparra/PhpstormProjects/shop/src/Framework/router/Router.php:92
Stack trace:
#0 /Users/reinierdelaparra/PhpstormProjects/shop/src/Framework/router/Router.php(38): Framework\Router\Router->register(Array)
#1 /Users/reinierdelaparra/PhpstormProjects/shop/src/Framework/Core/Application.php(15): Framework\Router\Router->__construct()
#2 /Users/reinierdelaparra/PhpstormProjects/shop/public/index.php(6): Framework\Core\Application->__construct()
#3 {main}
  thrown in /Users/reinierdelaparra/PhpstormProjects/shop/src/Framework/router/Router.php on line 92
[05-Apr-2022 12:29:26 UTC] PHP Fatal error:  Uncaught Framework\router\exceptions\RouterActionNotFound in /Users/reinierdelaparra/PhpstormProjects/shop/src/Framework/router/Router.php:73
Stack trace:
#0 /Users/reinierdelaparra/PhpstormProjects/shop/src/Framework/Core/Application.php(25): Framework\Router\Router->resolve(Object(Framework\router\HttpRequest))
#1 /Users/reinierdelaparra/PhpstormProjects/shop/public/index.php(8): Framework\Core\Application->repsonse()
#2 {main}
  thrown in /Users/reinierdelaparra/PhpstormProjects/shop/src/Framework/router/Router.php on line 73
[05-Apr-2022 12:32:34 UTC] PHP Fatal error:  Uncaught TypeError: array_key_exists(): Argument #2 ($array) must be of type array, null given in /Users/reinierdelaparra/PhpstormProjects/shop/src/Framework/router/Router.php:87
Stack trace:
#0 /Users/reinierdelaparra/PhpstormProjects/shop/src/Framework/router/Router.php(87): array_key_exists('GET', NULL)
#1 /Users/reinierdelaparra/PhpstormProjects/shop/src/Framework/router/Router.php(38): Framework\Router\Router->register(Array)
#2 /Users/reinierdelaparra/PhpstormProjects/shop/src/Framework/Core/Application.php(15): Framework\Router\Router->__construct()
#3 /Users/reinierdelaparra/PhpstormProjects/shop/public/index.php(6): Framework\Core\Application->__construct()
#4 {main}
  thrown in /Users/reinierdelaparra/PhpstormProjects/shop/src/Framework/router/Router.php on line 87
[05-Apr-2022 12:35:44 UTC] PHP Fatal error:  Uncaught Error: Class name must be a valid object or a string in /Users/reinierdelaparra/PhpstormProjects/shop/src/Framework/router/Router.php:71
Stack trace:
#0 /Users/reinierdelaparra/PhpstormProjects/shop/src/Framework/Core/Application.php(25): Framework\Router\Router->resolve(Object(Framework\router\HttpRequest))
#1 /Users/reinierdelaparra/PhpstormProjects/shop/public/index.php(8): Framework\Core\Application->repsonse()
#2 {main}
  thrown in /Users/reinierdelaparra/PhpstormProjects/shop/src/Framework/router/Router.php on line 71
[05-Apr-2022 12:36:22 UTC] PHP Fatal error:  Uncaught Error: Class name must be a valid object or a string in /Users/reinierdelaparra/PhpstormProjects/shop/src/Framework/router/Router.php:72
Stack trace:
#0 /Users/reinierdelaparra/PhpstormProjects/shop/src/Framework/Core/Application.php(25): Framework\Router\Router->resolve(Object(Framework\router\HttpRequest))
#1 /Users/reinierdelaparra/PhpstormProjects/shop/public/index.php(8): Framework\Core\Application->repsonse()
#2 {main}
  thrown in /Users/reinierdelaparra/PhpstormProjects/shop/src/Framework/router/Router.php on line 72
[05-Apr-2022 12:36:22 UTC] PHP Fatal error:  Uncaught Error: Class name must be a valid object or a string in /Users/reinierdelaparra/PhpstormProjects/shop/src/Framework/router/Router.php:72
Stack trace:
#0 /Users/reinierdelaparra/PhpstormProjects/shop/src/Framework/Core/Application.php(25): Framework\Router\Router->resolve(Object(Framework\router\HttpRequest))
#1 /Users/reinierdelaparra/PhpstormProjects/shop/public/index.php(8): Framework\Core\Application->repsonse()
#2 {main}
  thrown in /Users/reinierdelaparra/PhpstormProjects/shop/src/Framework/router/Router.php on line 72
[05-Apr-2022 12:36:23 UTC] PHP Fatal error:  Uncaught Error: Class name must be a valid object or a string in /Users/reinierdelaparra/PhpstormProjects/shop/src/Framework/router/Router.php:72
Stack trace:
#0 /Users/reinierdelaparra/PhpstormProjects/shop/src/Framework/Core/Application.php(25): Framework\Router\Router->resolve(Object(Framework\router\HttpRequest))
#1 /Users/reinierdelaparra/PhpstormProjects/shop/public/index.php(8): Framework\Core\Application->repsonse()
#2 {main}
  thrown in /Users/reinierdelaparra/PhpstormProjects/shop/src/Framework/router/Router.php on line 72
[05-Apr-2022 12:36:28 UTC] PHP Fatal error:  Uncaught Error: Class name must be a valid object or a string in /Users/reinierdelaparra/PhpstormProjects/shop/src/Framework/router/Router.php:72
Stack trace:
#0 /Users/reinierdelaparra/PhpstormProjects/shop/src/Framework/Core/Application.php(25): Framework\Router\Router->resolve(Object(Framework\router\HttpRequest))
#1 /Users/reinierdelaparra/PhpstormProjects/shop/public/index.php(8): Framework\Core\Application->repsonse()
#2 {main}
  thrown in /Users/reinierdelaparra/PhpstormProjects/shop/src/Framework/router/Router.php on line 72
[05-Apr-2022 12:36:29 UTC] PHP Fatal error:  Uncaught Error: Class name must be a valid object or a string in /Users/reinierdelaparra/PhpstormProjects/shop/src/Framework/router/Router.php:72
Stack trace:
#0 /Users/reinierdelaparra/PhpstormProjects/shop/src/Framework/Core/Application.php(25): Framework\Router\Router->resolve(Object(Framework\router\HttpRequest))
#1 /Users/reinierdelaparra/PhpstormProjects/shop/public/index.php(8): Framework\Core\Application->repsonse()
#2 {main}
  thrown in /Users/reinierdelaparra/PhpstormProjects/shop/src/Framework/router/Router.php on line 72
[05-Apr-2022 12:43:56 UTC] PHP Fatal error:  Uncaught Error: Call to a member function hasNext() on null in /Users/reinierdelaparra/PhpstormProjects/shop/src/Framework/router/Router.php:67
Stack trace:
#0 /Users/reinierdelaparra/PhpstormProjects/shop/src/Framework/Core/Application.php(25): Framework\Router\Router->resolve(Object(Framework\router\HttpRequest))
#1 /Users/reinierdelaparra/PhpstormProjects/shop/public/index.php(8): Framework\Core\Application->repsonse()
#2 {main}
  thrown in /Users/reinierdelaparra/PhpstormProjects/shop/src/Framework/router/Router.php on line 67
[05-Apr-2022 12:43:56 UTC] PHP Fatal error:  Uncaught Error: Class name must be a valid object or a string in /Users/reinierdelaparra/PhpstormProjects/shop/src/Framework/router/Router.php:70
Stack trace:
#0 /Users/reinierdelaparra/PhpstormProjects/shop/src/Framework/Core/Application.php(25): Framework\Router\Router->resolve(Object(Framework\router\HttpRequest))
#1 /Users/reinierdelaparra/PhpstormProjects/shop/public/index.php(8): Framework\Core\Application->repsonse()
#2 {main}
  thrown in /Users/reinierdelaparra/PhpstormProjects/shop/src/Framework/router/Router.php on line 70
[05-Apr-2022 12:44:18 UTC] PHP Fatal error:  Uncaught Error: Call to a member function hasNext() on null in /Users/reinierdelaparra/PhpstormProjects/shop/src/Framework/router/Router.php:67
Stack trace:
#0 /Users/reinierdelaparra/PhpstormProjects/shop/src/Framework/Core/Application.php(25): Framework\Router\Router->resolve(Object(Framework\router\HttpRequest))
#1 /Users/reinierdelaparra/PhpstormProjects/shop/public/index.php(8): Framework\Core\Application->repsonse()
#2 {main}
  thrown in /Users/reinierdelaparra/PhpstormProjects/shop/src/Framework/router/Router.php on line 67
[05-Apr-2022 12:44:20 UTC] PHP Fatal error:  Uncaught Error: Call to a member function hasNext() on null in /Users/reinierdelaparra/PhpstormProjects/shop/src/Framework/router/Router.php:67
Stack trace:
#0 /Users/reinierdelaparra/PhpstormProjects/shop/src/Framework/Core/Application.php(25): Framework\Router\Router->resolve(Object(Framework\router\HttpRequest))
#1 /Users/reinierdelaparra/PhpstormProjects/shop/public/index.php(8): Framework\Core\Application->repsonse()
#2 {main}
  thrown in /Users/reinierdelaparra/PhpstormProjects/shop/src/Framework/router/Router.php on line 67
[05-Apr-2022 12:44:32 UTC] PHP Fatal error:  Uncaught Error: Call to a member function hasNext() on null in /Users/reinierdelaparra/PhpstormProjects/shop/src/Framework/router/Router.php:67
Stack trace:
#0 /Users/reinierdelaparra/PhpstormProjects/shop/src/Framework/Core/Application.php(25): Framework\Router\Router->resolve(Object(Framework\router\HttpRequest))
#1 /Users/reinierdelaparra/PhpstormProjects/shop/public/index.php(8): Framework\Core\Application->repsonse()
#2 {main}
  thrown in /Users/reinierdelaparra/PhpstormProjects/shop/src/Framework/router/Router.php on line 67
[05-Apr-2022 12:54:10 UTC] PHP Fatal error:  Uncaught Error: Call to a member function hasNext() on null in /Users/reinierdelaparra/PhpstormProjects/shop/src/Framework/router/Router.php:67
Stack trace:
#0 /Users/reinierdelaparra/PhpstormProjects/shop/src/Framework/Core/Application.php(25): Framework\Router\Router->resolve(Object(Framework\router\HttpRequest))
#1 /Users/reinierdelaparra/PhpstormProjects/shop/public/index.php(8): Framework\Core\Application->repsonse()
#2 {main}
  thrown in /Users/reinierdelaparra/PhpstormProjects/shop/src/Framework/router/Router.php on line 67
[05-Apr-2022 12:55:20 UTC] PHP Fatal error:  Uncaught Error: Typed property App\Models\Users::$name must not be accessed before initialization in /Users/reinierdelaparra/PhpstormProjects/shop/src/Framework/database/Entity.php:40
Stack trace:
#0 /Users/reinierdelaparra/PhpstormProjects/shop/app/Http/Controller/RegisterController.php(21): Framework\database\Entity->save()
#1 [internal function]: App\Http\Controller\RegisterController->create(Object(Framework\router\HttpRequest))
#2 /Users/reinierdelaparra/PhpstormProjects/shop/src/Framework/router/Router.php(69): call_user_func_array(Array, Array)
#3 /Users/reinierdelaparra/PhpstormProjects/shop/src/Framework/Core/Application.php(25): Framework\Router\Router->resolve(Object(Framework\router\HttpRequest))
#4 /Users/reinierdelaparra/PhpstormProjects/shop/public/index.php(8): Framework\Core\Application->repsonse()
#5 {main}
  thrown in /Users/reinierdelaparra/PhpstormProjects/shop/src/Framework/database/Entity.php on line 40
[05-Apr-2022 12:56:07 UTC] PHP Fatal error:  Uncaught Error: Typed property App\Models\Users::$name must not be accessed before initialization in /Users/reinierdelaparra/PhpstormProjects/shop/src/Framework/database/Entity.php:40
Stack trace:
#0 /Users/reinierdelaparra/PhpstormProjects/shop/app/Http/Controller/RegisterController.php(21): Framework\database\Entity->save()
#1 [internal function]: App\Http\Controller\RegisterController->create(Object(Framework\router\HttpRequest))
#2 /Users/reinierdelaparra/PhpstormProjects/shop/src/Framework/router/Router.php(69): call_user_func_array(Array, Array)
#3 /Users/reinierdelaparra/PhpstormProjects/shop/src/Framework/Core/Application.php(25): Framework\Router\Router->resolve(Object(Framework\router\HttpRequest))
#4 /Users/reinierdelaparra/PhpstormProjects/shop/public/index.php(8): Framework\Core\Application->repsonse()
#5 {main}
  thrown in /Users/reinierdelaparra/PhpstormProjects/shop/src/Framework/database/Entity.php on line 40
[05-Apr-2022 13:00:00 UTC] PHP Fatal error:  Uncaught Error: Typed property App\Models\Users::$name must not be accessed before initialization in /Users/reinierdelaparra/PhpstormProjects/shop/src/Framework/database/Entity.php:40
Stack trace:
#0 /Users/reinierdelaparra/PhpstormProjects/shop/app/Http/Controller/RegisterController.php(21): Framework\database\Entity->save()
#1 [internal function]: App\Http\Controller\RegisterController->create(Object(Framework\router\HttpRequest))
#2 /Users/reinierdelaparra/PhpstormProjects/shop/src/Framework/router/Router.php(69): call_user_func_array(Array, Array)
#3 /Users/reinierdelaparra/PhpstormProjects/shop/src/Framework/Core/Application.php(25): Framework\Router\Router->resolve(Object(Framework\router\HttpRequest))
#4 /Users/reinierdelaparra/PhpstormProjects/shop/public/index.php(8): Framework\Core\Application->repsonse()
#5 {main}
  thrown in /Users/reinierdelaparra/PhpstormProjects/shop/src/Framework/database/Entity.php on line 40
[05-Apr-2022 13:00:32 UTC] PHP Fatal error:  Uncaught Error: Typed property App\Models\Users::$name must not be accessed before initialization in /Users/reinierdelaparra/PhpstormProjects/shop/src/Framework/database/Entity.php:40
Stack trace:
#0 /Users/reinierdelaparra/PhpstormProjects/shop/app/Http/Controller/RegisterController.php(21): Framework\database\Entity->save()
#1 [internal function]: App\Http\Controller\RegisterController->create(Object(Framework\router\HttpRequest))
#2 /Users/reinierdelaparra/PhpstormProjects/shop/src/Framework/router/Router.php(69): call_user_func_array(Array, Array)
#3 /Users/reinierdelaparra/PhpstormProjects/shop/src/Framework/Core/Application.php(25): Framework\Router\Router->resolve(Object(Framework\router\HttpRequest))
#4 /Users/reinierdelaparra/PhpstormProjects/shop/public/index.php(8): Framework\Core\Application->repsonse()
#5 {main}
  thrown in /Users/reinierdelaparra/PhpstormProjects/shop/src/Framework/database/Entity.php on line 40
[05-Apr-2022 13:00:34 UTC] PHP Fatal error:  Uncaught Error: Typed property App\Models\Users::$name must not be accessed before initialization in /Users/reinierdelaparra/PhpstormProjects/shop/src/Framework/database/Entity.php:40
Stack trace:
#0 /Users/reinierdelaparra/PhpstormProjects/shop/app/Http/Controller/RegisterController.php(21): Framework\database\Entity->save()
#1 [internal function]: App\Http\Controller\RegisterController->create(Object(Framework\router\HttpRequest))
#2 /Users/reinierdelaparra/PhpstormProjects/shop/src/Framework/router/Router.php(69): call_user_func_array(Array, Array)
#3 /Users/reinierdelaparra/PhpstormProjects/shop/src/Framework/Core/Application.php(25): Framework\Router\Router->resolve(Object(Framework\router\HttpRequest))
#4 /Users/reinierdelaparra/PhpstormProjects/shop/public/index.php(8): Framework\Core\Application->repsonse()
#5 {main}
  thrown in /Users/reinierdelaparra/PhpstormProjects/shop/src/Framework/database/Entity.php on line 40
[05-Apr-2022 13:00:52 UTC] PHP Fatal error:  Uncaught Error: Typed property App\Models\Users::$name must not be accessed before initialization in /Users/reinierdelaparra/PhpstormProjects/shop/src/Framework/database/Entity.php:40
Stack trace:
#0 /Users/reinierdelaparra/PhpstormProjects/shop/app/Http/Controller/RegisterController.php(21): Framework\database\Entity->save()
#1 [internal function]: App\Http\Controller\RegisterController->create(Object(Framework\router\HttpRequest))
#2 /Users/reinierdelaparra/PhpstormProjects/shop/src/Framework/router/Router.php(69): call_user_func_array(Array, Array)
#3 /Users/reinierdelaparra/PhpstormProjects/shop/src/Framework/Core/Application.php(25): Framework\Router\Router->resolve(Object(Framework\router\HttpRequest))
#4 /Users/reinierdelaparra/PhpstormProjects/shop/public/index.php(8): Framework\Core\Application->repsonse()
#5 {main}
  thrown in /Users/reinierdelaparra/PhpstormProjects/shop/src/Framework/database/Entity.php on line 40
[05-Apr-2022 13:00:55 UTC] PHP Fatal error:  Uncaught Error: Typed property App\Models\Users::$name must not be accessed before initialization in /Users/reinierdelaparra/PhpstormProjects/shop/src/Framework/database/Entity.php:40
Stack trace:
#0 /Users/reinierdelaparra/PhpstormProjects/shop/app/Http/Controller/RegisterController.php(21): Framework\database\Entity->save()
#1 [internal function]: App\Http\Controller\RegisterController->create(Object(Framework\router\HttpRequest))
#2 /Users/reinierdelaparra/PhpstormProjects/shop/src/Framework/router/Router.php(69): call_user_func_array(Array, Array)
#3 /Users/reinierdelaparra/PhpstormProjects/shop/src/Framework/Core/Application.php(25): Framework\Router\Router->resolve(Object(Framework\router\HttpRequest))
#4 /Users/reinierdelaparra/PhpstormProjects/shop/public/index.php(8): Framework\Core\Application->repsonse()
#5 {main}
  thrown in /Users/reinierdelaparra/PhpstormProjects/shop/src/Framework/database/Entity.php on line 40
[05-Apr-2022 13:03:52 UTC] PHP Fatal error:  Uncaught PDOException: SQLSTATE[HY093]: Invalid parameter number: number of bound variables does not match number of tokens in /Users/reinierdelaparra/PhpstormProjects/shop/src/Framework/database/Entity.php:88
Stack trace:
#0 /Users/reinierdelaparra/PhpstormProjects/shop/src/Framework/database/Entity.php(88): PDOStatement->execute()
#1 /Users/reinierdelaparra/PhpstormProjects/shop/app/Http/Controller/AuthenticateController.php(20): Framework\database\Entity::findOne(Array)
#2 [internal function]: App\Http\Controller\AuthenticateController->create(Object(Framework\router\HttpRequest))
#3 /Users/reinierdelaparra/PhpstormProjects/shop/src/Framework/router/Router.php(69): call_user_func_array(Array, Array)
#4 /Users/reinierdelaparra/PhpstormProjects/shop/src/Framework/Core/Application.php(25): Framework\Router\Router->resolve(Object(Framework\router\HttpRequest))
#5 /Users/reinierdelaparra/PhpstormProjects/shop/public/index.php(8): Framework\Core\Application->repsonse()
#6 {main}
  thrown in /Users/reinierdelaparra/PhpstormProjects/shop/src/Framework/database/Entity.php on line 88
[05-Apr-2022 13:05:31 UTC] PHP Fatal error:  Uncaught Error: Call to a member function hasNext() on null in /Users/reinierdelaparra/PhpstormProjects/shop/src/Framework/router/Router.php:67
Stack trace:
#0 /Users/reinierdelaparra/PhpstormProjects/shop/src/Framework/Core/Application.php(25): Framework\Router\Router->resolve(Object(Framework\router\HttpRequest))
#1 /Users/reinierdelaparra/PhpstormProjects/shop/public/index.php(8): Framework\Core\Application->repsonse()
#2 {main}
  thrown in /Users/reinierdelaparra/PhpstormProjects/shop/src/Framework/router/Router.php on line 67
[05-Apr-2022 13:09:12 UTC] PHP Fatal error:  Uncaught Error: Call to a member function hasNext() on null in /Users/reinierdelaparra/PhpstormProjects/shop/src/Framework/router/Router.php:67
Stack trace:
#0 /Users/reinierdelaparra/PhpstormProjects/shop/src/Framework/Core/Application.php(25): Framework\Router\Router->resolve(Object(Framework\router\HttpRequest))
#1 /Users/reinierdelaparra/PhpstormProjects/shop/public/index.php(8): Framework\Core\Application->repsonse()
#2 {main}
  thrown in /Users/reinierdelaparra/PhpstormProjects/shop/src/Framework/router/Router.php on line 67
[05-Apr-2022 13:09:14 UTC] PHP Fatal error:  Uncaught Error: Call to a member function hasNext() on null in /Users/reinierdelaparra/PhpstormProjects/shop/src/Framework/router/Router.php:67
Stack trace:
#0 /Users/reinierdelaparra/PhpstormProjects/shop/src/Framework/Core/Application.php(25): Framework\Router\Router->resolve(Object(Framework\router\HttpRequest))
#1 /Users/reinierdelaparra/PhpstormProjects/shop/public/index.php(8): Framework\Core\Application->repsonse()
#2 {main}
  thrown in /Users/reinierdelaparra/PhpstormProjects/shop/src/Framework/router/Router.php on line 67
[05-Apr-2022 13:09:14 UTC] PHP Fatal error:  Uncaught Error: Call to a member function hasNext() on null in /Users/reinierdelaparra/PhpstormProjects/shop/src/Framework/router/Router.php:67
Stack trace:
#0 /Users/reinierdelaparra/PhpstormProjects/shop/src/Framework/Core/Application.php(25): Framework\Router\Router->resolve(Object(Framework\router\HttpRequest))
#1 /Users/reinierdelaparra/PhpstormProjects/shop/public/index.php(8): Framework\Core\Application->repsonse()
#2 {main}
  thrown in /Users/reinierdelaparra/PhpstormProjects/shop/src/Framework/router/Router.php on line 67
[05-Apr-2022 13:09:14 UTC] PHP Fatal error:  Uncaught Error: Call to a member function hasNext() on null in /Users/reinierdelaparra/PhpstormProjects/shop/src/Framework/router/Router.php:67
Stack trace:
#0 /Users/reinierdelaparra/PhpstormProjects/shop/src/Framework/Core/Application.php(25): Framework\Router\Router->resolve(Object(Framework\router\HttpRequest))
#1 /Users/reinierdelaparra/PhpstormProjects/shop/public/index.php(8): Framework\Core\Application->repsonse()
#2 {main}
  thrown in /Users/reinierdelaparra/PhpstormProjects/shop/src/Framework/router/Router.php on line 67
[05-Apr-2022 13:09:15 UTC] PHP Fatal error:  Uncaught Error: Call to a member function hasNext() on null in /Users/reinierdelaparra/PhpstormProjects/shop/src/Framework/router/Router.php:67
Stack trace:
#0 /Users/reinierdelaparra/PhpstormProjects/shop/src/Framework/Core/Application.php(25): Framework\Router\Router->resolve(Object(Framework\router\HttpRequest))
#1 /Users/reinierdelaparra/PhpstormProjects/shop/public/index.php(8): Framework\Core\Application->repsonse()
#2 {main}
  thrown in /Users/reinierdelaparra/PhpstormProjects/shop/src/Framework/router/Router.php on line 67
[05-Apr-2022 13:09:15 UTC] PHP Fatal error:  Uncaught Error: Call to a member function hasNext() on null in /Users/reinierdelaparra/PhpstormProjects/shop/src/Framework/router/Router.php:67
Stack trace:
#0 /Users/reinierdelaparra/PhpstormProjects/shop/src/Framework/Core/Application.php(25): Framework\Router\Router->resolve(Object(Framework\router\HttpRequest))
#1 /Users/reinierdelaparra/PhpstormProjects/shop/public/index.php(8): Framework\Core\Application->repsonse()
#2 {main}
  thrown in /Users/reinierdelaparra/PhpstormProjects/shop/src/Framework/router/Router.php on line 67
[05-Apr-2022 13:09:15 UTC] PHP Fatal error:  Uncaught Error: Call to a member function hasNext() on null in /Users/reinierdelaparra/PhpstormProjects/shop/src/Framework/router/Router.php:67
Stack trace:
#0 /Users/reinierdelaparra/PhpstormProjects/shop/src/Framework/Core/Application.php(25): Framework\Router\Router->resolve(Object(Framework\router\HttpRequest))
#1 /Users/reinierdelaparra/PhpstormProjects/shop/public/index.php(8): Framework\Core\Application->repsonse()
#2 {main}
  thrown in /Users/reinierdelaparra/PhpstormProjects/shop/src/Framework/router/Router.php on line 67
[05-Apr-2022 13:09:15 UTC] PHP Fatal error:  Uncaught Error: Call to a member function hasNext() on null in /Users/reinierdelaparra/PhpstormProjects/shop/src/Framework/router/Router.php:67
Stack trace:
#0 /Users/reinierdelaparra/PhpstormProjects/shop/src/Framework/Core/Application.php(25): Framework\Router\Router->resolve(Object(Framework\router\HttpRequest))
#1 /Users/reinierdelaparra/PhpstormProjects/shop/public/index.php(8): Framework\Core\Application->repsonse()
#2 {main}
  thrown in /Users/reinierdelaparra/PhpstormProjects/shop/src/Framework/router/Router.php on line 67
[05-Apr-2022 13:09:15 UTC] PHP Fatal error:  Uncaught Error: Call to a member function hasNext() on null in /Users/reinierdelaparra/PhpstormProjects/shop/src/Framework/router/Router.php:67
Stack trace:
#0 /Users/reinierdelaparra/PhpstormProjects/shop/src/Framework/Core/Application.php(25): Framework\Router\Router->resolve(Object(Framework\router\HttpRequest))
#1 /Users/reinierdelaparra/PhpstormProjects/shop/public/index.php(8): Framework\Core\Application->repsonse()
#2 {main}
  thrown in /Users/reinierdelaparra/PhpstormProjects/shop/src/Framework/router/Router.php on line 67
[05-Apr-2022 13:09:16 UTC] PHP Fatal error:  Uncaught Error: Call to a member function hasNext() on null in /Users/reinierdelaparra/PhpstormProjects/shop/src/Framework/router/Router.php:67
Stack trace:
#0 /Users/reinierdelaparra/PhpstormProjects/shop/src/Framework/Core/Application.php(25): Framework\Router\Router->resolve(Object(Framework\router\HttpRequest))
#1 /Users/reinierdelaparra/PhpstormProjects/shop/public/index.php(8): Framework\Core\Application->repsonse()
#2 {main}
  thrown in /Users/reinierdelaparra/PhpstormProjects/shop/src/Framework/router/Router.php on line 67
[05-Apr-2022 13:09:16 UTC] PHP Fatal error:  Uncaught Error: Call to a member function hasNext() on null in /Users/reinierdelaparra/PhpstormProjects/shop/src/Framework/router/Router.php:67
Stack trace:
#0 /Users/reinierdelaparra/PhpstormProjects/shop/src/Framework/Core/Application.php(25): Framework\Router\Router->resolve(Object(Framework\router\HttpRequest))
#1 /Users/reinierdelaparra/PhpstormProjects/shop/public/index.php(8): Framework\Core\Application->repsonse()
#2 {main}
  thrown in /Users/reinierdelaparra/PhpstormProjects/shop/src/Framework/router/Router.php on line 67
[05-Apr-2022 13:09:16 UTC] PHP Fatal error:  Uncaught Error: Call to a member function hasNext() on null in /Users/reinierdelaparra/PhpstormProjects/shop/src/Framework/router/Router.php:67
Stack trace:
#0 /Users/reinierdelaparra/PhpstormProjects/shop/src/Framework/Core/Application.php(25): Framework\Router\Router->resolve(Object(Framework\router\HttpRequest))
#1 /Users/reinierdelaparra/PhpstormProjects/shop/public/index.php(8): Framework\Core\Application->repsonse()
#2 {main}
  thrown in /Users/reinierdelaparra/PhpstormProjects/shop/src/Framework/router/Router.php on line 67
[05-Apr-2022 13:09:16 UTC] PHP Fatal error:  Uncaught Error: Call to a member function hasNext() on null in /Users/reinierdelaparra/PhpstormProjects/shop/src/Framework/router/Router.php:67
Stack trace:
#0 /Users/reinierdelaparra/PhpstormProjects/shop/src/Framework/Core/Application.php(25): Framework\Router\Router->resolve(Object(Framework\router\HttpRequest))
#1 /Users/reinierdelaparra/PhpstormProjects/shop/public/index.php(8): Framework\Core\Application->repsonse()
#2 {main}
  thrown in /Users/reinierdelaparra/PhpstormProjects/shop/src/Framework/router/Router.php on line 67
[05-Apr-2022 13:11:16 UTC] PHP Fatal error:  Uncaught Error: Call to a member function hasNext() on null in /Users/reinierdelaparra/PhpstormProjects/shop/src/Framework/router/Router.php:67
Stack trace:
#0 /Users/reinierdelaparra/PhpstormProjects/shop/src/Framework/Core/Application.php(25): Framework\Router\Router->resolve(Object(Framework\router\HttpRequest))
#1 /Users/reinierdelaparra/PhpstormProjects/shop/public/index.php(8): Framework\Core\Application->repsonse()
#2 {main}
  thrown in /Users/reinierdelaparra/PhpstormProjects/shop/src/Framework/router/Router.php on line 67
[05-Apr-2022 13:11:18 UTC] PHP Fatal error:  Uncaught Error: Call to a member function hasNext() on null in /Users/reinierdelaparra/PhpstormProjects/shop/src/Framework/router/Router.php:67
Stack trace:
#0 /Users/reinierdelaparra/PhpstormProjects/shop/src/Framework/Core/Application.php(25): Framework\Router\Router->resolve(Object(Framework\router\HttpRequest))
#1 /Users/reinierdelaparra/PhpstormProjects/shop/public/index.php(8): Framework\Core\Application->repsonse()
#2 {main}
  thrown in /Users/reinierdelaparra/PhpstormProjects/shop/src/Framework/router/Router.php on line 67
[05-Apr-2022 13:11:19 UTC] PHP Fatal error:  Uncaught Error: Call to a member function hasNext() on null in /Users/reinierdelaparra/PhpstormProjects/shop/src/Framework/router/Router.php:67
Stack trace:
#0 /Users/reinierdelaparra/PhpstormProjects/shop/src/Framework/Core/Application.php(25): Framework\Router\Router->resolve(Object(Framework\router\HttpRequest))
#1 /Users/reinierdelaparra/PhpstormProjects/shop/public/index.php(8): Framework\Core\Application->repsonse()
#2 {main}
  thrown in /Users/reinierdelaparra/PhpstormProjects/shop/src/Framework/router/Router.php on line 67
[05-Apr-2022 13:11:19 UTC] PHP Fatal error:  Uncaught Error: Call to a member function hasNext() on null in /Users/reinierdelaparra/PhpstormProjects/shop/src/Framework/router/Router.php:67
Stack trace:
#0 /Users/reinierdelaparra/PhpstormProjects/shop/src/Framework/Core/Application.php(25): Framework\Router\Router->resolve(Object(Framework\router\HttpRequest))
#1 /Users/reinierdelaparra/PhpstormProjects/shop/public/index.php(8): Framework\Core\Application->repsonse()
#2 {main}
  thrown in /Users/reinierdelaparra/PhpstormProjects/shop/src/Framework/router/Router.php on line 67
[05-Apr-2022 13:11:20 UTC] PHP Fatal error:  Uncaught Error: Call to a member function hasNext() on null in /Users/reinierdelaparra/PhpstormProjects/shop/src/Framework/router/Router.php:67
Stack trace:
#0 /Users/reinierdelaparra/PhpstormProjects/shop/src/Framework/Core/Application.php(25): Framework\Router\Router->resolve(Object(Framework\router\HttpRequest))
#1 /Users/reinierdelaparra/PhpstormProjects/shop/public/index.php(8): Framework\Core\Application->repsonse()
#2 {main}
  thrown in /Users/reinierdelaparra/PhpstormProjects/shop/src/Framework/router/Router.php on line 67
[05-Apr-2022 13:11:20 UTC] PHP Fatal error:  Uncaught Error: Call to a member function hasNext() on null in /Users/reinierdelaparra/PhpstormProjects/shop/src/Framework/router/Router.php:67
Stack trace:
#0 /Users/reinierdelaparra/PhpstormProjects/shop/src/Framework/Core/Application.php(25): Framework\Router\Router->resolve(Object(Framework\router\HttpRequest))
#1 /Users/reinierdelaparra/PhpstormProjects/shop/public/index.php(8): Framework\Core\Application->repsonse()
#2 {main}
  thrown in /Users/reinierdelaparra/PhpstormProjects/shop/src/Framework/router/Router.php on line 67
[05-Apr-2022 13:11:21 UTC] PHP Fatal error:  Uncaught Error: Call to a member function hasNext() on null in /Users/reinierdelaparra/PhpstormProjects/shop/src/Framework/router/Router.php:67
Stack trace:
#0 /Users/reinierdelaparra/PhpstormProjects/shop/src/Framework/Core/Application.php(25): Framework\Router\Router->resolve(Object(Framework\router\HttpRequest))
#1 /Users/reinierdelaparra/PhpstormProjects/shop/public/index.php(8): Framework\Core\Application->repsonse()
#2 {main}
  thrown in /Users/reinierdelaparra/PhpstormProjects/shop/src/Framework/router/Router.php on line 67
[05-Apr-2022 13:11:21 UTC] PHP Fatal error:  Uncaught Error: Call to a member function hasNext() on null in /Users/reinierdelaparra/PhpstormProjects/shop/src/Framework/router/Router.php:67
Stack trace:
#0 /Users/reinierdelaparra/PhpstormProjects/shop/src/Framework/Core/Application.php(25): Framework\Router\Router->resolve(Object(Framework\router\HttpRequest))
#1 /Users/reinierdelaparra/PhpstormProjects/shop/public/index.php(8): Framework\Core\Application->repsonse()
#2 {main}
  thrown in /Users/reinierdelaparra/PhpstormProjects/shop/src/Framework/router/Router.php on line 67
[05-Apr-2022 13:11:21 UTC] PHP Fatal error:  Uncaught Error: Call to a member function hasNext() on null in /Users/reinierdelaparra/PhpstormProjects/shop/src/Framework/router/Router.php:67
Stack trace:
#0 /Users/reinierdelaparra/PhpstormProjects/shop/src/Framework/Core/Application.php(25): Framework\Router\Router->resolve(Object(Framework\router\HttpRequest))
#1 /Users/reinierdelaparra/PhpstormProjects/shop/public/index.php(8): Framework\Core\Application->repsonse()
#2 {main}
  thrown in /Users/reinierdelaparra/PhpstormProjects/shop/src/Framework/router/Router.php on line 67
[05-Apr-2022 13:16:18 UTC] PHP Fatal error:  Uncaught Exception: Serialization of 'PDO' is not allowed in [no active file]:0
Stack trace:
#0 {main}
  thrown in [no active file] on line 0
[05-Apr-2022 13:19:00 UTC] PHP Fatal error:  Uncaught Exception: Serialization of 'PDO' is not allowed in [no active file]:0
Stack trace:
#0 {main}
  thrown in [no active file] on line 0
[05-Apr-2022 13:22:42 UTC] PHP Fatal error:  Uncaught Exception: Serialization of 'PDO' is not allowed in [no active file]:0
Stack trace:
#0 {main}
  thrown in [no active file] on line 0
[05-Apr-2022 13:24:14 UTC] PHP Fatal error:  Uncaught Exception: Serialization of 'PDO' is not allowed in [no active file]:0
Stack trace:
#0 {main}
  thrown in [no active file] on line 0
[05-Apr-2022 13:25:12 UTC] PHP Fatal error:  Uncaught Exception: Serialization of 'PDO' is not allowed in [no active file]:0
Stack trace:
#0 {main}
  thrown in [no active file] on line 0
[05-Apr-2022 13:29:22 UTC] PHP Fatal error:  Uncaught Error: Call to a member function hasNext() on null in /Users/reinierdelaparra/PhpstormProjects/shop/src/Framework/router/Router.php:67
Stack trace:
#0 /Users/reinierdelaparra/PhpstormProjects/shop/src/Framework/Core/Application.php(22): Framework\Router\Router->resolve(Object(Framework\router\HttpRequest))
#1 /Users/reinierdelaparra/PhpstormProjects/shop/public/index.php(8): Framework\Core\Application->repsonse()
#2 {main}
  thrown in /Users/reinierdelaparra/PhpstormProjects/shop/src/Framework/router/Router.php on line 67
[05-Apr-2022 13:29:56 UTC] PHP Fatal error:  Uncaught Error: Call to a member function hasNext() on null in /Users/reinierdelaparra/PhpstormProjects/shop/src/Framework/router/Router.php:67
Stack trace:
#0 /Users/reinierdelaparra/PhpstormProjects/shop/src/Framework/Core/Application.php(22): Framework\Router\Router->resolve(Object(Framework\router\HttpRequest))
#1 /Users/reinierdelaparra/PhpstormProjects/shop/public/index.php(8): Framework\Core\Application->repsonse()
#2 {main}
  thrown in /Users/reinierdelaparra/PhpstormProjects/shop/src/Framework/router/Router.php on line 67
[05-Apr-2022 13:29:58 UTC] PHP Fatal error:  Uncaught Error: Call to a member function hasNext() on null in /Users/reinierdelaparra/PhpstormProjects/shop/src/Framework/router/Router.php:67
Stack trace:
#0 /Users/reinierdelaparra/PhpstormProjects/shop/src/Framework/Core/Application.php(22): Framework\Router\Router->resolve(Object(Framework\router\HttpRequest))
#1 /Users/reinierdelaparra/PhpstormProjects/shop/public/index.php(8): Framework\Core\Application->repsonse()
#2 {main}
  thrown in /Users/reinierdelaparra/PhpstormProjects/shop/src/Framework/router/Router.php on line 67
[05-Apr-2022 13:31:46 UTC] PHP Fatal error:  Uncaught Framework\router\exceptions\RouterActionNotFound in /Users/reinierdelaparra/PhpstormProjects/shop/src/Framework/router/Router.php:72
Stack trace:
#0 /Users/reinierdelaparra/PhpstormProjects/shop/src/Framework/Core/Application.php(22): Framework\Router\Router->resolve(Object(Framework\router\HttpRequest))
#1 /Users/reinierdelaparra/PhpstormProjects/shop/public/index.php(8): Framework\Core\Application->repsonse()
#2 {main}
  thrown in /Users/reinierdelaparra/PhpstormProjects/shop/src/Framework/router/Router.php on line 72
[05-Apr-2022 13:34:07 UTC] PHP Fatal error:  Uncaught PDOException: SQLSTATE[23000]: Integrity constraint violation: 1062 Duplicate entry 'test@test.nl' for key 'email' in /Users/reinierdelaparra/PhpstormProjects/shop/src/Framework/database/Entity.php:62
Stack trace:
#0 /Users/reinierdelaparra/PhpstormProjects/shop/src/Framework/database/Entity.php(62): PDOStatement->execute()
#1 /Users/reinierdelaparra/PhpstormProjects/shop/app/Http/Controller/RegisterController.php(21): Framework\database\Entity->save()
#2 [internal function]: App\Http\Controller\RegisterController->create(Object(Framework\router\HttpRequest))
#3 /Users/reinierdelaparra/PhpstormProjects/shop/src/Framework/router/Router.php(69): call_user_func_array(Array, Array)
#4 /Users/reinierdelaparra/PhpstormProjects/shop/src/Framework/Core/Application.php(22): Framework\Router\Router->resolve(Object(Framework\router\HttpRequest))
#5 /Users/reinierdelaparra/PhpstormProjects/shop/public/index.php(8): Framework\Core\Application->repsonse()
#6 {main}
  thrown in /Users/reinierdelaparra/PhpstormProjects/shop/src/Framework/database/Entity.php on line 62
[05-Apr-2022 13:35:22 UTC] PHP Fatal error:  Uncaught Framework\router\exceptions\RouterActionNotFound in /Users/reinierdelaparra/PhpstormProjects/shop/src/Framework/router/Router.php:72
Stack trace:
#0 /Users/reinierdelaparra/PhpstormProjects/shop/src/Framework/Core/Application.php(22): Framework\Router\Router->resolve(Object(Framework\router\HttpRequest))
#1 /Users/reinierdelaparra/PhpstormProjects/shop/public/index.php(8): Framework\Core\Application->repsonse()
#2 {main}
  thrown in /Users/reinierdelaparra/PhpstormProjects/shop/src/Framework/router/Router.php on line 72
[05-Apr-2022 13:36:35 UTC] PHP Fatal error:  Uncaught Framework\router\exceptions\RouterActionNotFound in /Users/reinierdelaparra/PhpstormProjects/shop/src/Framework/router/Router.php:72
Stack trace:
#0 /Users/reinierdelaparra/PhpstormProjects/shop/src/Framework/Core/Application.php(22): Framework\Router\Router->resolve(Object(Framework\router\HttpRequest))
#1 /Users/reinierdelaparra/PhpstormProjects/shop/public/index.php(8): Framework\Core\Application->repsonse()
#2 {main}
  thrown in /Users/reinierdelaparra/PhpstormProjects/shop/src/Framework/router/Router.php on line 72
[05-Apr-2022 14:02:30 UTC] PHP Fatal error:  Uncaught ArgumentCountError: Too few arguments to function Framework\Router\Router::addAttributes(), 1 passed in /Users/reinierdelaparra/PhpstormProjects/shop/src/Framework/router/Router.php on line 83 and exactly 2 expected in /Users/reinierdelaparra/PhpstormProjects/shop/src/Framework/router/Router.php:91
Stack trace:
#0 /Users/reinierdelaparra/PhpstormProjects/shop/src/Framework/router/Router.php(83): Framework\Router\Router->addAttributes(Array)
#1 /Users/reinierdelaparra/PhpstormProjects/shop/src/Framework/router/Router.php(38): Framework\Router\Router->register(Array)
#2 /Users/reinierdelaparra/PhpstormProjects/shop/src/Framework/Core/Application.php(15): Framework\Router\Router->__construct()
#3 /Users/reinierdelaparra/PhpstormProjects/shop/public/index.php(6): Framework\Core\Application->__construct()
#4 {main}
  thrown in /Users/reinierdelaparra/PhpstormProjects/shop/src/Framework/router/Router.php on line 91
[05-Apr-2022 14:13:21 UTC] PHP Fatal error:  Uncaught Framework\router\exceptions\RouterActionNotFound in /Users/reinierdelaparra/PhpstormProjects/shop/src/Framework/router/Router.php:73
Stack trace:
#0 /Users/reinierdelaparra/PhpstormProjects/shop/src/Framework/Core/Application.php(20): Framework\Router\Router->resolve(Object(Framework\router\HttpRequest))
#1 /Users/reinierdelaparra/PhpstormProjects/shop/public/index.php(8): Framework\Core\Application->repsonse()
#2 {main}
  thrown in /Users/reinierdelaparra/PhpstormProjects/shop/src/Framework/router/Router.php on line 73
[06-Apr-2022 07:50:13 UTC] PHP Fatal error:  Uncaught Error: Call to undefined method ReflectionMethod::class() in /Users/reinierdelaparra/PhpstormProjects/shop/src/Framework/router/Router.php:63
Stack trace:
#0 /Users/reinierdelaparra/PhpstormProjects/shop/src/Framework/Core/Application.php(44): Framework\Router\Router->resolve(Object(Framework\router\HttpRequest))
#1 /Users/reinierdelaparra/PhpstormProjects/shop/public/index.php(8): Framework\Core\Application->repsonse()
#2 {main}
  thrown in /Users/reinierdelaparra/PhpstormProjects/shop/src/Framework/router/Router.php on line 63
[06-Apr-2022 07:51:02 UTC] PHP Fatal error:  Uncaught Error: Call to undefined method ReflectionMethod::getClass() in /Users/reinierdelaparra/PhpstormProjects/shop/src/Framework/router/Router.php:63
Stack trace:
#0 /Users/reinierdelaparra/PhpstormProjects/shop/src/Framework/Core/Application.php(44): Framework\Router\Router->resolve(Object(Framework\router\HttpRequest))
#1 /Users/reinierdelaparra/PhpstormProjects/shop/public/index.php(8): Framework\Core\Application->repsonse()
#2 {main}
  thrown in /Users/reinierdelaparra/PhpstormProjects/shop/src/Framework/router/Router.php on line 63
[06-Apr-2022 07:51:48 UTC] PHP Fatal error:  Uncaught Error: Cannot use object of type ReflectionMethod as array in /Users/reinierdelaparra/PhpstormProjects/shop/src/Framework/router/Router.php:63
Stack trace:
#0 /Users/reinierdelaparra/PhpstormProjects/shop/src/Framework/Core/Application.php(44): Framework\Router\Router->resolve(Object(Framework\router\HttpRequest))
#1 /Users/reinierdelaparra/PhpstormProjects/shop/public/index.php(8): Framework\Core\Application->repsonse()
#2 {main}
  thrown in /Users/reinierdelaparra/PhpstormProjects/shop/src/Framework/router/Router.php on line 63
[06-Apr-2022 07:52:18 UTC] PHP Fatal error:  Uncaught Error: Call to a member function getParameters() on null in /Users/reinierdelaparra/PhpstormProjects/shop/src/Framework/Container/Container.php:34
Stack trace:
#0 /Users/reinierdelaparra/PhpstormProjects/shop/src/Framework/Container/Container.php(18): Framework\Container\Container->resolve('App\\Http\\Contro...')
#1 /Users/reinierdelaparra/PhpstormProjects/shop/src/Framework/router/Router.php(63): Framework\Container\Container->get('App\\Http\\Contro...')
#2 /Users/reinierdelaparra/PhpstormProjects/shop/src/Framework/Core/Application.php(44): Framework\Router\Router->resolve(Object(Framework\router\HttpRequest))
#3 /Users/reinierdelaparra/PhpstormProjects/shop/public/index.php(8): Framework\Core\Application->repsonse()
#4 {main}
  thrown in /Users/reinierdelaparra/PhpstormProjects/shop/src/Framework/Container/Container.php on line 34
[06-Apr-2022 07:52:41 UTC] PHP Fatal error:  Uncaught TypeError: call_user_func_array(): Argument #1 ($callback) must be a valid callback, first array member is not a valid class name or object in /Users/reinierdelaparra/PhpstormProjects/shop/src/Framework/router/Router.php:64
Stack trace:
#0 /Users/reinierdelaparra/PhpstormProjects/shop/src/Framework/router/Router.php(64): call_user_func_array(Array, Array)
#1 /Users/reinierdelaparra/PhpstormProjects/shop/src/Framework/Core/Application.php(44): Framework\Router\Router->resolve(Object(Framework\router\HttpRequest))
#2 /Users/reinierdelaparra/PhpstormProjects/shop/public/index.php(8): Framework\Core\Application->repsonse()
#3 {main}
  thrown in /Users/reinierdelaparra/PhpstormProjects/shop/src/Framework/router/Router.php on line 64
[06-Apr-2022 07:55:19 UTC] PHP Fatal error:  Uncaught TypeError: call_user_func_array(): Argument #1 ($callback) must be a valid callback, first array member is not a valid class name or object in /Users/reinierdelaparra/PhpstormProjects/shop/src/Framework/router/Router.php:64
Stack trace:
#0 /Users/reinierdelaparra/PhpstormProjects/shop/src/Framework/router/Router.php(64): call_user_func_array(Array, Array)
#1 /Users/reinierdelaparra/PhpstormProjects/shop/src/Framework/Core/Application.php(44): Framework\Router\Router->resolve(Object(Framework\router\HttpRequest))
#2 /Users/reinierdelaparra/PhpstormProjects/shop/public/index.php(8): Framework\Core\Application->repsonse()
#3 {main}
  thrown in /Users/reinierdelaparra/PhpstormProjects/shop/src/Framework/router/Router.php on line 64
[06-Apr-2022 07:55:46 UTC] PHP Fatal error:  Uncaught TypeError: call_user_func_array(): Argument #1 ($callback) must be a valid callback, first array member is not a valid class name or object in /Users/reinierdelaparra/PhpstormProjects/shop/src/Framework/router/Router.php:65
Stack trace:
#0 /Users/reinierdelaparra/PhpstormProjects/shop/src/Framework/router/Router.php(65): call_user_func_array(Array, Array)
#1 /Users/reinierdelaparra/PhpstormProjects/shop/src/Framework/Core/Application.php(44): Framework\Router\Router->resolve(Object(Framework\router\HttpRequest))
#2 /Users/reinierdelaparra/PhpstormProjects/shop/public/index.php(8): Framework\Core\Application->repsonse()
#3 {main}
  thrown in /Users/reinierdelaparra/PhpstormProjects/shop/src/Framework/router/Router.php on line 65
[06-Apr-2022 07:57:23 UTC] PHP Fatal error:  Uncaught TypeError: call_user_func_array(): Argument #1 ($callback) must be a valid callback, class ReflectionClass does not have a method "index" in /Users/reinierdelaparra/PhpstormProjects/shop/src/Framework/router/Router.php:64
Stack trace:
#0 /Users/reinierdelaparra/PhpstormProjects/shop/src/Framework/router/Router.php(64): call_user_func_array(Array, Array)
#1 /Users/reinierdelaparra/PhpstormProjects/shop/src/Framework/Core/Application.php(44): Framework\Router\Router->resolve(Object(Framework\router\HttpRequest))
#2 /Users/reinierdelaparra/PhpstormProjects/shop/public/index.php(8): Framework\Core\Application->repsonse()
#3 {main}
  thrown in /Users/reinierdelaparra/PhpstormProjects/shop/src/Framework/router/Router.php on line 64
[06-Apr-2022 07:58:48 UTC] PHP Fatal error:  Uncaught TypeError: ReflectionClass::newInstanceArgs(): Argument #1 ($args) must be of type array, null given in /Users/reinierdelaparra/PhpstormProjects/shop/src/Framework/Container/Container.php:40
Stack trace:
#0 /Users/reinierdelaparra/PhpstormProjects/shop/src/Framework/Container/Container.php(40): ReflectionClass->newInstanceArgs(NULL)
#1 /Users/reinierdelaparra/PhpstormProjects/shop/src/Framework/Container/Container.php(18): Framework\Container\Container->resolve('App\\Http\\Contro...')
#2 /Users/reinierdelaparra/PhpstormProjects/shop/src/Framework/router/Router.php(63): Framework\Container\Container->get('App\\Http\\Contro...')
#3 /Users/reinierdelaparra/PhpstormProjects/shop/src/Framework/Core/Application.php(44): Framework\Router\Router->resolve(Object(Framework\router\HttpRequest))
#4 /Users/reinierdelaparra/PhpstormProjects/shop/public/index.php(8): Framework\Core\Application->repsonse()
#5 {main}
  thrown in /Users/reinierdelaparra/PhpstormProjects/shop/src/Framework/Container/Container.php on line 40
[06-Apr-2022 08:03:14 UTC] PHP Fatal error:  Uncaught TypeError: App\Http\Controller\Controller::__construct(): Argument #1 ($view) must be of type Framework\view\View, ReflectionParameter given in /Users/reinierdelaparra/PhpstormProjects/shop/app/Http/Controller/Controller.php:9
Stack trace:
#0 [internal function]: App\Http\Controller\Controller->__construct(Object(ReflectionParameter))
#1 /Users/reinierdelaparra/PhpstormProjects/shop/src/Framework/Container/Container.php(42): ReflectionClass->newInstanceArgs(Array)
#2 /Users/reinierdelaparra/PhpstormProjects/shop/src/Framework/Container/Container.php(18): Framework\Container\Container->resolve('App\\Http\\Contro...')
#3 /Users/reinierdelaparra/PhpstormProjects/shop/src/Framework/router/Router.php(63): Framework\Container\Container->get('App\\Http\\Contro...')
#4 /Users/reinierdelaparra/PhpstormProjects/shop/src/Framework/Core/Application.php(44): Framework\Router\Router->resolve(Object(Framework\router\HttpRequest))
#5 /Users/reinierdelaparra/PhpstormProjects/shop/public/index.php(8): Framework\Core\Application->repsonse()
#6 {main}
  thrown in /Users/reinierdelaparra/PhpstormProjects/shop/app/Http/Controller/Controller.php on line 9
[06-Apr-2022 08:10:53 UTC] PHP Fatal error:  Uncaught ReflectionException: Class "view" does not exist in /Users/reinierdelaparra/PhpstormProjects/shop/src/Framework/Container/Container.php:29
Stack trace:
#0 /Users/reinierdelaparra/PhpstormProjects/shop/src/Framework/Container/Container.php(29): ReflectionClass->__construct('view')
#1 /Users/reinierdelaparra/PhpstormProjects/shop/src/Framework/Container/Container.php(18): Framework\Container\Container->resolve('view')
#2 /Users/reinierdelaparra/PhpstormProjects/shop/src/Framework/Container/Container.php(42): Framework\Container\Container->get('view')
#3 [internal function]: Framework\Container\Container->Framework\Container\{closure}(Object(ReflectionParameter))
#4 /Users/reinierdelaparra/PhpstormProjects/shop/src/Framework/Container/Container.php(37): array_map(Object(Closure), Array)
#5 /Users/reinierdelaparra/PhpstormProjects/shop/src/Framework/Container/Container.php(18): Framework\Container\Container->resolve('App\\Http\\Contro...')
#6 /Users/reinierdelaparra/PhpstormProjects/shop/src/Framework/router/Router.php(63): Framework\Container\Container->get('App\\Http\\Contro...')
#7 /Users/reinierdelaparra/PhpstormProjects/shop/src/Framework/Core/Application.php(44): Framework\Router\Router->resolve(Object(Framework\router\HttpRequest))
#8 /Users/reinierdelaparra/PhpstormProjects/shop/public/index.php(8): Framework\Core\Application->repsonse()
#9 {main}
  thrown in /Users/reinierdelaparra/PhpstormProjects/shop/src/Framework/Container/Container.php on line 29
[06-Apr-2022 08:10:54 UTC] PHP Fatal error:  Uncaught ReflectionException: Class "view" does not exist in /Users/reinierdelaparra/PhpstormProjects/shop/src/Framework/Container/Container.php:29
Stack trace:
#0 /Users/reinierdelaparra/PhpstormProjects/shop/src/Framework/Container/Container.php(29): ReflectionClass->__construct('view')
#1 /Users/reinierdelaparra/PhpstormProjects/shop/src/Framework/Container/Container.php(18): Framework\Container\Container->resolve('view')
#2 /Users/reinierdelaparra/PhpstormProjects/shop/src/Framework/Container/Container.php(42): Framework\Container\Container->get('view')
#3 [internal function]: Framework\Container\Container->Framework\Container\{closure}(Object(ReflectionParameter))
#4 /Users/reinierdelaparra/PhpstormProjects/shop/src/Framework/Container/Container.php(37): array_map(Object(Closure), Array)
#5 /Users/reinierdelaparra/PhpstormProjects/shop/src/Framework/Container/Container.php(18): Framework\Container\Container->resolve('App\\Http\\Contro...')
#6 /Users/reinierdelaparra/PhpstormProjects/shop/src/Framework/router/Router.php(63): Framework\Container\Container->get('App\\Http\\Contro...')
#7 /Users/reinierdelaparra/PhpstormProjects/shop/src/Framework/Core/Application.php(44): Framework\Router\Router->resolve(Object(Framework\router\HttpRequest))
#8 /Users/reinierdelaparra/PhpstormProjects/shop/public/index.php(8): Framework\Core\Application->repsonse()
#9 {main}
  thrown in /Users/reinierdelaparra/PhpstormProjects/shop/src/Framework/Container/Container.php on line 29
[06-Apr-2022 08:11:36 UTC] PHP Fatal error:  Uncaught ReflectionException: Class "view" does not exist in /Users/reinierdelaparra/PhpstormProjects/shop/src/Framework/Container/Container.php:29
Stack trace:
#0 /Users/reinierdelaparra/PhpstormProjects/shop/src/Framework/Container/Container.php(29): ReflectionClass->__construct('view')
#1 /Users/reinierdelaparra/PhpstormProjects/shop/src/Framework/Container/Container.php(18): Framework\Container\Container->resolve('view')
#2 /Users/reinierdelaparra/PhpstormProjects/shop/src/Framework/Container/Container.php(42): Framework\Container\Container->get('view')
#3 [internal function]: Framework\Container\Container->Framework\Container\{closure}(Object(ReflectionParameter))
#4 /Users/reinierdelaparra/PhpstormProjects/shop/src/Framework/Container/Container.php(37): array_map(Object(Closure), Array)
#5 /Users/reinierdelaparra/PhpstormProjects/shop/src/Framework/Container/Container.php(18): Framework\Container\Container->resolve('App\\Http\\Contro...')
#6 /Users/reinierdelaparra/PhpstormProjects/shop/src/Framework/router/Router.php(63): Framework\Container\Container->get('App\\Http\\Contro...')
#7 /Users/reinierdelaparra/PhpstormProjects/shop/src/Framework/Core/Application.php(44): Framework\Router\Router->resolve(Object(Framework\router\HttpRequest))
#8 /Users/reinierdelaparra/PhpstormProjects/shop/public/index.php(8): Framework\Core\Application->repsonse()
#9 {main}
  thrown in /Users/reinierdelaparra/PhpstormProjects/shop/src/Framework/Container/Container.php on line 29
[06-Apr-2022 08:11:47 UTC] PHP Fatal error:  Uncaught ReflectionException: Class "view" does not exist in /Users/reinierdelaparra/PhpstormProjects/shop/src/Framework/Container/Container.php:29
Stack trace:
#0 /Users/reinierdelaparra/PhpstormProjects/shop/src/Framework/Container/Container.php(29): ReflectionClass->__construct('view')
#1 /Users/reinierdelaparra/PhpstormProjects/shop/src/Framework/Container/Container.php(18): Framework\Container\Container->resolve('view')
#2 /Users/reinierdelaparra/PhpstormProjects/shop/src/Framework/Container/Container.php(42): Framework\Container\Container->get('view')
#3 [internal function]: Framework\Container\Container->Framework\Container\{closure}(Object(ReflectionParameter))
#4 /Users/reinierdelaparra/PhpstormProjects/shop/src/Framework/Container/Container.php(37): array_map(Object(Closure), Array)
#5 /Users/reinierdelaparra/PhpstormProjects/shop/src/Framework/Container/Container.php(18): Framework\Container\Container->resolve('App\\Http\\Contro...')
#6 /Users/reinierdelaparra/PhpstormProjects/shop/src/Framework/router/Router.php(63): Framework\Container\Container->get('App\\Http\\Contro...')
#7 /Users/reinierdelaparra/PhpstormProjects/shop/src/Framework/Core/Application.php(44): Framework\Router\Router->resolve(Object(Framework\router\HttpRequest))
#8 /Users/reinierdelaparra/PhpstormProjects/shop/public/index.php(8): Framework\Core\Application->repsonse()
#9 {main}
  thrown in /Users/reinierdelaparra/PhpstormProjects/shop/src/Framework/Container/Container.php on line 29
[06-Apr-2022 08:12:15 UTC] PHP Fatal error:  Uncaught ReflectionException: Class "view" does not exist in /Users/reinierdelaparra/PhpstormProjects/shop/src/Framework/Container/Container.php:29
Stack trace:
#0 /Users/reinierdelaparra/PhpstormProjects/shop/src/Framework/Container/Container.php(29): ReflectionClass->__construct('view')
#1 /Users/reinierdelaparra/PhpstormProjects/shop/src/Framework/Container/Container.php(18): Framework\Container\Container->resolve('view')
#2 /Users/reinierdelaparra/PhpstormProjects/shop/src/Framework/Container/Container.php(42): Framework\Container\Container->get('view')
#3 [internal function]: Framework\Container\Container->Framework\Container\{closure}(Object(ReflectionParameter))
#4 /Users/reinierdelaparra/PhpstormProjects/shop/src/Framework/Container/Container.php(37): array_map(Object(Closure), Array)
#5 /Users/reinierdelaparra/PhpstormProjects/shop/src/Framework/Container/Container.php(18): Framework\Container\Container->resolve('App\\Http\\Contro...')
#6 /Users/reinierdelaparra/PhpstormProjects/shop/src/Framework/router/Router.php(63): Framework\Container\Container->get('App\\Http\\Contro...')
#7 /Users/reinierdelaparra/PhpstormProjects/shop/src/Framework/Core/Application.php(44): Framework\Router\Router->resolve(Object(Framework\router\HttpRequest))
#8 /Users/reinierdelaparra/PhpstormProjects/shop/public/index.php(8): Framework\Core\Application->repsonse()
#9 {main}
  thrown in /Users/reinierdelaparra/PhpstormProjects/shop/src/Framework/Container/Container.php on line 29
[06-Apr-2022 08:12:16 UTC] PHP Fatal error:  Uncaught ReflectionException: Class "view" does not exist in /Users/reinierdelaparra/PhpstormProjects/shop/src/Framework/Container/Container.php:29
Stack trace:
#0 /Users/reinierdelaparra/PhpstormProjects/shop/src/Framework/Container/Container.php(29): ReflectionClass->__construct('view')
#1 /Users/reinierdelaparra/PhpstormProjects/shop/src/Framework/Container/Container.php(18): Framework\Container\Container->resolve('view')
#2 /Users/reinierdelaparra/PhpstormProjects/shop/src/Framework/Container/Container.php(42): Framework\Container\Container->get('view')
#3 [internal function]: Framework\Container\Container->Framework\Container\{closure}(Object(ReflectionParameter))
#4 /Users/reinierdelaparra/PhpstormProjects/shop/src/Framework/Container/Container.php(37): array_map(Object(Closure), Array)
#5 /Users/reinierdelaparra/PhpstormProjects/shop/src/Framework/Container/Container.php(18): Framework\Container\Container->resolve('App\\Http\\Contro...')
#6 /Users/reinierdelaparra/PhpstormProjects/shop/src/Framework/router/Router.php(63): Framework\Container\Container->get('App\\Http\\Contro...')
#7 /Users/reinierdelaparra/PhpstormProjects/shop/src/Framework/Core/Application.php(44): Framework\Router\Router->resolve(Object(Framework\router\HttpRequest))
#8 /Users/reinierdelaparra/PhpstormProjects/shop/public/index.php(8): Framework\Core\Application->repsonse()
#9 {main}
  thrown in /Users/reinierdelaparra/PhpstormProjects/shop/src/Framework/Container/Container.php on line 29
[06-Apr-2022 08:12:16 UTC] PHP Fatal error:  Uncaught ReflectionException: Class "view" does not exist in /Users/reinierdelaparra/PhpstormProjects/shop/src/Framework/Container/Container.php:29
Stack trace:
#0 /Users/reinierdelaparra/PhpstormProjects/shop/src/Framework/Container/Container.php(29): ReflectionClass->__construct('view')
#1 /Users/reinierdelaparra/PhpstormProjects/shop/src/Framework/Container/Container.php(18): Framework\Container\Container->resolve('view')
#2 /Users/reinierdelaparra/PhpstormProjects/shop/src/Framework/Container/Container.php(42): Framework\Container\Container->get('view')
#3 [internal function]: Framework\Container\Container->Framework\Container\{closure}(Object(ReflectionParameter))
#4 /Users/reinierdelaparra/PhpstormProjects/shop/src/Framework/Container/Container.php(37): array_map(Object(Closure), Array)
#5 /Users/reinierdelaparra/PhpstormProjects/shop/src/Framework/Container/Container.php(18): Framework\Container\Container->resolve('App\\Http\\Contro...')
#6 /Users/reinierdelaparra/PhpstormProjects/shop/src/Framework/router/Router.php(63): Framework\Container\Container->get('App\\Http\\Contro...')
#7 /Users/reinierdelaparra/PhpstormProjects/shop/src/Framework/Core/Application.php(44): Framework\Router\Router->resolve(Object(Framework\router\HttpRequest))
#8 /Users/reinierdelaparra/PhpstormProjects/shop/public/index.php(8): Framework\Core\Application->repsonse()
#9 {main}
  thrown in /Users/reinierdelaparra/PhpstormProjects/shop/src/Framework/Container/Container.php on line 29
[06-Apr-2022 08:14:07 UTC] PHP Fatal error:  Uncaught Error: Call to a member function resolve() on null in /Users/reinierdelaparra/PhpstormProjects/shop/app/Http/Controller/CoinController.php:18
Stack trace:
#0 [internal function]: App\Http\Controller\CoinController->index(Object(Framework\router\HttpRequest))
#1 /Users/reinierdelaparra/PhpstormProjects/shop/src/Framework/router/Router.php(64): call_user_func_array(Array, Array)
#2 /Users/reinierdelaparra/PhpstormProjects/shop/src/Framework/Core/Application.php(44): Framework\Router\Router->resolve(Object(Framework\router\HttpRequest))
#3 /Users/reinierdelaparra/PhpstormProjects/shop/public/index.php(8): Framework\Core\Application->repsonse()
#4 {main}
  thrown in /Users/reinierdelaparra/PhpstormProjects/shop/app/Http/Controller/CoinController.php on line 18
[06-Apr-2022 08:14:37 UTC] PHP Fatal error:  Uncaught Error: Call to a member function resolve() on null in /Users/reinierdelaparra/PhpstormProjects/shop/app/Http/Controller/CoinController.php:18
Stack trace:
#0 [internal function]: App\Http\Controller\CoinController->index(Object(Framework\router\HttpRequest))
#1 /Users/reinierdelaparra/PhpstormProjects/shop/src/Framework/router/Router.php(64): call_user_func_array(Array, Array)
#2 /Users/reinierdelaparra/PhpstormProjects/shop/src/Framework/Core/Application.php(44): Framework\Router\Router->resolve(Object(Framework\router\HttpRequest))
#3 /Users/reinierdelaparra/PhpstormProjects/shop/public/index.php(8): Framework\Core\Application->repsonse()
#4 {main}
  thrown in /Users/reinierdelaparra/PhpstormProjects/shop/app/Http/Controller/CoinController.php on line 18
[06-Apr-2022 08:14:38 UTC] PHP Fatal error:  Uncaught Error: Call to a member function resolve() on null in /Users/reinierdelaparra/PhpstormProjects/shop/app/Http/Controller/CoinController.php:18
Stack trace:
#0 [internal function]: App\Http\Controller\CoinController->index(Object(Framework\router\HttpRequest))
#1 /Users/reinierdelaparra/PhpstormProjects/shop/src/Framework/router/Router.php(64): call_user_func_array(Array, Array)
#2 /Users/reinierdelaparra/PhpstormProjects/shop/src/Framework/Core/Application.php(44): Framework\Router\Router->resolve(Object(Framework\router\HttpRequest))
#3 /Users/reinierdelaparra/PhpstormProjects/shop/public/index.php(8): Framework\Core\Application->repsonse()
#4 {main}
  thrown in /Users/reinierdelaparra/PhpstormProjects/shop/app/Http/Controller/CoinController.php on line 18
[06-Apr-2022 08:14:43 UTC] PHP Fatal error:  Uncaught Error: Call to a member function resolve() on null in /Users/reinierdelaparra/PhpstormProjects/shop/app/Http/Controller/CoinController.php:18
Stack trace:
#0 [internal function]: App\Http\Controller\CoinController->index(Object(Framework\router\HttpRequest))
#1 /Users/reinierdelaparra/PhpstormProjects/shop/src/Framework/router/Router.php(64): call_user_func_array(Array, Array)
#2 /Users/reinierdelaparra/PhpstormProjects/shop/src/Framework/Core/Application.php(44): Framework\Router\Router->resolve(Object(Framework\router\HttpRequest))
#3 /Users/reinierdelaparra/PhpstormProjects/shop/public/index.php(8): Framework\Core\Application->repsonse()
#4 {main}
  thrown in /Users/reinierdelaparra/PhpstormProjects/shop/app/Http/Controller/CoinController.php on line 18
[06-Apr-2022 08:15:40 UTC] PHP Fatal error:  Uncaught Error: Call to a member function resolve() on null in /Users/reinierdelaparra/PhpstormProjects/shop/app/Http/Controller/CoinController.php:18
Stack trace:
#0 [internal function]: App\Http\Controller\CoinController->index(Object(Framework\router\HttpRequest))
#1 /Users/reinierdelaparra/PhpstormProjects/shop/src/Framework/router/Router.php(64): call_user_func_array(Array, Array)
#2 /Users/reinierdelaparra/PhpstormProjects/shop/src/Framework/Core/Application.php(44): Framework\Router\Router->resolve(Object(Framework\router\HttpRequest))
#3 /Users/reinierdelaparra/PhpstormProjects/shop/public/index.php(8): Framework\Core\Application->repsonse()
#4 {main}
  thrown in /Users/reinierdelaparra/PhpstormProjects/shop/app/Http/Controller/CoinController.php on line 18
[06-Apr-2022 08:16:46 UTC] PHP Fatal error:  Uncaught Error: Call to a member function resolve() on null in /Users/reinierdelaparra/PhpstormProjects/shop/app/Http/Controller/CoinController.php:18
Stack trace:
#0 [internal function]: App\Http\Controller\CoinController->index(Object(Framework\router\HttpRequest))
#1 /Users/reinierdelaparra/PhpstormProjects/shop/src/Framework/router/Router.php(65): call_user_func_array(Array, Array)
#2 /Users/reinierdelaparra/PhpstormProjects/shop/src/Framework/Core/Application.php(44): Framework\Router\Router->resolve(Object(Framework\router\HttpRequest))
#3 /Users/reinierdelaparra/PhpstormProjects/shop/public/index.php(8): Framework\Core\Application->repsonse()
#4 {main}
  thrown in /Users/reinierdelaparra/PhpstormProjects/shop/app/Http/Controller/CoinController.php on line 18
[06-Apr-2022 08:19:06 UTC] PHP Fatal error:  Uncaught Error: Interface "Psr\Container\ContainerInterface" not found in /Users/reinierdelaparra/PhpstormProjects/shop/src/Framework/Container/Container.php:10
Stack trace:
#0 /Users/reinierdelaparra/PhpstormProjects/shop/vendor/composer/ClassLoader.php(571): include()
#1 /Users/reinierdelaparra/PhpstormProjects/shop/vendor/composer/ClassLoader.php(428): Composer\Autoload\includeFile('/Users/reinierd...')
#2 /Users/reinierdelaparra/PhpstormProjects/shop/src/Framework/Core/Application.php(34): Composer\Autoload\ClassLoader->loadClass('Framework\\Conta...')
#3 /Users/reinierdelaparra/PhpstormProjects/shop/public/index.php(6): Framework\Core\Application->__construct()
#4 {main}
  thrown in /Users/reinierdelaparra/PhpstormProjects/shop/src/Framework/Container/Container.php on line 10
[06-Apr-2022 08:19:53 UTC] PHP Fatal error:  Uncaught Error: Class "Framework\Container\Container" not found in /Users/reinierdelaparra/PhpstormProjects/shop/src/Framework/Core/Application.php:34
Stack trace:
#0 /Users/reinierdelaparra/PhpstormProjects/shop/public/index.php(6): Framework\Core\Application->__construct()
#1 {main}
  thrown in /Users/reinierdelaparra/PhpstormProjects/shop/src/Framework/Core/Application.php on line 34
[06-Apr-2022 08:20:30 UTC] PHP Fatal error:  Uncaught Error: Call to a member function resolve() on null in /Users/reinierdelaparra/PhpstormProjects/shop/app/Http/Controller/CoinController.php:18
Stack trace:
#0 [internal function]: App\Http\Controller\CoinController->index(Object(Framework\router\HttpRequest))
#1 /Users/reinierdelaparra/PhpstormProjects/shop/src/Framework/router/Router.php(65): call_user_func_array(Array, Array)
#2 /Users/reinierdelaparra/PhpstormProjects/shop/src/Framework/Core/Application.php(44): Framework\Router\Router->resolve(Object(Framework\router\HttpRequest))
#3 /Users/reinierdelaparra/PhpstormProjects/shop/public/index.php(8): Framework\Core\Application->repsonse()
#4 {main}
  thrown in /Users/reinierdelaparra/PhpstormProjects/shop/app/Http/Controller/CoinController.php on line 18
[06-Apr-2022 08:22:09 UTC] PHP Fatal error:  Uncaught Error: Call to a member function resolve() on null in /Users/reinierdelaparra/PhpstormProjects/shop/app/Http/Controller/CoinController.php:18
Stack trace:
#0 [internal function]: App\Http\Controller\CoinController->index(Object(Framework\router\HttpRequest))
#1 /Users/reinierdelaparra/PhpstormProjects/shop/src/Framework/router/Router.php(65): call_user_func_array(Array, Array)
#2 /Users/reinierdelaparra/PhpstormProjects/shop/src/Framework/Core/Application.php(44): Framework\Router\Router->resolve(Object(Framework\router\HttpRequest))
#3 /Users/reinierdelaparra/PhpstormProjects/shop/public/index.php(8): Framework\Core\Application->repsonse()
#4 {main}
  thrown in /Users/reinierdelaparra/PhpstormProjects/shop/app/Http/Controller/CoinController.php on line 18
[06-Apr-2022 08:23:54 UTC] PHP Fatal error:  Uncaught Error: Call to a member function resolve() on null in /Users/reinierdelaparra/PhpstormProjects/shop/app/Http/Controller/CoinController.php:18
Stack trace:
#0 [internal function]: App\Http\Controller\CoinController->index(Object(Framework\router\HttpRequest))
#1 /Users/reinierdelaparra/PhpstormProjects/shop/src/Framework/router/Router.php(65): call_user_func_array(Array, Array)
#2 /Users/reinierdelaparra/PhpstormProjects/shop/src/Framework/Core/Application.php(44): Framework\Router\Router->resolve(Object(Framework\router\HttpRequest))
#3 /Users/reinierdelaparra/PhpstormProjects/shop/public/index.php(8): Framework\Core\Application->repsonse()
#4 {main}
  thrown in /Users/reinierdelaparra/PhpstormProjects/shop/app/Http/Controller/CoinController.php on line 18
[06-Apr-2022 08:25:41 UTC] PHP Fatal error:  Uncaught Error: Call to a member function resolve() on null in /Users/reinierdelaparra/PhpstormProjects/shop/app/Http/Controller/CoinController.php:18
Stack trace:
#0 [internal function]: App\Http\Controller\CoinController->index(Object(Framework\router\HttpRequest))
#1 /Users/reinierdelaparra/PhpstormProjects/shop/src/Framework/router/Router.php(65): call_user_func_array(Array, Array)
#2 /Users/reinierdelaparra/PhpstormProjects/shop/src/Framework/Core/Application.php(44): Framework\Router\Router->resolve(Object(Framework\router\HttpRequest))
#3 /Users/reinierdelaparra/PhpstormProjects/shop/public/index.php(8): Framework\Core\Application->repsonse()
#4 {main}
  thrown in /Users/reinierdelaparra/PhpstormProjects/shop/app/Http/Controller/CoinController.php on line 18
[06-Apr-2022 08:25:41 UTC] PHP Fatal error:  Uncaught Error: Call to a member function resolve() on null in /Users/reinierdelaparra/PhpstormProjects/shop/app/Http/Controller/CoinController.php:18
Stack trace:
#0 [internal function]: App\Http\Controller\CoinController->index(Object(Framework\router\HttpRequest))
#1 /Users/reinierdelaparra/PhpstormProjects/shop/src/Framework/router/Router.php(65): call_user_func_array(Array, Array)
#2 /Users/reinierdelaparra/PhpstormProjects/shop/src/Framework/Core/Application.php(44): Framework\Router\Router->resolve(Object(Framework\router\HttpRequest))
#3 /Users/reinierdelaparra/PhpstormProjects/shop/public/index.php(8): Framework\Core\Application->repsonse()
#4 {main}
  thrown in /Users/reinierdelaparra/PhpstormProjects/shop/app/Http/Controller/CoinController.php on line 18
[06-Apr-2022 08:25:42 UTC] PHP Fatal error:  Uncaught Error: Call to a member function resolve() on null in /Users/reinierdelaparra/PhpstormProjects/shop/app/Http/Controller/CoinController.php:18
Stack trace:
#0 [internal function]: App\Http\Controller\CoinController->index(Object(Framework\router\HttpRequest))
#1 /Users/reinierdelaparra/PhpstormProjects/shop/src/Framework/router/Router.php(65): call_user_func_array(Array, Array)
#2 /Users/reinierdelaparra/PhpstormProjects/shop/src/Framework/Core/Application.php(44): Framework\Router\Router->resolve(Object(Framework\router\HttpRequest))
#3 /Users/reinierdelaparra/PhpstormProjects/shop/public/index.php(8): Framework\Core\Application->repsonse()
#4 {main}
  thrown in /Users/reinierdelaparra/PhpstormProjects/shop/app/Http/Controller/CoinController.php on line 18
[06-Apr-2022 08:25:42 UTC] PHP Fatal error:  Uncaught Error: Call to a member function resolve() on null in /Users/reinierdelaparra/PhpstormProjects/shop/app/Http/Controller/CoinController.php:18
Stack trace:
#0 [internal function]: App\Http\Controller\CoinController->index(Object(Framework\router\HttpRequest))
#1 /Users/reinierdelaparra/PhpstormProjects/shop/src/Framework/router/Router.php(65): call_user_func_array(Array, Array)
#2 /Users/reinierdelaparra/PhpstormProjects/shop/src/Framework/Core/Application.php(44): Framework\Router\Router->resolve(Object(Framework\router\HttpRequest))
#3 /Users/reinierdelaparra/PhpstormProjects/shop/public/index.php(8): Framework\Core\Application->repsonse()
#4 {main}
  thrown in /Users/reinierdelaparra/PhpstormProjects/shop/app/Http/Controller/CoinController.php on line 18
[06-Apr-2022 08:25:42 UTC] PHP Fatal error:  Uncaught Error: Call to a member function resolve() on null in /Users/reinierdelaparra/PhpstormProjects/shop/app/Http/Controller/CoinController.php:18
Stack trace:
#0 [internal function]: App\Http\Controller\CoinController->index(Object(Framework\router\HttpRequest))
#1 /Users/reinierdelaparra/PhpstormProjects/shop/src/Framework/router/Router.php(65): call_user_func_array(Array, Array)
#2 /Users/reinierdelaparra/PhpstormProjects/shop/src/Framework/Core/Application.php(44): Framework\Router\Router->resolve(Object(Framework\router\HttpRequest))
#3 /Users/reinierdelaparra/PhpstormProjects/shop/public/index.php(8): Framework\Core\Application->repsonse()
#4 {main}
  thrown in /Users/reinierdelaparra/PhpstormProjects/shop/app/Http/Controller/CoinController.php on line 18
[06-Apr-2022 08:25:42 UTC] PHP Fatal error:  Uncaught Error: Call to a member function resolve() on null in /Users/reinierdelaparra/PhpstormProjects/shop/app/Http/Controller/CoinController.php:18
Stack trace:
#0 [internal function]: App\Http\Controller\CoinController->index(Object(Framework\router\HttpRequest))
#1 /Users/reinierdelaparra/PhpstormProjects/shop/src/Framework/router/Router.php(65): call_user_func_array(Array, Array)
#2 /Users/reinierdelaparra/PhpstormProjects/shop/src/Framework/Core/Application.php(44): Framework\Router\Router->resolve(Object(Framework\router\HttpRequest))
#3 /Users/reinierdelaparra/PhpstormProjects/shop/public/index.php(8): Framework\Core\Application->repsonse()
#4 {main}
  thrown in /Users/reinierdelaparra/PhpstormProjects/shop/app/Http/Controller/CoinController.php on line 18
[06-Apr-2022 08:25:43 UTC] PHP Fatal error:  Uncaught Error: Call to a member function resolve() on null in /Users/reinierdelaparra/PhpstormProjects/shop/app/Http/Controller/CoinController.php:18
Stack trace:
#0 [internal function]: App\Http\Controller\CoinController->index(Object(Framework\router\HttpRequest))
#1 /Users/reinierdelaparra/PhpstormProjects/shop/src/Framework/router/Router.php(65): call_user_func_array(Array, Array)
#2 /Users/reinierdelaparra/PhpstormProjects/shop/src/Framework/Core/Application.php(44): Framework\Router\Router->resolve(Object(Framework\router\HttpRequest))
#3 /Users/reinierdelaparra/PhpstormProjects/shop/public/index.php(8): Framework\Core\Application->repsonse()
#4 {main}
  thrown in /Users/reinierdelaparra/PhpstormProjects/shop/app/Http/Controller/CoinController.php on line 18
[06-Apr-2022 08:26:24 UTC] PHP Fatal error:  Uncaught Error: Call to a member function resolve() on null in /Users/reinierdelaparra/PhpstormProjects/shop/app/Http/Controller/CoinController.php:18
Stack trace:
#0 [internal function]: App\Http\Controller\CoinController->index(Object(Framework\router\HttpRequest))
#1 /Users/reinierdelaparra/PhpstormProjects/shop/src/Framework/router/Router.php(65): call_user_func_array(Array, Array)
#2 /Users/reinierdelaparra/PhpstormProjects/shop/src/Framework/Core/Application.php(44): Framework\Router\Router->resolve(Object(Framework\router\HttpRequest))
#3 /Users/reinierdelaparra/PhpstormProjects/shop/public/index.php(8): Framework\Core\Application->repsonse()
#4 {main}
  thrown in /Users/reinierdelaparra/PhpstormProjects/shop/app/Http/Controller/CoinController.php on line 18
[06-Apr-2022 08:26:25 UTC] PHP Fatal error:  Uncaught Error: Call to a member function resolve() on null in /Users/reinierdelaparra/PhpstormProjects/shop/app/Http/Controller/CoinController.php:18
Stack trace:
#0 [internal function]: App\Http\Controller\CoinController->index(Object(Framework\router\HttpRequest))
#1 /Users/reinierdelaparra/PhpstormProjects/shop/src/Framework/router/Router.php(65): call_user_func_array(Array, Array)
#2 /Users/reinierdelaparra/PhpstormProjects/shop/src/Framework/Core/Application.php(44): Framework\Router\Router->resolve(Object(Framework\router\HttpRequest))
#3 /Users/reinierdelaparra/PhpstormProjects/shop/public/index.php(8): Framework\Core\Application->repsonse()
#4 {main}
  thrown in /Users/reinierdelaparra/PhpstormProjects/shop/app/Http/Controller/CoinController.php on line 18
[06-Apr-2022 08:26:25 UTC] PHP Fatal error:  Uncaught Error: Call to a member function resolve() on null in /Users/reinierdelaparra/PhpstormProjects/shop/app/Http/Controller/CoinController.php:18
Stack trace:
#0 [internal function]: App\Http\Controller\CoinController->index(Object(Framework\router\HttpRequest))
#1 /Users/reinierdelaparra/PhpstormProjects/shop/src/Framework/router/Router.php(65): call_user_func_array(Array, Array)
#2 /Users/reinierdelaparra/PhpstormProjects/shop/src/Framework/Core/Application.php(44): Framework\Router\Router->resolve(Object(Framework\router\HttpRequest))
#3 /Users/reinierdelaparra/PhpstormProjects/shop/public/index.php(8): Framework\Core\Application->repsonse()
#4 {main}
  thrown in /Users/reinierdelaparra/PhpstormProjects/shop/app/Http/Controller/CoinController.php on line 18
[06-Apr-2022 08:26:26 UTC] PHP Fatal error:  Uncaught Error: Call to a member function resolve() on null in /Users/reinierdelaparra/PhpstormProjects/shop/app/Http/Controller/CoinController.php:18
Stack trace:
#0 [internal function]: App\Http\Controller\CoinController->index(Object(Framework\router\HttpRequest))
#1 /Users/reinierdelaparra/PhpstormProjects/shop/src/Framework/router/Router.php(65): call_user_func_array(Array, Array)
#2 /Users/reinierdelaparra/PhpstormProjects/shop/src/Framework/Core/Application.php(44): Framework\Router\Router->resolve(Object(Framework\router\HttpRequest))
#3 /Users/reinierdelaparra/PhpstormProjects/shop/public/index.php(8): Framework\Core\Application->repsonse()
#4 {main}
  thrown in /Users/reinierdelaparra/PhpstormProjects/shop/app/Http/Controller/CoinController.php on line 18
[06-Apr-2022 08:26:36 UTC] PHP Fatal error:  Uncaught Error: Call to a member function resolve() on null in /Users/reinierdelaparra/PhpstormProjects/shop/app/Http/Controller/CoinController.php:18
Stack trace:
#0 [internal function]: App\Http\Controller\CoinController->index(Object(Framework\router\HttpRequest))
#1 /Users/reinierdelaparra/PhpstormProjects/shop/src/Framework/router/Router.php(65): call_user_func_array(Array, Array)
#2 /Users/reinierdelaparra/PhpstormProjects/shop/src/Framework/Core/Application.php(44): Framework\Router\Router->resolve(Object(Framework\router\HttpRequest))
#3 /Users/reinierdelaparra/PhpstormProjects/shop/public/index.php(8): Framework\Core\Application->repsonse()
#4 {main}
  thrown in /Users/reinierdelaparra/PhpstormProjects/shop/app/Http/Controller/CoinController.php on line 18
[06-Apr-2022 08:26:37 UTC] PHP Fatal error:  Uncaught Error: Call to a member function resolve() on null in /Users/reinierdelaparra/PhpstormProjects/shop/app/Http/Controller/CoinController.php:18
Stack trace:
#0 [internal function]: App\Http\Controller\CoinController->index(Object(Framework\router\HttpRequest))
#1 /Users/reinierdelaparra/PhpstormProjects/shop/src/Framework/router/Router.php(65): call_user_func_array(Array, Array)
#2 /Users/reinierdelaparra/PhpstormProjects/shop/src/Framework/Core/Application.php(44): Framework\Router\Router->resolve(Object(Framework\router\HttpRequest))
#3 /Users/reinierdelaparra/PhpstormProjects/shop/public/index.php(8): Framework\Core\Application->repsonse()
#4 {main}
  thrown in /Users/reinierdelaparra/PhpstormProjects/shop/app/Http/Controller/CoinController.php on line 18
[06-Apr-2022 08:26:37 UTC] PHP Fatal error:  Uncaught Error: Call to a member function resolve() on null in /Users/reinierdelaparra/PhpstormProjects/shop/app/Http/Controller/CoinController.php:18
Stack trace:
#0 [internal function]: App\Http\Controller\CoinController->index(Object(Framework\router\HttpRequest))
#1 /Users/reinierdelaparra/PhpstormProjects/shop/src/Framework/router/Router.php(65): call_user_func_array(Array, Array)
#2 /Users/reinierdelaparra/PhpstormProjects/shop/src/Framework/Core/Application.php(44): Framework\Router\Router->resolve(Object(Framework\router\HttpRequest))
#3 /Users/reinierdelaparra/PhpstormProjects/shop/public/index.php(8): Framework\Core\Application->repsonse()
#4 {main}
  thrown in /Users/reinierdelaparra/PhpstormProjects/shop/app/Http/Controller/CoinController.php on line 18
[06-Apr-2022 08:28:13 UTC] PHP Fatal error:  Uncaught Error: Call to a member function resolve() on null in /Users/reinierdelaparra/PhpstormProjects/shop/app/Http/Controller/CoinController.php:18
Stack trace:
#0 [internal function]: App\Http\Controller\CoinController->index(Object(Framework\router\HttpRequest))
#1 /Users/reinierdelaparra/PhpstormProjects/shop/src/Framework/router/Router.php(65): call_user_func_array(Array, Array)
#2 /Users/reinierdelaparra/PhpstormProjects/shop/src/Framework/Core/Application.php(44): Framework\Router\Router->resolve(Object(Framework\router\HttpRequest))
#3 /Users/reinierdelaparra/PhpstormProjects/shop/public/index.php(8): Framework\Core\Application->repsonse()
#4 {main}
  thrown in /Users/reinierdelaparra/PhpstormProjects/shop/app/Http/Controller/CoinController.php on line 18
[06-Apr-2022 08:28:41 UTC] PHP Fatal error:  Uncaught Error: Call to a member function resolve() on null in /Users/reinierdelaparra/PhpstormProjects/shop/app/Http/Controller/CoinController.php:18
Stack trace:
#0 [internal function]: App\Http\Controller\CoinController->index(Object(Framework\router\HttpRequest))
#1 /Users/reinierdelaparra/PhpstormProjects/shop/src/Framework/router/Router.php(65): call_user_func_array(Array, Array)
#2 /Users/reinierdelaparra/PhpstormProjects/shop/src/Framework/Core/Application.php(44): Framework\Router\Router->resolve(Object(Framework\router\HttpRequest))
#3 /Users/reinierdelaparra/PhpstormProjects/shop/public/index.php(8): Framework\Core\Application->repsonse()
#4 {main}
  thrown in /Users/reinierdelaparra/PhpstormProjects/shop/app/Http/Controller/CoinController.php on line 18
[06-Apr-2022 08:28:41 UTC] PHP Fatal error:  Uncaught Error: Call to a member function resolve() on null in /Users/reinierdelaparra/PhpstormProjects/shop/app/Http/Controller/CoinController.php:18
Stack trace:
#0 [internal function]: App\Http\Controller\CoinController->index(Object(Framework\router\HttpRequest))
#1 /Users/reinierdelaparra/PhpstormProjects/shop/src/Framework/router/Router.php(65): call_user_func_array(Array, Array)
#2 /Users/reinierdelaparra/PhpstormProjects/shop/src/Framework/Core/Application.php(44): Framework\Router\Router->resolve(Object(Framework\router\HttpRequest))
#3 /Users/reinierdelaparra/PhpstormProjects/shop/public/index.php(8): Framework\Core\Application->repsonse()
#4 {main}
  thrown in /Users/reinierdelaparra/PhpstormProjects/shop/app/Http/Controller/CoinController.php on line 18
[06-Apr-2022 08:28:42 UTC] PHP Fatal error:  Uncaught Error: Call to a member function resolve() on null in /Users/reinierdelaparra/PhpstormProjects/shop/app/Http/Controller/CoinController.php:18
Stack trace:
#0 [internal function]: App\Http\Controller\CoinController->index(Object(Framework\router\HttpRequest))
#1 /Users/reinierdelaparra/PhpstormProjects/shop/src/Framework/router/Router.php(65): call_user_func_array(Array, Array)
#2 /Users/reinierdelaparra/PhpstormProjects/shop/src/Framework/Core/Application.php(44): Framework\Router\Router->resolve(Object(Framework\router\HttpRequest))
#3 /Users/reinierdelaparra/PhpstormProjects/shop/public/index.php(8): Framework\Core\Application->repsonse()
#4 {main}
  thrown in /Users/reinierdelaparra/PhpstormProjects/shop/app/Http/Controller/CoinController.php on line 18
[06-Apr-2022 08:28:42 UTC] PHP Fatal error:  Uncaught Error: Call to a member function resolve() on null in /Users/reinierdelaparra/PhpstormProjects/shop/app/Http/Controller/CoinController.php:18
Stack trace:
#0 [internal function]: App\Http\Controller\CoinController->index(Object(Framework\router\HttpRequest))
#1 /Users/reinierdelaparra/PhpstormProjects/shop/src/Framework/router/Router.php(65): call_user_func_array(Array, Array)
#2 /Users/reinierdelaparra/PhpstormProjects/shop/src/Framework/Core/Application.php(44): Framework\Router\Router->resolve(Object(Framework\router\HttpRequest))
#3 /Users/reinierdelaparra/PhpstormProjects/shop/public/index.php(8): Framework\Core\Application->repsonse()
#4 {main}
  thrown in /Users/reinierdelaparra/PhpstormProjects/shop/app/Http/Controller/CoinController.php on line 18
[06-Apr-2022 08:30:38 UTC] PHP Fatal error:  Uncaught Error: Call to a member function resolve() on null in /Users/reinierdelaparra/PhpstormProjects/shop/app/Http/Controller/CoinController.php:18
Stack trace:
#0 [internal function]: App\Http\Controller\CoinController->index(Object(Framework\router\HttpRequest))
#1 /Users/reinierdelaparra/PhpstormProjects/shop/src/Framework/router/Router.php(65): call_user_func_array(Array, Array)
#2 /Users/reinierdelaparra/PhpstormProjects/shop/src/Framework/Core/Application.php(44): Framework\Router\Router->resolve(Object(Framework\router\HttpRequest))
#3 /Users/reinierdelaparra/PhpstormProjects/shop/public/index.php(8): Framework\Core\Application->repsonse()
#4 {main}
  thrown in /Users/reinierdelaparra/PhpstormProjects/shop/app/Http/Controller/CoinController.php on line 18
[06-Apr-2022 08:31:11 UTC] PHP Fatal error:  Uncaught Error: Call to a member function resolve() on null in /Users/reinierdelaparra/PhpstormProjects/shop/app/Http/Controller/CoinController.php:18
Stack trace:
#0 [internal function]: App\Http\Controller\CoinController->index(Object(Framework\router\HttpRequest))
#1 /Users/reinierdelaparra/PhpstormProjects/shop/src/Framework/router/Router.php(65): call_user_func_array(Array, Array)
#2 /Users/reinierdelaparra/PhpstormProjects/shop/src/Framework/Core/Application.php(44): Framework\Router\Router->resolve(Object(Framework\router\HttpRequest))
#3 /Users/reinierdelaparra/PhpstormProjects/shop/public/index.php(8): Framework\Core\Application->repsonse()
#4 {main}
  thrown in /Users/reinierdelaparra/PhpstormProjects/shop/app/Http/Controller/CoinController.php on line 18
[06-Apr-2022 08:35:09 UTC] PHP Fatal error:  Uncaught Error: Call to undefined function App\Http\Controller\resolve() in /Users/reinierdelaparra/PhpstormProjects/shop/app/Http/Controller/TransactionController.php:36
Stack trace:
#0 [internal function]: App\Http\Controller\TransactionController->add(Object(Framework\router\HttpRequest))
#1 /Users/reinierdelaparra/PhpstormProjects/shop/src/Framework/router/Router.php(64): call_user_func_array(Array, Array)
#2 /Users/reinierdelaparra/PhpstormProjects/shop/src/Framework/Core/Application.php(44): Framework\Router\Router->resolve(Object(Framework\router\HttpRequest))
#3 /Users/reinierdelaparra/PhpstormProjects/shop/public/index.php(8): Framework\Core\Application->repsonse()
#4 {main}
  thrown in /Users/reinierdelaparra/PhpstormProjects/shop/app/Http/Controller/TransactionController.php on line 36
[06-Apr-2022 08:35:41 UTC] PHP Fatal error:  Uncaught Error: Typed property App\Models\Users::$email must not be accessed before initialization in /Users/reinierdelaparra/PhpstormProjects/shop/src/Framework/database/Entity.php:40
Stack trace:
#0 /Users/reinierdelaparra/PhpstormProjects/shop/app/Http/Controller/RegisterController.php(21): Framework\database\Entity->save()
#1 [internal function]: App\Http\Controller\RegisterController->create(Object(Framework\router\HttpRequest))
#2 /Users/reinierdelaparra/PhpstormProjects/shop/src/Framework/router/Router.php(64): call_user_func_array(Array, Array)
#3 /Users/reinierdelaparra/PhpstormProjects/shop/src/Framework/Core/Application.php(44): Framework\Router\Router->resolve(Object(Framework\router\HttpRequest))
#4 /Users/reinierdelaparra/PhpstormProjects/shop/public/index.php(8): Framework\Core\Application->repsonse()
#5 {main}
  thrown in /Users/reinierdelaparra/PhpstormProjects/shop/src/Framework/database/Entity.php on line 40
[06-Apr-2022 08:36:43 UTC] PHP Fatal error:  Uncaught ArgumentCountError: Too few arguments to function Framework\database\Entity::__construct(), 0 passed and at least 1 expected in /Users/reinierdelaparra/PhpstormProjects/shop/src/Framework/database/Entity.php:10
Stack trace:
#0 [internal function]: Framework\database\Entity->__construct()
#1 /Users/reinierdelaparra/PhpstormProjects/shop/src/Framework/database/Entity.php(101): PDOStatement->fetch()
#2 /Users/reinierdelaparra/PhpstormProjects/shop/src/Framework/Middleware/Attributes/AuthenticateMiddleware.php(15): Framework\database\Entity::findById('6')
#3 /Users/reinierdelaparra/PhpstormProjects/shop/src/Framework/router/Router.php(59): Framework\Middleware\Attributes\AuthenticateMiddleware->handle()
#4 /Users/reinierdelaparra/PhpstormProjects/shop/src/Framework/Core/Application.php(44): Framework\Router\Router->resolve(Object(Framework\router\HttpRequest))
#5 /Users/reinierdelaparra/PhpstormProjects/shop/public/index.php(8): Framework\Core\Application->repsonse()
#6 {main}
  thrown in /Users/reinierdelaparra/PhpstormProjects/shop/src/Framework/database/Entity.php on line 10
[06-Apr-2022 08:37:45 UTC] PHP Fatal error:  Uncaught Error: Call to a member function prepare() on null in /Users/reinierdelaparra/PhpstormProjects/shop/src/Framework/database/Entity.php:54
Stack trace:
#0 /Users/reinierdelaparra/PhpstormProjects/shop/app/Http/Controller/TransactionController.php(42): Framework\database\Entity->save()
#1 [internal function]: App\Http\Controller\TransactionController->addPost(Object(Framework\router\HttpRequest))
#2 /Users/reinierdelaparra/PhpstormProjects/shop/src/Framework/router/Router.php(64): call_user_func_array(Array, Array)
#3 /Users/reinierdelaparra/PhpstormProjects/shop/src/Framework/Core/Application.php(44): Framework\Router\Router->resolve(Object(Framework\router\HttpRequest))
#4 /Users/reinierdelaparra/PhpstormProjects/shop/public/index.php(8): Framework\Core\Application->repsonse()
#5 {main}
  thrown in /Users/reinierdelaparra/PhpstormProjects/shop/src/Framework/database/Entity.php on line 54
[06-Apr-2022 08:40:06 UTC] PHP Fatal error:  Uncaught Framework\router\exceptions\RouterActionNotFound in /Users/reinierdelaparra/PhpstormProjects/shop/src/Framework/router/Router.php:67
Stack trace:
#0 /Users/reinierdelaparra/PhpstormProjects/shop/src/Framework/Core/Application.php(44): Framework\Router\Router->resolve(Object(Framework\router\HttpRequest))
#1 /Users/reinierdelaparra/PhpstormProjects/shop/public/index.php(8): Framework\Core\Application->repsonse()
#2 {main}
  thrown in /Users/reinierdelaparra/PhpstormProjects/shop/src/Framework/router/Router.php on line 67
[06-Apr-2022 08:40:17 UTC] PHP Fatal error:  Uncaught Framework\router\exceptions\RouterActionNotFound in /Users/reinierdelaparra/PhpstormProjects/shop/src/Framework/router/Router.php:67
Stack trace:
#0 /Users/reinierdelaparra/PhpstormProjects/shop/src/Framework/Core/Application.php(44): Framework\Router\Router->resolve(Object(Framework\router\HttpRequest))
#1 /Users/reinierdelaparra/PhpstormProjects/shop/public/index.php(8): Framework\Core\Application->repsonse()
#2 {main}
  thrown in /Users/reinierdelaparra/PhpstormProjects/shop/src/Framework/router/Router.php on line 67
[06-Apr-2022 08:47:35 UTC] PHP Fatal error:  Uncaught ArgumentCountError: Too few arguments to function Framework\Core\Application::__construct(), 0 passed in /Users/reinierdelaparra/PhpstormProjects/shop/public/index.php on line 6 and exactly 1 expected in /Users/reinierdelaparra/PhpstormProjects/shop/src/Framework/Core/Application.php:31
Stack trace:
#0 /Users/reinierdelaparra/PhpstormProjects/shop/public/index.php(6): Framework\Core\Application->__construct()
#1 {main}
  thrown in /Users/reinierdelaparra/PhpstormProjects/shop/src/Framework/Core/Application.php on line 31
[06-Apr-2022 08:48:19 UTC] PHP Fatal error:  Uncaught Framework\router\exceptions\RouterActionNotFound in /Users/reinierdelaparra/PhpstormProjects/shop/src/Framework/router/Router.php:67
Stack trace:
#0 /Users/reinierdelaparra/PhpstormProjects/shop/src/Framework/Core/Application.php(44): Framework\Router\Router->resolve(Object(Framework\router\HttpRequest))
#1 /Users/reinierdelaparra/PhpstormProjects/shop/public/index.php(8): Framework\Core\Application->repsonse()
#2 {main}
  thrown in /Users/reinierdelaparra/PhpstormProjects/shop/src/Framework/router/Router.php on line 67
[06-Apr-2022 08:48:23 UTC] PHP Fatal error:  Uncaught Framework\router\exceptions\RouterActionNotFound in /Users/reinierdelaparra/PhpstormProjects/shop/src/Framework/router/Router.php:67
Stack trace:
#0 /Users/reinierdelaparra/PhpstormProjects/shop/src/Framework/Core/Application.php(44): Framework\Router\Router->resolve(Object(Framework\router\HttpRequest))
#1 /Users/reinierdelaparra/PhpstormProjects/shop/public/index.php(8): Framework\Core\Application->repsonse()
#2 {main}
  thrown in /Users/reinierdelaparra/PhpstormProjects/shop/src/Framework/router/Router.php on line 67
[06-Apr-2022 08:48:34 UTC] PHP Fatal error:  Uncaught Framework\router\exceptions\RouterActionNotFound in /Users/reinierdelaparra/PhpstormProjects/shop/src/Framework/router/Router.php:67
Stack trace:
#0 /Users/reinierdelaparra/PhpstormProjects/shop/src/Framework/Core/Application.php(44): Framework\Router\Router->resolve(Object(Framework\router\HttpRequest))
#1 /Users/reinierdelaparra/PhpstormProjects/shop/public/index.php(8): Framework\Core\Application->repsonse()
#2 {main}
  thrown in /Users/reinierdelaparra/PhpstormProjects/shop/src/Framework/router/Router.php on line 67
[06-Apr-2022 08:48:37 UTC] PHP Fatal error:  Uncaught Framework\router\exceptions\RouterActionNotFound in /Users/reinierdelaparra/PhpstormProjects/shop/src/Framework/router/Router.php:67
Stack trace:
#0 /Users/reinierdelaparra/PhpstormProjects/shop/src/Framework/Core/Application.php(44): Framework\Router\Router->resolve(Object(Framework\router\HttpRequest))
#1 /Users/reinierdelaparra/PhpstormProjects/shop/public/index.php(8): Framework\Core\Application->repsonse()
#2 {main}
  thrown in /Users/reinierdelaparra/PhpstormProjects/shop/src/Framework/router/Router.php on line 67
